device = cuda
5
[0, 45, 6, 35, 30, 29, 31, 22, 25, 19, 13, 32, 39, 52, 58, 48, 20, 3, 53, 17, 40, 2, 50, 61, 34, 1, 4, 23, 60, 12, 14, 16, 51, 27, 63, 10, 44, 15, 26, 47, 54, 7, 56, 37, 8, 24, 57, 21, 55, 43, 59, 33, 41, 49, 46, 9, 5, 11, 18, 42, 28, 38, 62, 36, 0]
best_cost -11205269.0 opt_cost 1374716.0
Avg Gap: -915.0970
0.9331788619517404
534
5
[0, 30, 37, 10, 25, 8, 47, 53, 61, 19, 54, 23, 60, 62, 26, 63, 34, 58, 38, 42, 48, 11, 15, 33, 6, 4, 36, 52, 32, 41, 20, 16, 57, 51, 1, 43, 31, 2, 21, 13, 55, 9, 29, 59, 22, 35, 49, 56, 14, 7, 39, 17, 24, 40, 28, 45, 50, 44, 27, 12, 3, 5, 18, 46, 0]
best_cost -17286177.0 opt_cost 1517714.0
Avg Gap: -1077.0292
0.9241764801582371
550
5
[0, 2, 5, 51, 1, 13, 54, 28, 9, 6, 25, 7, 23, 31, 32, 33, 3, 49, 55, 39, 29, 8, 4, 38, 24, 53, 19, 18, 37, 48, 14, 57, 22, 36, 12, 61, 11, 26, 59, 45, 30, 44, 63, 41, 58, 34, 62, 47, 46, 43, 40, 56, 50, 21, 42, 35, 20, 52, 10, 27, 15, 17, 60, 16, 0]
best_cost -13324460.0 opt_cost 1592212.0
Avg Gap: -1030.3035
0.9223514921911189
578
5
[0, 61, 27, 10, 3, 63, 31, 16, 42, 43, 41, 20, 37, 58, 23, 30, 8, 55, 24, 15, 28, 53, 40, 39, 29, 1, 14, 18, 12, 21, 35, 11, 50, 51, 45, 36, 59, 57, 7, 6, 38, 13, 25, 49, 52, 34, 26, 17, 9, 60, 4, 62, 46, 19, 48, 2, 44, 54, 22, 5, 33, 56, 47, 32, 0]
best_cost -12909013.0 opt_cost 1455889.0
Avg Gap: -1019.3965
0.9197439651064354
548
5
[0, 27, 42, 25, 6, 59, 38, 14, 52, 54, 22, 21, 37, 17, 24, 11, 53, 41, 36, 44, 39, 47, 15, 26, 49, 60, 55, 45, 2, 35, 34, 61, 58, 23, 48, 1, 32, 5, 50, 43, 13, 51, 63, 7, 57, 33, 19, 16, 30, 20, 10, 62, 56, 4, 29, 46, 28, 8, 3, 31, 40, 9, 18, 12, 0]
best_cost -15526190.0 opt_cost 1452335.0
Avg Gap: -1049.3273
0.9207247982524859
564
5
[0, 17, 43, 46, 26, 7, 6, 16, 58, 53, 30, 59, 27, 2, 38, 57, 24, 63, 22, 1, 62, 5, 14, 39, 40, 11, 45, 50, 47, 21, 49, 23, 35, 55, 12, 61, 28, 13, 20, 8, 4, 3, 41, 37, 48, 32, 36, 60, 31, 33, 44, 19, 9, 18, 56, 25, 34, 15, 10, 54, 51, 29, 42, 52, 0]
best_cost -13442925.0 opt_cost 1287028.0
Avg Gap: -1065.1883
0.9253625003964188
568
5
[0, 36, 57, 33, 25, 44, 62, 10, 32, 28, 2, 43, 3, 24, 8, 19, 38, 16, 1, 13, 47, 12, 23, 26, 42, 50, 30, 4, 17, 46, 31, 53, 59, 51, 14, 61, 56, 58, 5, 21, 15, 45, 35, 55, 39, 48, 52, 27, 40, 29, 54, 9, 60, 37, 49, 18, 41, 63, 22, 34, 11, 20, 7, 6, 0]
best_cost -15861441.0 opt_cost 1604491.0
Avg Gap: -1068.5279
0.926123873798688
552
5
[0, 6, 55, 29, 27, 32, 31, 7, 46, 1, 45, 21, 33, 57, 23, 56, 47, 43, 36, 22, 14, 51, 19, 58, 44, 16, 35, 49, 30, 61, 18, 54, 5, 42, 25, 37, 38, 50, 53, 8, 15, 10, 34, 11, 40, 4, 62, 59, 26, 2, 52, 63, 3, 17, 41, 39, 48, 24, 20, 12, 28, 13, 9, 60, 0]
best_cost -15764305.0 opt_cost 1387438.0
Avg Gap: -1089.4890
0.926306539024965
562
5
[0, 44, 43, 49, 47, 35, 4, 5, 51, 1, 13, 29, 25, 40, 55, 36, 58, 54, 10, 21, 52, 37, 9, 17, 56, 22, 26, 14, 18, 12, 31, 46, 7, 60, 27, 53, 20, 59, 15, 50, 41, 11, 45, 8, 57, 48, 32, 24, 28, 6, 62, 33, 30, 38, 16, 61, 2, 63, 42, 34, 19, 39, 23, 3, 0]
best_cost -14403405.0 opt_cost 1369049.0
Avg Gap: -1096.4429
0.9241786817936831
564
5
[0, 53, 19, 57, 13, 44, 26, 62, 28, 41, 46, 52, 5, 47, 61, 11, 31, 60, 40, 51, 33, 21, 7, 34, 36, 24, 18, 25, 16, 43, 54, 27, 39, 48, 63, 4, 2, 56, 35, 22, 49, 1, 58, 6, 23, 9, 17, 10, 37, 29, 42, 12, 59, 50, 32, 3, 55, 15, 8, 20, 14, 30, 45, 38, 0]
best_cost -11199483.0 opt_cost 1547453.0
Avg Gap: -1069.1722
0.9246140454426746
566
5
[0, 48, 30, 52, 50, 24, 2, 51, 39, 40, 29, 12, 26, 63, 10, 47, 62, 49, 32, 53, 20, 1, 16, 60, 43, 33, 27, 58, 11, 42, 14, 22, 59, 25, 38, 13, 28, 9, 19, 35, 23, 36, 44, 6, 45, 7, 34, 55, 31, 21, 37, 54, 3, 61, 46, 5, 17, 18, 4, 8, 41, 57, 15, 56, 0]
best_cost -13191513.0 opt_cost 1678494.0
Avg Gap: -1052.5124
0.92528256256228
570
5
[0, 40, 61, 16, 63, 31, 20, 60, 24, 50, 9, 26, 8, 53, 58, 2, 14, 6, 30, 56, 39, 36, 1, 23, 28, 21, 34, 3, 49, 18, 12, 11, 44, 54, 15, 22, 25, 46, 45, 42, 52, 4, 29, 41, 13, 17, 38, 55, 32, 19, 43, 59, 37, 5, 47, 10, 33, 35, 51, 62, 7, 48, 27, 57, 0]
best_cost -13131598.0 opt_cost 1312296.0
Avg Gap: -1056.5245
0.9241709778345356
562
5
[0, 59, 54, 3, 50, 24, 9, 60, 34, 33, 25, 49, 42, 53, 41, 61, 15, 44, 17, 22, 39, 20, 8, 37, 4, 48, 27, 23, 57, 35, 6, 63, 14, 56, 31, 52, 45, 40, 30, 7, 62, 51, 16, 10, 29, 36, 26, 55, 43, 38, 32, 19, 58, 46, 28, 5, 18, 13, 12, 2, 11, 47, 21, 1, 0]
best_cost -10135811.0 opt_cost 1236236.0
Avg Gap: -1046.0144
0.9223184401810892
576
5
[0, 6, 3, 63, 4, 54, 26, 20, 23, 58, 51, 19, 57, 16, 42, 45, 25, 34, 21, 32, 44, 7, 49, 8, 61, 33, 9, 38, 50, 41, 24, 2, 1, 10, 43, 17, 30, 14, 53, 56, 55, 62, 18, 46, 15, 40, 27, 28, 48, 39, 31, 52, 5, 13, 29, 12, 35, 47, 60, 22, 11, 36, 59, 37, 0]
best_cost -13240843.0 opt_cost 1643450.0
Avg Gap: -1035.9901
0.9225367326634376
568
5
[0, 57, 8, 27, 45, 40, 18, 62, 48, 60, 6, 44, 50, 19, 2, 30, 46, 38, 51, 53, 9, 56, 4, 21, 52, 35, 11, 3, 32, 15, 14, 7, 1, 33, 23, 34, 29, 26, 42, 37, 49, 39, 55, 54, 20, 63, 12, 13, 24, 47, 28, 61, 16, 58, 10, 25, 43, 22, 17, 5, 59, 41, 36, 31, 0]
best_cost -17582809.0 opt_cost 1876182.0
Avg Gap: -1036.0680
0.9237222557238398
558
5
[0, 51, 27, 16, 55, 46, 17, 62, 32, 43, 29, 53, 44, 48, 40, 50, 24, 10, 19, 58, 35, 15, 38, 8, 31, 49, 25, 42, 5, 45, 52, 54, 12, 4, 18, 14, 7, 20, 39, 3, 9, 56, 47, 61, 30, 2, 33, 28, 23, 59, 1, 37, 26, 60, 11, 63, 34, 22, 6, 57, 41, 13, 21, 36, 0]
best_cost -14104671.0 opt_cost 1390176.0
Avg Gap: -1040.9760
0.9243447015505503
566
5
[0, 15, 1, 34, 11, 54, 33, 12, 52, 29, 32, 38, 36, 47, 6, 5, 62, 25, 57, 8, 17, 31, 63, 4, 18, 30, 49, 2, 50, 19, 35, 22, 41, 21, 7, 43, 44, 56, 51, 60, 3, 48, 14, 10, 39, 9, 55, 13, 26, 45, 59, 58, 16, 23, 46, 27, 40, 20, 24, 28, 42, 61, 53, 37, 0]
best_cost -14017010.0 opt_cost 1689345.0
Avg Gap: -1034.4321
0.92262507549464
564
5
[0, 15, 38, 52, 23, 10, 18, 47, 50, 28, 40, 37, 49, 58, 6, 46, 20, 48, 63, 53, 14, 39, 62, 55, 34, 45, 29, 26, 60, 57, 43, 21, 25, 2, 11, 61, 1, 51, 7, 31, 42, 3, 56, 41, 5, 27, 17, 24, 33, 35, 54, 36, 44, 19, 9, 32, 22, 4, 30, 12, 8, 13, 59, 16, 0]
best_cost -10456433.0 opt_cost 1417802.0
Avg Gap: -1023.4920
0.9229790771549194
578
5
[0, 28, 44, 23, 24, 31, 37, 6, 45, 7, 20, 58, 32, 12, 59, 46, 2, 3, 48, 51, 62, 29, 60, 8, 18, 34, 54, 42, 38, 22, 19, 21, 40, 11, 52, 30, 1, 13, 57, 50, 47, 26, 49, 27, 35, 39, 55, 5, 15, 14, 4, 36, 56, 63, 10, 16, 33, 17, 9, 61, 25, 43, 41, 53, 0]
best_cost -15576655.0 opt_cost 1659153.0
Avg Gap: -1024.2994
0.9213328480926765
560
5
[0, 63, 32, 44, 13, 36, 55, 51, 31, 19, 15, 3, 40, 35, 2, 43, 26, 30, 59, 58, 53, 12, 49, 61, 9, 21, 11, 6, 38, 22, 27, 28, 62, 14, 54, 42, 29, 33, 20, 60, 48, 56, 8, 47, 57, 24, 17, 52, 46, 37, 23, 25, 4, 34, 41, 45, 50, 18, 1, 7, 39, 16, 5, 10, 0]
best_cost -18209033.0 opt_cost 1604562.0
Avg Gap: -1034.8259
0.9213152366350796
580
