device = cuda
  0%|          | 0/10 [00:00<?, ?it/s]  0%|          | 0/10 [00:08<?, ?it/s]
Traceback (most recent call last):
  File "/project/p_gnn001/code/tsp/tsp/train2.py", line 333, in <module>
    main()
  File "/project/p_gnn001/code/tsp/tsp/train2.py", line 326, in main
    val_loss = run(args)
               ^^^^^^^^^
  File "/project/p_gnn001/code/tsp/tsp/train2.py", line 217, in run
    epoch_loss = train(model, train_loader, args.target, criterion, optimizer, device)
                 ^^^^^^^^^^^^^^^^^^^^^^^^^^^^^^^^^^^^^^^^^^^^^^^^^^^^^^^^^^^^^^^^^^^^^
  File "/project/p_gnn001/code/tsp/tsp/train2.py", line 50, in train
    y_pred = model(batch, x)
             ^^^^^^^^^^^^^^^
  File "/home/p_gnngw/miniconda3/envs/cuda118/lib/python3.12/site-packages/torch/nn/modules/module.py", line 1511, in _wrapped_call_impl
    return self._call_impl(*args, **kwargs)
           ^^^^^^^^^^^^^^^^^^^^^^^^^^^^^^^^
  File "/home/p_gnngw/miniconda3/envs/cuda118/lib/python3.12/site-packages/torch/nn/modules/module.py", line 1520, in _call_impl
    return forward_call(*args, **kwargs)
           ^^^^^^^^^^^^^^^^^^^^^^^^^^^^^
  File "/project/p_gnn001/code/tsp/tsp/gnngls/models.py", line 276, in forward
    for key in list(h1.keys()):
                    ^^^^^^^
AttributeError: 'Tensor' object has no attribute 'keys'
