/home/p_gnngw/miniconda3/envs/cuda118/lib/python3.12/site-packages/torch/nn/init.py:452: UserWarning: Initializing zero-element tensors is a no-op
  warnings.warn("Initializing zero-element tensors is a no-op")
device = cuda
Traceback (most recent call last):
  File "/project/p_gnn001/code/tsp/tsp/train2.py", line 333, in <module>
    main()
  File "/project/p_gnn001/code/tsp/tsp/train2.py", line 326, in main
    val_loss = run(args)
               ^^^^^^^^^
  File "/project/p_gnn001/code/tsp/tsp/train2.py", line 178, in run
    model = models.RGCN3(
            ^^^^^^^^^^^^^
  File "/project/p_gnn001/code/tsp/tsp/gnngls/models.py", line 257, in __init__
    rel: dgl.nn.GATConv(hid_feats, hid_feats // n_heads, n_heads)
         ^^^^^^^^^^^^^^^^^^^^^^^^^^^^^^^^^^^^^^^^^^^^^^^^^^^^^^^^
  File "/home/p_gnngw/miniconda3/envs/cuda118/lib/python3.12/site-packages/dgl/nn/pytorch/conv/gatconv.py", line 195, in __init__
    self.reset_parameters()
  File "/home/p_gnngw/miniconda3/envs/cuda118/lib/python3.12/site-packages/dgl/nn/pytorch/conv/gatconv.py", line 216, in reset_parameters
    nn.init.xavier_normal_(self.attn_l, gain=gain)
  File "/home/p_gnngw/miniconda3/envs/cuda118/lib/python3.12/site-packages/torch/nn/init.py", line 391, in xavier_normal_
    std = gain * math.sqrt(2.0 / float(fan_in + fan_out))
                           ~~~~^~~~~~~~~~~~~~~~~~~~~~~~~
ZeroDivisionError: float division by zero
