tensor(indices=tensor([[8, 8, 9, 6, 6, 5, 7, 2, 3, 6, 3, 7, 7, 5, 4, 9, 6, 2, 2,
                        5],
                       [2, 5, 6, 1, 3, 9, 2, 0, 0, 4, 1, 7, 6, 1, 6, 4, 3, 7, 8,
                        9]]),
       values=tensor([1., 1., 1., 1., 1., 1., 1., 1., 1., 1., 1., 1., 1., 1.,
                      1., 1., 1., 1., 1., 1.]),
       size=(10, 10), nnz=20, layout=torch.sparse_coo)
Traceback (most recent call last):
  File "/project/p_gnn001/code/tsp/tsp/models_test.py", line 124, in <module>
    output = model(adjs, inputs)
             ^^^^^^^^^^^^^^^^^^^
  File "/home/p_gnngw/miniconda3/envs/cuda118/lib/python3.12/site-packages/torch/nn/modules/module.py", line 1511, in _wrapped_call_impl
    return self._call_impl(*args, **kwargs)
           ^^^^^^^^^^^^^^^^^^^^^^^^^^^^^^^^
  File "/home/p_gnngw/miniconda3/envs/cuda118/lib/python3.12/site-packages/torch/nn/modules/module.py", line 1520, in _call_impl
    return forward_call(*args, **kwargs)
           ^^^^^^^^^^^^^^^^^^^^^^^^^^^^^
  File "/project/p_gnn001/code/tsp/tsp/models_test.py", line 94, in forward
    h_rel = self.gnn_layers[layer_idx][rel](adj, h)
            ^^^^^^^^^^^^^^^^^^^^^^^^^^^^^^^^^^^^^^^
  File "/home/p_gnngw/miniconda3/envs/cuda118/lib/python3.12/site-packages/torch/nn/modules/module.py", line 1511, in _wrapped_call_impl
    return self._call_impl(*args, **kwargs)
           ^^^^^^^^^^^^^^^^^^^^^^^^^^^^^^^^
  File "/home/p_gnngw/miniconda3/envs/cuda118/lib/python3.12/site-packages/torch/nn/modules/module.py", line 1520, in _call_impl
    return forward_call(*args, **kwargs)
           ^^^^^^^^^^^^^^^^^^^^^^^^^^^^^
  File "/project/p_gnn001/code/tsp/tsp/models_test.py", line 66, in forward
    attention = torch.sparse_coo_tensor(indices, e, adj.size())
                ^^^^^^^^^^^^^^^^^^^^^^^^^^^^^^^^^^^^^^^^^^^^^^^
RuntimeError: indices and values must have same nnz, but got nnz from indices: 20, nnz from values: 1280
