device = cuda
  0%|          | 0/10 [00:00<?, ?it/s]  0%|          | 0/10 [00:04<?, ?it/s]
tensor([[0.0559],
        [0.1688],
        [0.1974],
        ...,
        [0.3472],
        [0.2033],
        [0.1410]], device='cuda:0')
Traceback (most recent call last):
  File "/project/p_gnn001/code/tsp/tsp/train2.py", line 328, in <module>
    main()
  File "/project/p_gnn001/code/tsp/tsp/train2.py", line 321, in main
    val_loss = run(args)
               ^^^^^^^^^
  File "/project/p_gnn001/code/tsp/tsp/train2.py", line 213, in run
    epoch_loss = train(model, train_loader, args.target, criterion, optimizer, device)
                 ^^^^^^^^^^^^^^^^^^^^^^^^^^^^^^^^^^^^^^^^^^^^^^^^^^^^^^^^^^^^^^^^^^^^^
  File "/project/p_gnn001/code/tsp/tsp/train2.py", line 50, in train
    y_pred = model(batch, x)
             ^^^^^^^^^^^^^^^
  File "/home/p_gnngw/miniconda3/envs/cuda118/lib/python3.12/site-packages/torch/nn/modules/module.py", line 1511, in _wrapped_call_impl
    return self._call_impl(*args, **kwargs)
           ^^^^^^^^^^^^^^^^^^^^^^^^^^^^^^^^
  File "/home/p_gnngw/miniconda3/envs/cuda118/lib/python3.12/site-packages/torch/nn/modules/module.py", line 1520, in _call_impl
    return forward_call(*args, **kwargs)
           ^^^^^^^^^^^^^^^^^^^^^^^^^^^^^
  File "/project/p_gnn001/code/tsp/tsp/gnngls/models.py", line 114, in forward
    h = self.conv1(graph, inputs)
        ^^^^^^^^^^^^^^^^^^^^^^^^^
  File "/home/p_gnngw/miniconda3/envs/cuda118/lib/python3.12/site-packages/torch/nn/modules/module.py", line 1511, in _wrapped_call_impl
    return self._call_impl(*args, **kwargs)
           ^^^^^^^^^^^^^^^^^^^^^^^^^^^^^^^^
  File "/home/p_gnngw/miniconda3/envs/cuda118/lib/python3.12/site-packages/torch/nn/modules/module.py", line 1520, in _call_impl
    return forward_call(*args, **kwargs)
           ^^^^^^^^^^^^^^^^^^^^^^^^^^^^^
  File "/home/p_gnngw/miniconda3/envs/cuda118/lib/python3.12/site-packages/dgl/nn/pytorch/hetero.py", line 208, in forward
    if stype not in inputs:
       ^^^^^^^^^^^^^^^^^^^
  File "/home/p_gnngw/miniconda3/envs/cuda118/lib/python3.12/site-packages/torch/_tensor.py", line 1093, in __contains__
    raise RuntimeError(
RuntimeError: Tensor.__contains__ only supports Tensor or scalar, but you passed in a <class 'str'>.
