/project/p_gnn001/code/tsp/tsp/test.py:140: FutureWarning: attr_matrix will return an numpy.ndarray instead of a numpy.matrix in NetworkX 3.0.
  edge_weight, _ = nx.attr_matrix(G, 'weight')
/project/p_gnn001/code/tsp/tsp/test.py:140: FutureWarning: attr_matrix will return an numpy.ndarray instead of a numpy.matrix in NetworkX 3.0.
  edge_weight, _ = nx.attr_matrix(G, 'weight')
/project/p_gnn001/code/tsp/tsp/test.py:140: FutureWarning: attr_matrix will return an numpy.ndarray instead of a numpy.matrix in NetworkX 3.0.
  edge_weight, _ = nx.attr_matrix(G, 'weight')
/project/p_gnn001/code/tsp/tsp/test.py:140: FutureWarning: attr_matrix will return an numpy.ndarray instead of a numpy.matrix in NetworkX 3.0.
  edge_weight, _ = nx.attr_matrix(G, 'weight')
/project/p_gnn001/code/tsp/tsp/test.py:140: FutureWarning: attr_matrix will return an numpy.ndarray instead of a numpy.matrix in NetworkX 3.0.
  edge_weight, _ = nx.attr_matrix(G, 'weight')
/project/p_gnn001/code/tsp/tsp/test.py:140: FutureWarning: attr_matrix will return an numpy.ndarray instead of a numpy.matrix in NetworkX 3.0.
  edge_weight, _ = nx.attr_matrix(G, 'weight')
/project/p_gnn001/code/tsp/tsp/test.py:140: FutureWarning: attr_matrix will return an numpy.ndarray instead of a numpy.matrix in NetworkX 3.0.
  edge_weight, _ = nx.attr_matrix(G, 'weight')
/project/p_gnn001/code/tsp/tsp/test.py:140: FutureWarning: attr_matrix will return an numpy.ndarray instead of a numpy.matrix in NetworkX 3.0.
  edge_weight, _ = nx.attr_matrix(G, 'weight')
/project/p_gnn001/code/tsp/tsp/test.py:140: FutureWarning: attr_matrix will return an numpy.ndarray instead of a numpy.matrix in NetworkX 3.0.
  edge_weight, _ = nx.attr_matrix(G, 'weight')
/project/p_gnn001/code/tsp/tsp/test.py:140: FutureWarning: attr_matrix will return an numpy.ndarray instead of a numpy.matrix in NetworkX 3.0.
  edge_weight, _ = nx.attr_matrix(G, 'weight')
/project/p_gnn001/code/tsp/tsp/test.py:140: FutureWarning: attr_matrix will return an numpy.ndarray instead of a numpy.matrix in NetworkX 3.0.
  edge_weight, _ = nx.attr_matrix(G, 'weight')
/project/p_gnn001/code/tsp/tsp/test.py:140: FutureWarning: attr_matrix will return an numpy.ndarray instead of a numpy.matrix in NetworkX 3.0.
  edge_weight, _ = nx.attr_matrix(G, 'weight')
/project/p_gnn001/code/tsp/tsp/test.py:140: FutureWarning: attr_matrix will return an numpy.ndarray instead of a numpy.matrix in NetworkX 3.0.
  edge_weight, _ = nx.attr_matrix(G, 'weight')
/project/p_gnn001/code/tsp/tsp/test.py:140: FutureWarning: attr_matrix will return an numpy.ndarray instead of a numpy.matrix in NetworkX 3.0.
  edge_weight, _ = nx.attr_matrix(G, 'weight')
/project/p_gnn001/code/tsp/tsp/test.py:140: FutureWarning: attr_matrix will return an numpy.ndarray instead of a numpy.matrix in NetworkX 3.0.
  edge_weight, _ = nx.attr_matrix(G, 'weight')
/project/p_gnn001/code/tsp/tsp/test.py:140: FutureWarning: attr_matrix will return an numpy.ndarray instead of a numpy.matrix in NetworkX 3.0.
  edge_weight, _ = nx.attr_matrix(G, 'weight')
/project/p_gnn001/code/tsp/tsp/test.py:140: FutureWarning: attr_matrix will return an numpy.ndarray instead of a numpy.matrix in NetworkX 3.0.
  edge_weight, _ = nx.attr_matrix(G, 'weight')
/project/p_gnn001/code/tsp/tsp/test.py:140: FutureWarning: attr_matrix will return an numpy.ndarray instead of a numpy.matrix in NetworkX 3.0.
  edge_weight, _ = nx.attr_matrix(G, 'weight')
/project/p_gnn001/code/tsp/tsp/test.py:140: FutureWarning: attr_matrix will return an numpy.ndarray instead of a numpy.matrix in NetworkX 3.0.
  edge_weight, _ = nx.attr_matrix(G, 'weight')
/project/p_gnn001/code/tsp/tsp/test.py:140: FutureWarning: attr_matrix will return an numpy.ndarray instead of a numpy.matrix in NetworkX 3.0.
  edge_weight, _ = nx.attr_matrix(G, 'weight')
device = cuda
['ss', 'st', 'ts', 'tt', 'pp']
5
0.9331788619517404
5
0.9241764801582371
5
0.9223514921911189
5
0.9197439651064354
5
0.9207247982524859
5
0.9253625003964188
5
0.926123873798688
5
0.926306539024965
5
0.9241786817936831
5
0.9246140454426746
5
0.92528256256228
5
0.9241709778345356
5
0.9223184401810892
5
0.9225367326634376
5
0.9237222557238398
5
0.9243447015505503
5
0.92262507549464
5
0.9229790771549194
5
0.9213328480926765
5
0.9213152366350796
