Traceback (most recent call last):
  File "/project/p_gnn001/code/tsp/tsp/train2.py", line 322, in <module>
    main()
  File "/project/p_gnn001/code/tsp/tsp/train2.py", line 315, in main
    val_loss = run(args)
               ^^^^^^^^^
  File "/project/p_gnn001/code/tsp/tsp/train2.py", line 158, in run
    train_set = datasets.TSPDataset(args.data_dir / 'train.txt')
                ^^^^^^^^^^^^^^^^^^^^^^^^^^^^^^^^^^^^^^^^^^^^^^^^
  File "/project/p_gnn001/code/tsp/tsp/gnngls/datasets.py", line 164, in __init__
    directed_string_graph(G)
  File "/project/p_gnn001/code/tsp/tsp/gnngls/datasets.py", line 64, in directed_string_graph
    G2 = dgl.heterograph({})
         ^^^^^^^^^^^^^^^^^^^
  File "/home/p_gnngw/miniconda3/envs/cuda118/lib/python3.12/site-packages/dgl/convert.py", line 381, in heterograph
    hgidx = heterograph_index.create_heterograph_from_relations(
            ^^^^^^^^^^^^^^^^^^^^^^^^^^^^^^^^^^^^^^^^^^^^^^^^^^^^
  File "/home/p_gnngw/miniconda3/envs/cuda118/lib/python3.12/site-packages/dgl/heterograph_index.py", line 1374, in create_heterograph_from_relations
    return _CAPI_DGLHeteroCreateHeteroGraphWithNumNodes(
           ^^^^^^^^^^^^^^^^^^^^^^^^^^^^^^^^^^^^^^^^^^^^^
  File "dgl/_ffi/_cython/./function.pxi", line 295, in dgl._ffi._cy3.core.FunctionBase.__call__
  File "dgl/_ffi/_cython/./function.pxi", line 227, in dgl._ffi._cy3.core.FuncCall
  File "dgl/_ffi/_cython/./function.pxi", line 217, in dgl._ffi._cy3.core.FuncCall3
dgl._ffi.base.DGLError: [03:50:59] /opt/dgl/src/graph/heterograph.cc:125: Check failed: !rel_graphs.empty(): Empty heterograph is not allowed.
Stack trace:
  [bt] (0) /home/p_gnngw/miniconda3/envs/cuda118/lib/python3.12/site-packages/dgl/libdgl.so(+0x878921) [0x7f11aebc5921]
  [bt] (1) /home/p_gnngw/miniconda3/envs/cuda118/lib/python3.12/site-packages/dgl/libdgl.so(dgl::HeteroGraph::HeteroGraph(std::shared_ptr<dgl::GraphInterface>, std::vector<std::shared_ptr<dgl::BaseHeteroGraph>, std::allocator<std::shared_ptr<dgl::BaseHeteroGraph> > > const&, std::vector<long, std::allocator<long> > const&)+0x971) [0x7f11aebc6731]
  [bt] (2) /home/p_gnngw/miniconda3/envs/cuda118/lib/python3.12/site-packages/dgl/libdgl.so(dgl::CreateHeteroGraph(std::shared_ptr<dgl::GraphInterface>, std::vector<std::shared_ptr<dgl::BaseHeteroGraph>, std::allocator<std::shared_ptr<dgl::BaseHeteroGraph> > > const&, std::vector<long, std::allocator<long> > const&)+0x59) [0x7f11aeb9f259]
  [bt] (3) /home/p_gnngw/miniconda3/envs/cuda118/lib/python3.12/site-packages/dgl/libdgl.so(+0x88fee2) [0x7f11aebdcee2]
  [bt] (4) /home/p_gnngw/miniconda3/envs/cuda118/lib/python3.12/site-packages/dgl/libdgl.so(DGLFuncCall+0x4c) [0x7f11aeb7268c]
  [bt] (5) /home/p_gnngw/miniconda3/envs/cuda118/lib/python3.12/site-packages/dgl/_ffi/_cy3/core.cpython-312-x86_64-linux-gnu.so(+0x19f42) [0x7f11ae134f42]
  [bt] (6) /home/p_gnngw/miniconda3/envs/cuda118/lib/python3.12/site-packages/dgl/_ffi/_cy3/core.cpython-312-x86_64-linux-gnu.so(+0x1a6c4) [0x7f11ae1356c4]
  [bt] (7) python(_PyObject_MakeTpCall+0x2fb) [0x520d4b]
  [bt] (8) python(_PyEval_EvalFrameDefault+0x57c) [0x52d15c]


