device = cuda
  0%|          | 0/10 [00:00<?, ?it/s]  0%|          | 0/10 [01:48<?, ?it/s, Train Loss=0.0145, Validation Loss=0.0056, correlation : =0.5734, cosin correlation : =0.9520, gap : =247.0487] 10%|█         | 1/10 [01:48<16:13, 108.22s/it, Train Loss=0.0145, Validation Loss=0.0056, correlation : =0.5734, cosin correlation : =0.9520, gap : =247.0487][[ 0  1]
 [ 0  2]
 [ 0  3]
 ...
 [63 60]
 [63 61]
 [63 62]]
[[ 0  1]
 [ 0  2]
 [ 0  3]
 ...
 [63 60]
 [63 61]
 [63 62]]
[[ 0  1]
 [ 0  2]
 [ 0  3]
 ...
 [63 60]
 [63 61]
 [63 62]]
[[ 0  1]
 [ 0  2]
 [ 0  3]
 ...
 [63 60]
 [63 61]
 [63 62]]
[[ 0  1]
 [ 0  2]
 [ 0  3]
 ...
 [63 60]
 [63 61]
 [63 62]]
[[ 0  1]
 [ 0  2]
 [ 0  3]
 ...
 [63 60]
 [63 61]
 [63 62]]
[[ 0  1]
 [ 0  2]
 [ 0  3]
 ...
 [63 60]
 [63 61]
 [63 62]]
[[ 0  1]
 [ 0  2]
 [ 0  3]
 ...
 [63 60]
 [63 61]
 [63 62]]
[[ 0  1]
 [ 0  2]
 [ 0  3]
 ...
 [63 60]
 [63 61]
 [63 62]]
[[ 0  1]
 [ 0  2]
 [ 0  3]
 ...
 [63 60]
 [63 61]
 [63 62]]
[[ 0  1]
 [ 0  2]
 [ 0  3]
 ...
 [63 60]
 [63 61]
 [63 62]]
[[ 0  1]
 [ 0  2]
 [ 0  3]
 ...
 [63 60]
 [63 61]
 [63 62]]
[[ 0  1]
 [ 0  2]
 [ 0  3]
 ...
 [63 60]
 [63 61]
 [63 62]]
[[ 0  1]
 [ 0  2]
 [ 0  3]
 ...
 [63 60]
 [63 61]
 [63 62]]
[[ 0  1]
 [ 0  2]
 [ 0  3]
 ...
 [63 60]
 [63 61]
 [63 62]]
[[ 0  1]
 [ 0  2]
 [ 0  3]
 ...
 [63 60]
 [63 61]
 [63 62]]
[[ 0  1]
 [ 0  2]
 [ 0  3]
 ...
 [63 60]
 [63 61]
 [63 62]]
[[ 0  1]
 [ 0  2]
 [ 0  3]
 ...
 [63 60]
 [63 61]
 [63 62]]
[[ 0  1]
 [ 0  2]
 [ 0  3]
 ...
 [63 60]
 [63 61]
 [63 62]]
[[ 0  1]
 [ 0  2]
 [ 0  3]
 ...
 [63 60]
 [63 61]
 [63 62]]
 10%|█         | 1/10 [03:32<16:13, 108.22s/it, Train Loss=0.0043, Validation Loss=0.0055, correlation : =0.6065, cosin correlation : =0.9548, gap : =257.1035] 20%|██        | 2/10 [03:32<14:09, 106.13s/it, Train Loss=0.0043, Validation Loss=0.0055, correlation : =0.6065, cosin correlation : =0.9548, gap : =257.1035][[ 0  1]
 [ 0  2]
 [ 0  3]
 ...
 [63 60]
 [63 61]
 [63 62]]
[[ 0  1]
 [ 0  2]
 [ 0  3]
 ...
 [63 60]
 [63 61]
 [63 62]]
[[ 0  1]
 [ 0  2]
 [ 0  3]
 ...
 [63 60]
 [63 61]
 [63 62]]
[[ 0  1]
 [ 0  2]
 [ 0  3]
 ...
 [63 60]
 [63 61]
 [63 62]]
[[ 0  1]
 [ 0  2]
 [ 0  3]
 ...
 [63 60]
 [63 61]
 [63 62]]
[[ 0  1]
 [ 0  2]
 [ 0  3]
 ...
 [63 60]
 [63 61]
 [63 62]]
[[ 0  1]
 [ 0  2]
 [ 0  3]
 ...
 [63 60]
 [63 61]
 [63 62]]
[[ 0  1]
 [ 0  2]
 [ 0  3]
 ...
 [63 60]
 [63 61]
 [63 62]]
[[ 0  1]
 [ 0  2]
 [ 0  3]
 ...
 [63 60]
 [63 61]
 [63 62]]
[[ 0  1]
 [ 0  2]
 [ 0  3]
 ...
 [63 60]
 [63 61]
 [63 62]]
[[ 0  1]
 [ 0  2]
 [ 0  3]
 ...
 [63 60]
 [63 61]
 [63 62]]
[[ 0  1]
 [ 0  2]
 [ 0  3]
 ...
 [63 60]
 [63 61]
 [63 62]]
[[ 0  1]
 [ 0  2]
 [ 0  3]
 ...
 [63 60]
 [63 61]
 [63 62]]
[[ 0  1]
 [ 0  2]
 [ 0  3]
 ...
 [63 60]
 [63 61]
 [63 62]]
[[ 0  1]
 [ 0  2]
 [ 0  3]
 ...
 [63 60]
 [63 61]
 [63 62]]
[[ 0  1]
 [ 0  2]
 [ 0  3]
 ...
 [63 60]
 [63 61]
 [63 62]]
[[ 0  1]
 [ 0  2]
 [ 0  3]
 ...
 [63 60]
 [63 61]
 [63 62]]
[[ 0  1]
 [ 0  2]
 [ 0  3]
 ...
 [63 60]
 [63 61]
 [63 62]]
[[ 0  1]
 [ 0  2]
 [ 0  3]
 ...
 [63 60]
 [63 61]
 [63 62]]
[[ 0  1]
 [ 0  2]
 [ 0  3]
 ...
 [63 60]
 [63 61]
 [63 62]]
slurmstepd: error: *** JOB 4522471 ON x1001c1s0b0n1 CANCELLED AT 2024-04-24T12:24:57 ***
