device = cuda
  0%|          | 0/10 [00:00<?, ?it/s]  0%|          | 0/10 [00:04<?, ?it/s]
{}
Traceback (most recent call last):
  File "/project/p_gnn001/code/tsp/tsp/train2.py", line 328, in <module>
    main()
  File "/project/p_gnn001/code/tsp/tsp/train2.py", line 321, in main
    val_loss = run(args)
               ^^^^^^^^^
  File "/project/p_gnn001/code/tsp/tsp/train2.py", line 213, in run
    epoch_loss = train(model, train_loader, args.target, criterion, optimizer, device)
                 ^^^^^^^^^^^^^^^^^^^^^^^^^^^^^^^^^^^^^^^^^^^^^^^^^^^^^^^^^^^^^^^^^^^^^
  File "/project/p_gnn001/code/tsp/tsp/train2.py", line 51, in train
    loss = criterion(y_pred, y)
           ^^^^^^^^^^^^^^^^^^^^
  File "/home/p_gnngw/miniconda3/envs/cuda118/lib/python3.12/site-packages/torch/nn/modules/module.py", line 1511, in _wrapped_call_impl
    return self._call_impl(*args, **kwargs)
           ^^^^^^^^^^^^^^^^^^^^^^^^^^^^^^^^
  File "/home/p_gnngw/miniconda3/envs/cuda118/lib/python3.12/site-packages/torch/nn/modules/module.py", line 1520, in _call_impl
    return forward_call(*args, **kwargs)
           ^^^^^^^^^^^^^^^^^^^^^^^^^^^^^
  File "/home/p_gnngw/miniconda3/envs/cuda118/lib/python3.12/site-packages/torch/nn/modules/loss.py", line 535, in forward
    return F.mse_loss(input, target, reduction=self.reduction)
           ^^^^^^^^^^^^^^^^^^^^^^^^^^^^^^^^^^^^^^^^^^^^^^^^^^^
  File "/home/p_gnngw/miniconda3/envs/cuda118/lib/python3.12/site-packages/torch/nn/functional.py", line 3328, in mse_loss
    if not (target.size() == input.size()):
                             ^^^^^^^^^^
AttributeError: 'dict' object has no attribute 'size'
