tensor(indices=tensor([[9, 0, 1, 8, 7, 9, 3, 7, 9, 1, 6, 6, 1, 0, 1, 9, 0, 0, 3,
                        6],
                       [7, 1, 2, 1, 6, 4, 5, 2, 4, 8, 0, 9, 5, 0, 1, 4, 5, 4, 8,
                        4]]),
       values=tensor([1., 1., 1., 1., 1., 1., 1., 1., 1., 1., 1., 1., 1., 1.,
                      1., 1., 1., 1., 1., 1.]),
       size=(10, 10), nnz=20, layout=torch.sparse_coo)
Traceback (most recent call last):
  File "/project/p_gnn001/code/tsp/tsp/models_test.py", line 124, in <module>
    output = model(adjs, inputs)
             ^^^^^^^^^^^^^^^^^^^
  File "/home/p_gnngw/miniconda3/envs/cuda118/lib/python3.12/site-packages/torch/nn/modules/module.py", line 1511, in _wrapped_call_impl
    return self._call_impl(*args, **kwargs)
           ^^^^^^^^^^^^^^^^^^^^^^^^^^^^^^^^
  File "/home/p_gnngw/miniconda3/envs/cuda118/lib/python3.12/site-packages/torch/nn/modules/module.py", line 1520, in _call_impl
    return forward_call(*args, **kwargs)
           ^^^^^^^^^^^^^^^^^^^^^^^^^^^^^
  File "/project/p_gnn001/code/tsp/tsp/models_test.py", line 94, in forward
    h_rel = self.gnn_layers[layer_idx][rel](adj, h)
            ^^^^^^^^^^^^^^^^^^^^^^^^^^^^^^^^^^^^^^^
  File "/home/p_gnngw/miniconda3/envs/cuda118/lib/python3.12/site-packages/torch/nn/modules/module.py", line 1511, in _wrapped_call_impl
    return self._call_impl(*args, **kwargs)
           ^^^^^^^^^^^^^^^^^^^^^^^^^^^^^^^^
  File "/home/p_gnngw/miniconda3/envs/cuda118/lib/python3.12/site-packages/torch/nn/modules/module.py", line 1520, in _call_impl
    return forward_call(*args, **kwargs)
           ^^^^^^^^^^^^^^^^^^^^^^^^^^^^^
  File "/project/p_gnn001/code/tsp/tsp/models_test.py", line 64, in forward
    e = e[indices[0], indices[1]]  # Select the appropriate attention scores
        ~^^^^^^^^^^^^^^^^^^^^^^^^
IndexError: index 8 is out of bounds for dimension 1 with size 8
