/home/p_gnngw/miniconda3/envs/cuda118/lib/python3.12/site-packages/torch/nn/init.py:452: UserWarning: Initializing zero-element tensors is a no-op
  warnings.warn("Initializing zero-element tensors is a no-op")
device = cuda
Traceback (most recent call last):
  File "/project/p_gnn001/code/tsp/tsp/train2.py", line 328, in <module>
    main()
  File "/project/p_gnn001/code/tsp/tsp/train2.py", line 321, in main
    val_loss = run(args)
               ^^^^^^^^^
  File "/project/p_gnn001/code/tsp/tsp/train2.py", line 176, in run
    model = models.RGCN(
            ^^^^^^^^^^^^
  File "/project/p_gnn001/code/tsp/tsp/gnngls/models.py", line 153, in __init__
    rel: AttentionLayer(in_feats, n_heads, hid_feats)
         ^^^^^^^^^^^^^^^^^^^^^^^^^^^^^^^^^^^^^^^^^^^^
  File "/project/p_gnn001/code/tsp/tsp/gnngls/models.py", line 40, in __init__
    dgl.nn.GATConv(embed_dim, embed_dim // n_heads, n_heads)
  File "/home/p_gnngw/miniconda3/envs/cuda118/lib/python3.12/site-packages/dgl/nn/pytorch/conv/gatconv.py", line 195, in __init__
    self.reset_parameters()
  File "/home/p_gnngw/miniconda3/envs/cuda118/lib/python3.12/site-packages/dgl/nn/pytorch/conv/gatconv.py", line 216, in reset_parameters
    nn.init.xavier_normal_(self.attn_l, gain=gain)
  File "/home/p_gnngw/miniconda3/envs/cuda118/lib/python3.12/site-packages/torch/nn/init.py", line 391, in xavier_normal_
    std = gain * math.sqrt(2.0 / float(fan_in + fan_out))
                           ~~~~^~~~~~~~~~~~~~~~~~~~~~~~~
ZeroDivisionError: float division by zero
