tensor(indices=tensor([[2, 0, 8, 0, 1, 6, 4, 5, 9, 3, 8, 7, 8, 1, 9, 8, 8, 0, 0,
                        6],
                       [9, 1, 7, 5, 1, 0, 6, 5, 7, 0, 5, 1, 2, 5, 1, 7, 6, 5, 6,
                        9]]),
       values=tensor([1., 1., 1., 1., 1., 1., 1., 1., 1., 1., 1., 1., 1., 1.,
                      1., 1., 1., 1., 1., 1.]),
       size=(10, 10), nnz=20, layout=torch.sparse_coo)
Traceback (most recent call last):
  File "/project/p_gnn001/code/tsp/tsp/models_test.py", line 149, in <module>
    output = model(adjs, inputs)
             ^^^^^^^^^^^^^^^^^^^
  File "/home/p_gnngw/miniconda3/envs/cuda118/lib/python3.12/site-packages/torch/nn/modules/module.py", line 1511, in _wrapped_call_impl
    return self._call_impl(*args, **kwargs)
           ^^^^^^^^^^^^^^^^^^^^^^^^^^^^^^^^
  File "/home/p_gnngw/miniconda3/envs/cuda118/lib/python3.12/site-packages/torch/nn/modules/module.py", line 1520, in _call_impl
    return forward_call(*args, **kwargs)
           ^^^^^^^^^^^^^^^^^^^^^^^^^^^^^
  File "/project/p_gnn001/code/tsp/tsp/models_test.py", line 119, in forward
    h_rel = self.gnn_layers[layer_idx][rel](adj, h)
            ^^^^^^^^^^^^^^^^^^^^^^^^^^^^^^^^^^^^^^^
  File "/home/p_gnngw/miniconda3/envs/cuda118/lib/python3.12/site-packages/torch/nn/modules/module.py", line 1511, in _wrapped_call_impl
    return self._call_impl(*args, **kwargs)
           ^^^^^^^^^^^^^^^^^^^^^^^^^^^^^^^^
  File "/home/p_gnngw/miniconda3/envs/cuda118/lib/python3.12/site-packages/torch/nn/modules/module.py", line 1520, in _call_impl
    return forward_call(*args, **kwargs)
           ^^^^^^^^^^^^^^^^^^^^^^^^^^^^^
  File "/project/p_gnn001/code/tsp/tsp/models_test.py", line 53, in forward
    h_prime[:, i, :] = torch.sparse.mm(adj, (h_lifted[:, i, :] * attentions_per_edge[:, i].unsqueeze(-1)).view(-1, self.out_feats))
                       ^^^^^^^^^^^^^^^^^^^^^^^^^^^^^^^^^^^^^^^^^^^^^^^^^^^^^^^^^^^^^^^^^^^^^^^^^^^^^^^^^^^^^^^^^^^^^^^^^^^^^^^^^^^^
RuntimeError: addmm: Argument #3 (dense): Expected dim 0 size 10, got 400
