device = cuda
  0%|          | 0/10 [00:00<?, ?it/s]tensor([[-0.1143],
        [ 0.0264],
        [ 0.1122],
        ...,
        [ 0.2382],
        [-0.0636],
        [-0.2171]], device='cuda:0', grad_fn=<MmBackward0>)
tensor([[ 0.0529],
        [ 0.1179],
        [ 0.0415],
        ...,
        [ 0.0218],
        [ 0.0681],
        [-0.0161]], device='cuda:0', grad_fn=<MmBackward0>)
tensor([[0.0632],
        [0.0513],
        [0.1252],
        ...,
        [0.0424],
        [0.0818],
        [0.1087]], device='cuda:0', grad_fn=<MmBackward0>)
tensor([[ 0.0358],
        [ 0.0301],
        [ 0.0914],
        ...,
        [ 0.0563],
        [-0.0727],
        [-0.0657]], device='cuda:0', grad_fn=<MmBackward0>)
tensor([[0.1070],
        [0.1992],
        [0.0767],
        ...,
        [0.2406],
        [0.0886],
        [0.1592]], device='cuda:0', grad_fn=<MmBackward0>)
tensor([[ 0.1420],
        [ 0.3317],
        [ 0.1329],
        ...,
        [ 0.2562],
        [ 0.0701],
        [-0.0399]], device='cuda:0', grad_fn=<MmBackward0>)
tensor([[0.2407],
        [0.1631],
        [0.1853],
        ...,
        [0.2190],
        [0.0764],
        [0.1843]], device='cuda:0', grad_fn=<MmBackward0>)
tensor([[ 0.3300],
        [ 0.3033],
        [ 0.2887],
        ...,
        [ 0.2205],
        [ 0.1332],
        [-0.0924]], device='cuda:0', grad_fn=<MmBackward0>)
tensor([[0.2353],
        [0.3430],
        [0.2148],
        ...,
        [0.0772],
        [0.1983],
        [0.1762]], device='cuda:0', grad_fn=<MmBackward0>)
tensor([[0.1615],
        [0.2428],
        [0.1243],
        ...,
        [0.0820],
        [0.1653],
        [0.1646]], device='cuda:0', grad_fn=<MmBackward0>)
tensor([[0.2999],
        [0.0741],
        [0.2576],
        ...,
        [0.2356],
        [0.2816],
        [0.2013]], device='cuda:0', grad_fn=<MmBackward0>)
tensor([[0.3213],
        [0.2696],
        [0.2487],
        ...,
        [0.2405],
        [0.2378],
        [0.1775]], device='cuda:0', grad_fn=<MmBackward0>)
tensor([[0.4329],
        [0.3787],
        [0.4761],
        ...,
        [0.2629],
        [0.2920],
        [0.2133]], device='cuda:0', grad_fn=<MmBackward0>)
tensor([[0.1845],
        [0.2793],
        [0.0936],
        ...,
        [0.2434],
        [0.2117],
        [0.3015]], device='cuda:0', grad_fn=<MmBackward0>)
tensor([[0.2117],
        [0.2290],
        [0.2738],
        ...,
        [0.3645],
        [0.3270],
        [0.1465]], device='cuda:0', grad_fn=<MmBackward0>)
tensor([[0.2978],
        [0.2124],
        [0.2715],
        ...,
        [0.2617],
        [0.2774],
        [0.3012]], device='cuda:0', grad_fn=<MmBackward0>)
tensor([[0.2900],
        [0.2881],
        [0.2431],
        ...,
        [0.1297],
        [0.2731],
        [0.1835]], device='cuda:0', grad_fn=<MmBackward0>)
tensor([[0.1385],
        [0.0572],
        [0.0484],
        ...,
        [0.2552],
        [0.2722],
        [0.2183]], device='cuda:0', grad_fn=<MmBackward0>)
tensor([[0.2454],
        [0.2466],
        [0.2396],
        ...,
        [0.1691],
        [0.1432],
        [0.4401]], device='cuda:0', grad_fn=<MmBackward0>)
tensor([[0.1490],
        [0.0917],
        [0.3791],
        ...,
        [0.0309],
        [0.3594],
        [0.2346]], device='cuda:0', grad_fn=<MmBackward0>)
tensor([[0.2227],
        [0.0620],
        [0.2067],
        ...,
        [0.0467],
        [0.2308],
        [0.1868]], device='cuda:0', grad_fn=<MmBackward0>)
tensor([[0.2227],
        [0.3019],
        [0.1055],
        ...,
        [0.2334],
        [0.1767],
        [0.4216]], device='cuda:0', grad_fn=<MmBackward0>)
tensor([[0.0903],
        [0.1924],
        [0.2330],
        ...,
        [0.2734],
        [0.2754],
        [0.2773]], device='cuda:0', grad_fn=<MmBackward0>)
tensor([[0.2048],
        [0.2495],
        [0.1302],
        ...,
        [0.1833],
        [0.2352],
        [0.1403]], device='cuda:0', grad_fn=<MmBackward0>)
tensor([[0.2162],
        [0.1709],
        [0.1692],
        ...,
        [0.3972],
        [0.0466],
        [0.1360]], device='cuda:0', grad_fn=<MmBackward0>)
tensor([[0.3708],
        [0.2981],
        [0.1651],
        ...,
        [0.2922],
        [0.3011],
        [0.2688]], device='cuda:0', grad_fn=<MmBackward0>)
tensor([[0.2913],
        [0.2870],
        [0.3291],
        ...,
        [0.2002],
        [0.2171],
        [0.1920]], device='cuda:0', grad_fn=<MmBackward0>)
tensor([[0.2489],
        [0.2713],
        [0.2173],
        ...,
        [0.1401],
        [0.2834],
        [0.0186]], device='cuda:0', grad_fn=<MmBackward0>)
tensor([[0.2175],
        [0.2190],
        [0.1706],
        ...,
        [0.2202],
        [0.1065],
        [0.1890]], device='cuda:0', grad_fn=<MmBackward0>)
tensor([[0.2500],
        [0.2997],
        [0.1006],
        ...,
        [0.1283],
        [0.2972],
        [0.2703]], device='cuda:0', grad_fn=<MmBackward0>)
tensor([[0.3464],
        [0.3544],
        [0.2024],
        ...,
        [0.2634],
        [0.2198],
        [0.1038]], device='cuda:0', grad_fn=<MmBackward0>)
tensor([[0.1738],
        [0.2511],
        [0.2123],
        ...,
        [0.3115],
        [0.2706],
        [0.1607]], device='cuda:0', grad_fn=<MmBackward0>)
tensor([[-0.0179],
        [ 0.3573],
        [ 0.3042],
        ...,
        [ 0.1566],
        [ 0.2132],
        [ 0.1015]], device='cuda:0', grad_fn=<MmBackward0>)
tensor([[0.2433],
        [0.1502],
        [0.3174],
        ...,
        [0.2938],
        [0.0592],
        [0.3036]], device='cuda:0', grad_fn=<MmBackward0>)
tensor([[0.1598],
        [0.2609],
        [0.1570],
        ...,
        [0.1401],
        [0.2686],
        [0.2812]], device='cuda:0', grad_fn=<MmBackward0>)
tensor([[0.2179],
        [0.0711],
        [0.2753],
        ...,
        [0.0309],
        [0.1736],
        [0.1858]], device='cuda:0', grad_fn=<MmBackward0>)
tensor([[0.2207],
        [0.2490],
        [0.1690],
        ...,
        [0.2033],
        [0.2438],
        [0.1904]], device='cuda:0', grad_fn=<MmBackward0>)
tensor([[0.3442],
        [0.1737],
        [0.1838],
        ...,
        [0.2782],
        [0.1542],
        [0.2642]], device='cuda:0', grad_fn=<MmBackward0>)
tensor([[0.2135],
        [0.2289],
        [0.1831],
        ...,
        [0.1810],
        [0.2107],
        [0.1724]], device='cuda:0', grad_fn=<MmBackward0>)
tensor([[0.2941],
        [0.1531],
        [0.2663],
        ...,
        [0.3176],
        [0.3749],
        [0.1831]], device='cuda:0', grad_fn=<MmBackward0>)
tensor([[0.1562],
        [0.1672],
        [0.1452],
        ...,
        [0.1258],
        [0.1465],
        [0.2536]], device='cuda:0', grad_fn=<MmBackward0>)
tensor([[0.3351],
        [0.2466],
        [0.1583],
        ...,
        [0.1255],
        [0.2456],
        [0.1616]], device='cuda:0', grad_fn=<MmBackward0>)
tensor([[0.1746],
        [0.2676],
        [0.1956],
        ...,
        [0.2528],
        [0.1495],
        [0.2735]], device='cuda:0', grad_fn=<MmBackward0>)
tensor([[0.1782],
        [0.1398],
        [0.2742],
        ...,
        [0.3095],
        [0.1636],
        [0.1949]], device='cuda:0', grad_fn=<MmBackward0>)
tensor([[0.1616],
        [0.1942],
        [0.1271],
        ...,
        [0.2730],
        [0.2325],
        [0.2301]], device='cuda:0', grad_fn=<MmBackward0>)
tensor([[0.2719],
        [0.3819],
        [0.1720],
        ...,
        [0.1857],
        [0.4003],
        [0.2817]], device='cuda:0', grad_fn=<MmBackward0>)
tensor([[ 0.1883],
        [ 0.2740],
        [-0.0342],
        ...,
        [ 0.2035],
        [ 0.2765],
        [ 0.1241]], device='cuda:0', grad_fn=<MmBackward0>)
tensor([[0.2746],
        [0.1839],
        [0.1617],
        ...,
        [0.1854],
        [0.3760],
        [0.3553]], device='cuda:0', grad_fn=<MmBackward0>)
tensor([[0.2779],
        [0.2248],
        [0.1416],
        ...,
        [0.1590],
        [0.2195],
        [0.1660]], device='cuda:0', grad_fn=<MmBackward0>)
tensor([[0.2824],
        [0.2202],
        [0.2176],
        ...,
        [0.2581],
        [0.2775],
        [0.1955]], device='cuda:0', grad_fn=<MmBackward0>)
tensor([[0.2515],
        [0.1161],
        [0.2098],
        ...,
        [0.2642],
        [0.3196],
        [0.1561]], device='cuda:0', grad_fn=<MmBackward0>)
tensor([[0.2481],
        [0.2674],
        [0.1663],
        ...,
        [0.2085],
        [0.1296],
        [0.1802]], device='cuda:0', grad_fn=<MmBackward0>)
tensor([[0.1822],
        [0.1141],
        [0.1786],
        ...,
        [0.2233],
        [0.2139],
        [0.2080]], device='cuda:0', grad_fn=<MmBackward0>)
tensor([[0.1636],
        [0.2655],
        [0.1408],
        ...,
        [0.1328],
        [0.1412],
        [0.1578]], device='cuda:0', grad_fn=<MmBackward0>)
tensor([[0.2626],
        [0.1928],
        [0.2286],
        ...,
        [0.2343],
        [0.2864],
        [0.2692]], device='cuda:0', grad_fn=<MmBackward0>)
tensor([[0.2534],
        [0.1501],
        [0.3092],
        ...,
        [0.2298],
        [0.2148],
        [0.2416]], device='cuda:0', grad_fn=<MmBackward0>)
tensor([[0.2361],
        [0.2032],
        [0.2284],
        ...,
        [0.1348],
        [0.3974],
        [0.1613]], device='cuda:0', grad_fn=<MmBackward0>)
tensor([[0.1906],
        [0.1792],
        [0.2338],
        ...,
        [0.1094],
        [0.2030],
        [0.1878]], device='cuda:0', grad_fn=<MmBackward0>)
tensor([[0.2486],
        [0.1305],
        [0.1847],
        ...,
        [0.3565],
        [0.4222],
        [0.2664]], device='cuda:0', grad_fn=<MmBackward0>)
tensor([[0.1952],
        [0.2803],
        [0.2272],
        ...,
        [0.2126],
        [0.2924],
        [0.2882]], device='cuda:0', grad_fn=<MmBackward0>)
tensor([[0.2163],
        [0.2123],
        [0.2651],
        ...,
        [0.2091],
        [0.2484],
        [0.2084]], device='cuda:0', grad_fn=<MmBackward0>)
tensor([[0.2948],
        [0.1753],
        [0.1761],
        ...,
        [0.1900],
        [0.3105],
        [0.2420]], device='cuda:0', grad_fn=<MmBackward0>)
tensor([[0.2088],
        [0.2510],
        [0.2583],
        ...,
        [0.1605],
        [0.2404],
        [0.2610]], device='cuda:0', grad_fn=<MmBackward0>)
tensor([[0.2042],
        [0.1812],
        [0.2495],
        ...,
        [0.3095],
        [0.2643],
        [0.1907]], device='cuda:0', grad_fn=<MmBackward0>)
tensor([[0.2117],
        [0.2355],
        [0.3217],
        ...,
        [0.1426],
        [0.2895],
        [0.2767]], device='cuda:0', grad_fn=<MmBackward0>)
tensor([[0.1579],
        [0.2451],
        [0.1646],
        ...,
        [0.2781],
        [0.2999],
        [0.1868]], device='cuda:0', grad_fn=<MmBackward0>)
tensor([[0.1495],
        [0.1508],
        [0.2110],
        ...,
        [0.2904],
        [0.3553],
        [0.2304]], device='cuda:0', grad_fn=<MmBackward0>)
tensor([[0.2732],
        [0.3118],
        [0.1238],
        ...,
        [0.2413],
        [0.1393],
        [0.2143]], device='cuda:0', grad_fn=<MmBackward0>)
tensor([[0.1975],
        [0.1676],
        [0.1288],
        ...,
        [0.1470],
        [0.1858],
        [0.1238]], device='cuda:0', grad_fn=<MmBackward0>)
tensor([[0.2155],
        [0.2456],
        [0.1491],
        ...,
        [0.1947],
        [0.2354],
        [0.1810]], device='cuda:0', grad_fn=<MmBackward0>)
tensor([[0.2183],
        [0.1915],
        [0.2080],
        ...,
        [0.2177],
        [0.1960],
        [0.0958]], device='cuda:0', grad_fn=<MmBackward0>)
tensor([[ 0.1637],
        [-0.0428],
        [ 0.1824],
        ...,
        [ 0.2251],
        [ 0.1837],
        [ 0.2088]], device='cuda:0', grad_fn=<MmBackward0>)
tensor([[0.2076],
        [0.2765],
        [0.1429],
        ...,
        [0.3276],
        [0.1982],
        [0.2041]], device='cuda:0', grad_fn=<MmBackward0>)
tensor([[0.1055],
        [0.1988],
        [0.2926],
        ...,
        [0.1781],
        [0.1587],
        [0.1572]], device='cuda:0', grad_fn=<MmBackward0>)
tensor([[0.2335],
        [0.2055],
        [0.3282],
        ...,
        [0.1505],
        [0.2267],
        [0.1965]], device='cuda:0', grad_fn=<MmBackward0>)
tensor([[0.2566],
        [0.2052],
        [0.2321],
        ...,
        [0.3655],
        [0.2854],
        [0.2633]], device='cuda:0', grad_fn=<MmBackward0>)
tensor([[0.1266],
        [0.0939],
        [0.2290],
        ...,
        [0.2282],
        [0.2520],
        [0.2911]], device='cuda:0', grad_fn=<MmBackward0>)
tensor([[0.2992],
        [0.2458],
        [0.2910],
        ...,
        [0.2936],
        [0.2774],
        [0.1982]], device='cuda:0', grad_fn=<MmBackward0>)
tensor([[0.2105],
        [0.2515],
        [0.2108],
        ...,
        [0.2562],
        [0.1887],
        [0.2431]], device='cuda:0', grad_fn=<MmBackward0>)
tensor([[0.2626],
        [0.2306],
        [0.3171],
        ...,
        [0.2154],
        [0.2195],
        [0.2405]], device='cuda:0', grad_fn=<MmBackward0>)
tensor([[0.2741],
        [0.2239],
        [0.0862],
        ...,
        [0.2468],
        [0.1880],
        [0.1981]], device='cuda:0', grad_fn=<MmBackward0>)
tensor([[0.1974],
        [0.2041],
        [0.2039],
        ...,
        [0.2509],
        [0.1728],
        [0.1738]], device='cuda:0', grad_fn=<MmBackward0>)
tensor([[0.2235],
        [0.1407],
        [0.1220],
        ...,
        [0.1656],
        [0.1917],
        [0.0904]], device='cuda:0', grad_fn=<MmBackward0>)
tensor([[0.2582],
        [0.1979],
        [0.2068],
        ...,
        [0.2150],
        [0.1884],
        [0.2242]], device='cuda:0', grad_fn=<MmBackward0>)
tensor([[0.1773],
        [0.2330],
        [0.1558],
        ...,
        [0.2241],
        [0.1221],
        [0.1666]], device='cuda:0', grad_fn=<MmBackward0>)
tensor([[0.1893],
        [0.2375],
        [0.2828],
        ...,
        [0.2306],
        [0.2535],
        [0.2990]], device='cuda:0', grad_fn=<MmBackward0>)
tensor([[0.1468],
        [0.3183],
        [0.2554],
        ...,
        [0.1445],
        [0.2098],
        [0.2393]], device='cuda:0', grad_fn=<MmBackward0>)
tensor([[0.1985],
        [0.2038],
        [0.1999],
        ...,
        [0.2008],
        [0.2068],
        [0.1710]], device='cuda:0', grad_fn=<MmBackward0>)
tensor([[0.2445],
        [0.1639],
        [0.2216],
        ...,
        [0.2985],
        [0.2454],
        [0.2874]], device='cuda:0', grad_fn=<MmBackward0>)
tensor([[0.1523],
        [0.1744],
        [0.2995],
        ...,
        [0.2377],
        [0.1989],
        [0.1421]], device='cuda:0', grad_fn=<MmBackward0>)
tensor([[0.2016],
        [0.1187],
        [0.2623],
        ...,
        [0.1683],
        [0.2855],
        [0.1874]], device='cuda:0', grad_fn=<MmBackward0>)
tensor([[0.3048],
        [0.1973],
        [0.3252],
        ...,
        [0.0872],
        [0.2400],
        [0.1901]], device='cuda:0', grad_fn=<MmBackward0>)
tensor([[0.2846],
        [0.2159],
        [0.2906],
        ...,
        [0.3044],
        [0.2805],
        [0.2114]], device='cuda:0', grad_fn=<MmBackward0>)
tensor([[0.2227],
        [0.2463],
        [0.1854],
        ...,
        [0.3029],
        [0.2849],
        [0.3090]], device='cuda:0', grad_fn=<MmBackward0>)
tensor([[0.2566],
        [0.2478],
        [0.2424],
        ...,
        [0.2447],
        [0.3509],
        [0.2425]], device='cuda:0', grad_fn=<MmBackward0>)
tensor([[0.2779],
        [0.3300],
        [0.2963],
        ...,
        [0.1128],
        [0.2870],
        [0.1392]], device='cuda:0', grad_fn=<MmBackward0>)
tensor([[0.1993],
        [0.2933],
        [0.2136],
        ...,
        [0.2319],
        [0.2032],
        [0.2953]], device='cuda:0', grad_fn=<MmBackward0>)
tensor([[0.2078],
        [0.3344],
        [0.1787],
        ...,
        [0.1158],
        [0.2022],
        [0.2227]], device='cuda:0', grad_fn=<MmBackward0>)
tensor([[0.2553],
        [0.2579],
        [0.2980],
        ...,
        [0.2081],
        [0.2230],
        [0.2575]], device='cuda:0', grad_fn=<MmBackward0>)
tensor([[0.2752],
        [0.1254],
        [0.2081],
        ...,
        [0.1458],
        [0.1604],
        [0.1631]], device='cuda:0', grad_fn=<MmBackward0>)
tensor([[0.2164],
        [0.1838],
        [0.2159],
        ...,
        [0.1909],
        [0.2064],
        [0.1803]], device='cuda:0', grad_fn=<MmBackward0>)
tensor([[0.1783],
        [0.1735],
        [0.1961],
        ...,
        [0.3348],
        [0.2854],
        [0.1988]], device='cuda:0', grad_fn=<MmBackward0>)
tensor([[0.2922],
        [0.1046],
        [0.2678],
        ...,
        [0.1546],
        [0.4130],
        [0.3008]], device='cuda:0', grad_fn=<MmBackward0>)
tensor([[0.2817],
        [0.1892],
        [0.1677],
        ...,
        [0.2786],
        [0.2321],
        [0.2351]], device='cuda:0', grad_fn=<MmBackward0>)
tensor([[0.2061],
        [0.1421],
        [0.2234],
        ...,
        [0.1927],
        [0.2799],
        [0.1631]], device='cuda:0', grad_fn=<MmBackward0>)
tensor([[0.2630],
        [0.2842],
        [0.3346],
        ...,
        [0.2000],
        [0.1206],
        [0.2169]], device='cuda:0', grad_fn=<MmBackward0>)
tensor([[0.1821],
        [0.2917],
        [0.1951],
        ...,
        [0.2585],
        [0.2149],
        [0.1996]], device='cuda:0', grad_fn=<MmBackward0>)
tensor([[0.1463],
        [0.3218],
        [0.1764],
        ...,
        [0.1583],
        [0.2660],
        [0.2228]], device='cuda:0', grad_fn=<MmBackward0>)
tensor([[0.2563],
        [0.2300],
        [0.1278],
        ...,
        [0.2554],
        [0.1466],
        [0.2221]], device='cuda:0', grad_fn=<MmBackward0>)
tensor([[0.2518],
        [0.3109],
        [0.2103],
        ...,
        [0.2077],
        [0.1731],
        [0.2170]], device='cuda:0', grad_fn=<MmBackward0>)
tensor([[0.2436],
        [0.1442],
        [0.1315],
        ...,
        [0.1098],
        [0.2138],
        [0.3153]], device='cuda:0', grad_fn=<MmBackward0>)
tensor([[0.2818],
        [0.3521],
        [0.1138],
        ...,
        [0.2188],
        [0.0893],
        [0.1821]], device='cuda:0', grad_fn=<MmBackward0>)
tensor([[0.1359],
        [0.2252],
        [0.2425],
        ...,
        [0.1906],
        [0.3379],
        [0.2338]], device='cuda:0', grad_fn=<MmBackward0>)
tensor([[0.1049],
        [0.1737],
        [0.1807],
        ...,
        [0.1646],
        [0.1729],
        [0.3764]], device='cuda:0', grad_fn=<MmBackward0>)
tensor([[0.1240],
        [0.1935],
        [0.1911],
        ...,
        [0.2069],
        [0.2509],
        [0.0781]], device='cuda:0', grad_fn=<MmBackward0>)
tensor([[0.2074],
        [0.2959],
        [0.2433],
        ...,
        [0.1076],
        [0.2137],
        [0.2902]], device='cuda:0', grad_fn=<MmBackward0>)
tensor([[0.1780],
        [0.1900],
        [0.2238],
        ...,
        [0.2778],
        [0.1881],
        [0.2373]], device='cuda:0', grad_fn=<MmBackward0>)
tensor([[0.1886],
        [0.2969],
        [0.1691],
        ...,
        [0.2195],
        [0.3166],
        [0.1312]], device='cuda:0', grad_fn=<MmBackward0>)
tensor([[0.1751],
        [0.2315],
        [0.2265],
        ...,
        [0.2867],
        [0.1357],
        [0.2613]], device='cuda:0', grad_fn=<MmBackward0>)
tensor([[0.3027],
        [0.1486],
        [0.1910],
        ...,
        [0.3481],
        [0.2933],
        [0.1840]], device='cuda:0', grad_fn=<MmBackward0>)
tensor([[0.1570],
        [0.1366],
        [0.2431],
        ...,
        [0.2187],
        [0.2778],
        [0.2200]], device='cuda:0', grad_fn=<MmBackward0>)
tensor([[0.2530],
        [0.2681],
        [0.2874],
        ...,
        [0.1965],
        [0.1597],
        [0.1925]], device='cuda:0', grad_fn=<MmBackward0>)
tensor([[0.1059],
        [0.1673],
        [0.1673],
        ...,
        [0.2767],
        [0.1744],
        [0.1614]], device='cuda:0', grad_fn=<MmBackward0>)
tensor([[0.1773],
        [0.2221],
        [0.0948],
        ...,
        [0.1797],
        [0.2986],
        [0.1665]], device='cuda:0', grad_fn=<MmBackward0>)
tensor([[0.2592],
        [0.2243],
        [0.0354],
        ...,
        [0.1447],
        [0.2234],
        [0.2028]], device='cuda:0', grad_fn=<MmBackward0>)
tensor([[0.3114],
        [0.1307],
        [0.1914],
        ...,
        [0.1135],
        [0.1824],
        [0.1851]], device='cuda:0', grad_fn=<MmBackward0>)
tensor([[0.2125],
        [0.1999],
        [0.2721],
        ...,
        [0.2860],
        [0.2377],
        [0.1399]], device='cuda:0', grad_fn=<MmBackward0>)
tensor([[0.2496],
        [0.2464],
        [0.2155],
        ...,
        [0.1970],
        [0.2745],
        [0.2251]], device='cuda:0', grad_fn=<MmBackward0>)
tensor([[0.1600],
        [0.2173],
        [0.2602],
        ...,
        [0.2052],
        [0.2734],
        [0.3088]], device='cuda:0', grad_fn=<MmBackward0>)
tensor([[0.1761],
        [0.2622],
        [0.1761],
        ...,
        [0.2440],
        [0.2290],
        [0.2331]], device='cuda:0', grad_fn=<MmBackward0>)
tensor([[0.1191],
        [0.1938],
        [0.1718],
        ...,
        [0.1194],
        [0.1794],
        [0.2239]], device='cuda:0', grad_fn=<MmBackward0>)
tensor([[0.1843],
        [0.0669],
        [0.2068],
        ...,
        [0.2216],
        [0.3139],
        [0.2348]], device='cuda:0', grad_fn=<MmBackward0>)
tensor([[0.2866],
        [0.1682],
        [0.2099],
        ...,
        [0.2958],
        [0.2578],
        [0.1992]], device='cuda:0', grad_fn=<MmBackward0>)
tensor([[0.2677],
        [0.2752],
        [0.1706],
        ...,
        [0.0967],
        [0.2896],
        [0.2666]], device='cuda:0', grad_fn=<MmBackward0>)
tensor([[0.2744],
        [0.3154],
        [0.3349],
        ...,
        [0.2052],
        [0.3306],
        [0.2504]], device='cuda:0', grad_fn=<MmBackward0>)
tensor([[0.2539],
        [0.2492],
        [0.2710],
        ...,
        [0.2402],
        [0.1981],
        [0.1316]], device='cuda:0', grad_fn=<MmBackward0>)
tensor([[0.1762],
        [0.2085],
        [0.1533],
        ...,
        [0.2430],
        [0.3631],
        [0.1872]], device='cuda:0', grad_fn=<MmBackward0>)
tensor([[0.2221],
        [0.2151],
        [0.1965],
        ...,
        [0.2935],
        [0.1639],
        [0.2942]], device='cuda:0', grad_fn=<MmBackward0>)
tensor([[0.1887],
        [0.2123],
        [0.2091],
        ...,
        [0.3063],
        [0.3151],
        [0.2644]], device='cuda:0', grad_fn=<MmBackward0>)
tensor([[0.2414],
        [0.3005],
        [0.2380],
        ...,
        [0.3088],
        [0.2191],
        [0.2088]], device='cuda:0', grad_fn=<MmBackward0>)
tensor([[0.2384],
        [0.1496],
        [0.3232],
        ...,
        [0.2720],
        [0.2885],
        [0.2917]], device='cuda:0', grad_fn=<MmBackward0>)
tensor([[0.2969],
        [0.2930],
        [0.2114],
        ...,
        [0.2366],
        [0.2729],
        [0.0886]], device='cuda:0', grad_fn=<MmBackward0>)
tensor([[0.1884],
        [0.1399],
        [0.1449],
        ...,
        [0.3073],
        [0.2175],
        [0.2333]], device='cuda:0', grad_fn=<MmBackward0>)
tensor([[0.3109],
        [0.1421],
        [0.2460],
        ...,
        [0.2820],
        [0.1861],
        [0.3243]], device='cuda:0', grad_fn=<MmBackward0>)
tensor([[0.2443],
        [0.2382],
        [0.2265],
        ...,
        [0.1557],
        [0.2035],
        [0.2213]], device='cuda:0', grad_fn=<MmBackward0>)
tensor([[0.2790],
        [0.2605],
        [0.2210],
        ...,
        [0.1857],
        [0.3266],
        [0.2728]], device='cuda:0', grad_fn=<MmBackward0>)
tensor([[0.2767],
        [0.1538],
        [0.2534],
        ...,
        [0.2117],
        [0.2223],
        [0.1694]], device='cuda:0', grad_fn=<MmBackward0>)
tensor([[0.1878],
        [0.1292],
        [0.2544],
        ...,
        [0.3097],
        [0.1859],
        [0.2049]], device='cuda:0', grad_fn=<MmBackward0>)
tensor([[0.2512],
        [0.0748],
        [0.2381],
        ...,
        [0.3504],
        [0.2177],
        [0.2874]], device='cuda:0', grad_fn=<MmBackward0>)
tensor([[0.1730],
        [0.1131],
        [0.1947],
        ...,
        [0.1913],
        [0.2580],
        [0.1499]], device='cuda:0', grad_fn=<MmBackward0>)
tensor([[0.2904],
        [0.1428],
        [0.1544],
        ...,
        [0.1956],
        [0.3166],
        [0.2893]], device='cuda:0', grad_fn=<MmBackward0>)
tensor([[0.1547],
        [0.2050],
        [0.1206],
        ...,
        [0.2462],
        [0.2180],
        [0.2132]], device='cuda:0', grad_fn=<MmBackward0>)
tensor([[0.3389],
        [0.1989],
        [0.2346],
        ...,
        [0.2461],
        [0.1643],
        [0.2644]], device='cuda:0', grad_fn=<MmBackward0>)
tensor([[0.1639],
        [0.1386],
        [0.1931],
        ...,
        [0.2225],
        [0.2590],
        [0.2340]], device='cuda:0', grad_fn=<MmBackward0>)
tensor([[0.2121],
        [0.2327],
        [0.2735],
        ...,
        [0.1802],
        [0.2812],
        [0.1831]], device='cuda:0', grad_fn=<MmBackward0>)
tensor([[0.1751],
        [0.1755],
        [0.1788],
        ...,
        [0.3121],
        [0.2786],
        [0.3294]], device='cuda:0', grad_fn=<MmBackward0>)
tensor([[0.3262],
        [0.1673],
        [0.2000],
        ...,
        [0.2077],
        [0.0954],
        [0.2667]], device='cuda:0', grad_fn=<MmBackward0>)
tensor([[0.1074],
        [0.1729],
        [0.2003],
        ...,
        [0.3012],
        [0.2597],
        [0.1589]], device='cuda:0', grad_fn=<MmBackward0>)
tensor([[0.2437],
        [0.2667],
        [0.1886],
        ...,
        [0.3077],
        [0.3073],
        [0.1831]], device='cuda:0', grad_fn=<MmBackward0>)
tensor([[0.2492],
        [0.1637],
        [0.2038],
        ...,
        [0.3201],
        [0.1739],
        [0.2060]], device='cuda:0', grad_fn=<MmBackward0>)
tensor([[0.0938],
        [0.1789],
        [0.0764],
        ...,
        [0.1534],
        [0.3178],
        [0.3450]], device='cuda:0', grad_fn=<MmBackward0>)
tensor([[0.2105],
        [0.2483],
        [0.1621],
        ...,
        [0.2499],
        [0.1936],
        [0.1968]], device='cuda:0', grad_fn=<MmBackward0>)
tensor([[0.2080],
        [0.2461],
        [0.1817],
        ...,
        [0.3346],
        [0.2687],
        [0.2062]], device='cuda:0', grad_fn=<MmBackward0>)
tensor([[0.0666],
        [0.2589],
        [0.2142],
        ...,
        [0.2146],
        [0.2549],
        [0.2296]], device='cuda:0', grad_fn=<MmBackward0>)
tensor([[0.2423],
        [0.3184],
        [0.2042],
        ...,
        [0.2402],
        [0.2040],
        [0.2900]], device='cuda:0', grad_fn=<MmBackward0>)
tensor([[0.2828],
        [0.3625],
        [0.1961],
        ...,
        [0.2464],
        [0.2582],
        [0.1810]], device='cuda:0', grad_fn=<MmBackward0>)
tensor([[0.1691],
        [0.2946],
        [0.1948],
        ...,
        [0.2061],
        [0.2723],
        [0.2472]], device='cuda:0', grad_fn=<MmBackward0>)
tensor([[0.3303],
        [0.2615],
        [0.2923],
        ...,
        [0.3106],
        [0.2834],
        [0.1267]], device='cuda:0', grad_fn=<MmBackward0>)
tensor([[0.1960],
        [0.1984],
        [0.2710],
        ...,
        [0.1312],
        [0.2997],
        [0.3414]], device='cuda:0', grad_fn=<MmBackward0>)
tensor([[0.2277],
        [0.1618],
        [0.1924],
        ...,
        [0.2748],
        [0.3278],
        [0.1735]], device='cuda:0', grad_fn=<MmBackward0>)
tensor([[0.3213],
        [0.1628],
        [0.1558],
        ...,
        [0.1510],
        [0.1538],
        [0.2454]], device='cuda:0', grad_fn=<MmBackward0>)
tensor([[0.2262],
        [0.2681],
        [0.2010],
        ...,
        [0.2375],
        [0.2548],
        [0.2143]], device='cuda:0', grad_fn=<MmBackward0>)
tensor([[0.1961],
        [0.2432],
        [0.2809],
        ...,
        [0.2203],
        [0.1762],
        [0.1519]], device='cuda:0', grad_fn=<MmBackward0>)
tensor([[0.1914],
        [0.2736],
        [0.2972],
        ...,
        [0.2518],
        [0.2418],
        [0.1344]], device='cuda:0', grad_fn=<MmBackward0>)
tensor([[0.3342],
        [0.3179],
        [0.2775],
        ...,
        [0.2436],
        [0.1552],
        [0.2034]], device='cuda:0', grad_fn=<MmBackward0>)
tensor([[0.2762],
        [0.3455],
        [0.2638],
        ...,
        [0.2338],
        [0.2361],
        [0.1582]], device='cuda:0', grad_fn=<MmBackward0>)
tensor([[0.2134],
        [0.2650],
        [0.2448],
        ...,
        [0.2147],
        [0.2690],
        [0.1563]], device='cuda:0', grad_fn=<MmBackward0>)
tensor([[0.3410],
        [0.1348],
        [0.3136],
        ...,
        [0.2217],
        [0.1838],
        [0.2742]], device='cuda:0', grad_fn=<MmBackward0>)
tensor([[0.2043],
        [0.2188],
        [0.2741],
        ...,
        [0.2778],
        [0.1924],
        [0.2995]], device='cuda:0', grad_fn=<MmBackward0>)
tensor([[0.2337],
        [0.2763],
        [0.2125],
        ...,
        [0.2451],
        [0.2562],
        [0.2045]], device='cuda:0', grad_fn=<MmBackward0>)
tensor([[0.1930],
        [0.2388],
        [0.2356],
        ...,
        [0.2311],
        [0.2504],
        [0.3464]], device='cuda:0', grad_fn=<MmBackward0>)
tensor([[0.2307],
        [0.1624],
        [0.2058],
        ...,
        [0.1180],
        [0.1968],
        [0.1884]], device='cuda:0', grad_fn=<MmBackward0>)
tensor([[0.2055],
        [0.1508],
        [0.1003],
        ...,
        [0.1954],
        [0.2092],
        [0.2664]], device='cuda:0', grad_fn=<MmBackward0>)
tensor([[0.1537],
        [0.2486],
        [0.1366],
        ...,
        [0.2406],
        [0.3645],
        [0.2697]], device='cuda:0', grad_fn=<MmBackward0>)
tensor([[0.1210],
        [0.1708],
        [0.1246],
        ...,
        [0.2595],
        [0.2833],
        [0.2822]], device='cuda:0', grad_fn=<MmBackward0>)
tensor([[0.1688],
        [0.2377],
        [0.1976],
        ...,
        [0.2364],
        [0.2615],
        [0.2009]], device='cuda:0', grad_fn=<MmBackward0>)
tensor([[0.3319],
        [0.2747],
        [0.2315],
        ...,
        [0.2408],
        [0.3130],
        [0.2121]], device='cuda:0', grad_fn=<MmBackward0>)
tensor([[0.2584],
        [0.2669],
        [0.2381],
        ...,
        [0.2937],
        [0.2448],
        [0.1686]], device='cuda:0', grad_fn=<MmBackward0>)
tensor([[0.2053],
        [0.1582],
        [0.0634],
        ...,
        [0.2948],
        [0.2204],
        [0.3357]], device='cuda:0', grad_fn=<MmBackward0>)
tensor([[0.2325],
        [0.2068],
        [0.2795],
        ...,
        [0.1872],
        [0.2888],
        [0.2587]], device='cuda:0', grad_fn=<MmBackward0>)
tensor([[0.1463],
        [0.2127],
        [0.2350],
        ...,
        [0.2338],
        [0.2388],
        [0.1738]], device='cuda:0', grad_fn=<MmBackward0>)
tensor([[0.3225],
        [0.2202],
        [0.2736],
        ...,
        [0.2264],
        [0.1139],
        [0.1688]], device='cuda:0', grad_fn=<MmBackward0>)
tensor([[0.2565],
        [0.1513],
        [0.1818],
        ...,
        [0.2269],
        [0.2596],
        [0.3197]], device='cuda:0', grad_fn=<MmBackward0>)
tensor([[0.1950],
        [0.2946],
        [0.2442],
        ...,
        [0.2896],
        [0.2772],
        [0.2174]], device='cuda:0', grad_fn=<MmBackward0>)
tensor([[0.1385],
        [0.1950],
        [0.2495],
        ...,
        [0.2486],
        [0.1566],
        [0.1726]], device='cuda:0', grad_fn=<MmBackward0>)
tensor([[0.2718],
        [0.2733],
        [0.2527],
        ...,
        [0.2268],
        [0.2128],
        [0.1518]], device='cuda:0', grad_fn=<MmBackward0>)
tensor([[0.3069],
        [0.2332],
        [0.2989],
        ...,
        [0.3101],
        [0.2572],
        [0.2639]], device='cuda:0', grad_fn=<MmBackward0>)
tensor([[0.2491],
        [0.2693],
        [0.1388],
        ...,
        [0.4123],
        [0.1976],
        [0.2157]], device='cuda:0', grad_fn=<MmBackward0>)
tensor([[0.2049],
        [0.2925],
        [0.2998],
        ...,
        [0.1809],
        [0.2238],
        [0.2769]], device='cuda:0', grad_fn=<MmBackward0>)
tensor([[0.2566],
        [0.0990],
        [0.2140],
        ...,
        [0.1861],
        [0.3195],
        [0.2877]], device='cuda:0', grad_fn=<MmBackward0>)
tensor([[0.3001],
        [0.2712],
        [0.2950],
        ...,
        [0.3014],
        [0.3546],
        [0.2559]], device='cuda:0', grad_fn=<MmBackward0>)
tensor([[0.2937],
        [0.2883],
        [0.2877],
        ...,
        [0.1858],
        [0.2239],
        [0.1620]], device='cuda:0', grad_fn=<MmBackward0>)
tensor([[0.2498],
        [0.2069],
        [0.2383],
        ...,
        [0.1402],
        [0.3206],
        [0.2582]], device='cuda:0', grad_fn=<MmBackward0>)
tensor([[0.2796],
        [0.2840],
        [0.3387],
        ...,
        [0.2747],
        [0.1795],
        [0.2985]], device='cuda:0', grad_fn=<MmBackward0>)
tensor([[0.2524],
        [0.1895],
        [0.2340],
        ...,
        [0.2439],
        [0.2732],
        [0.0755]], device='cuda:0', grad_fn=<MmBackward0>)
tensor([[0.3542],
        [0.2372],
        [0.2378],
        ...,
        [0.3426],
        [0.2012],
        [0.1863]], device='cuda:0', grad_fn=<MmBackward0>)
tensor([[0.1549],
        [0.1963],
        [0.2954],
        ...,
        [0.3096],
        [0.2241],
        [0.2508]], device='cuda:0', grad_fn=<MmBackward0>)
tensor([[0.1779],
        [0.1488],
        [0.2716],
        ...,
        [0.3567],
        [0.2620],
        [0.3357]], device='cuda:0', grad_fn=<MmBackward0>)
tensor([[0.2701],
        [0.2206],
        [0.3213],
        ...,
        [0.1538],
        [0.0230],
        [0.3188]], device='cuda:0', grad_fn=<MmBackward0>)
tensor([[0.2608],
        [0.2594],
        [0.2330],
        ...,
        [0.3096],
        [0.3384],
        [0.2526]], device='cuda:0', grad_fn=<MmBackward0>)
tensor([[0.2499],
        [0.2480],
        [0.2515],
        ...,
        [0.2530],
        [0.2649],
        [0.2633]], device='cuda:0', grad_fn=<MmBackward0>)
tensor([[0.3173],
        [0.1543],
        [0.2681],
        ...,
        [0.2848],
        [0.1562],
        [0.2946]], device='cuda:0', grad_fn=<MmBackward0>)
tensor([[0.3416],
        [0.2189],
        [0.2047],
        ...,
        [0.2984],
        [0.2459],
        [0.2178]], device='cuda:0', grad_fn=<MmBackward0>)
tensor([[0.1932],
        [0.2216],
        [0.2150],
        ...,
        [0.2402],
        [0.1650],
        [0.0411]], device='cuda:0', grad_fn=<MmBackward0>)
tensor([[0.2453],
        [0.3434],
        [0.2184],
        ...,
        [0.2327],
        [0.2534],
        [0.2691]], device='cuda:0', grad_fn=<MmBackward0>)
tensor([[0.3312],
        [0.2170],
        [0.2987],
        ...,
        [0.3083],
        [0.2731],
        [0.3647]], device='cuda:0', grad_fn=<MmBackward0>)
tensor([[0.2910],
        [0.2062],
        [0.2404],
        ...,
        [0.2061],
        [0.2251],
        [0.2469]], device='cuda:0', grad_fn=<MmBackward0>)
tensor([[0.3057],
        [0.1229],
        [0.2046],
        ...,
        [0.2245],
        [0.1986],
        [0.3066]], device='cuda:0', grad_fn=<MmBackward0>)
tensor([[0.3425],
        [0.3132],
        [0.2320],
        ...,
        [0.1782],
        [0.1800],
        [0.2321]], device='cuda:0', grad_fn=<MmBackward0>)
tensor([[0.2428],
        [0.2671],
        [0.1484],
        ...,
        [0.2236],
        [0.2669],
        [0.2432]], device='cuda:0', grad_fn=<MmBackward0>)
tensor([[0.2283],
        [0.2067],
        [0.2345],
        ...,
        [0.2606],
        [0.2158],
        [0.2588]], device='cuda:0', grad_fn=<MmBackward0>)
tensor([[0.1528],
        [0.2379],
        [0.2535],
        ...,
        [0.1289],
        [0.2156],
        [0.2405]], device='cuda:0', grad_fn=<MmBackward0>)
tensor([[0.2567],
        [0.1771],
        [0.1587],
        ...,
        [0.2337],
        [0.3037],
        [0.2810]], device='cuda:0', grad_fn=<MmBackward0>)
tensor([[0.1848],
        [0.2477],
        [0.3240],
        ...,
        [0.3078],
        [0.1997],
        [0.3413]], device='cuda:0', grad_fn=<MmBackward0>)
tensor([[0.2538],
        [0.3612],
        [0.2898],
        ...,
        [0.3280],
        [0.2960],
        [0.3047]], device='cuda:0', grad_fn=<MmBackward0>)
tensor([[0.3130],
        [0.1836],
        [0.2983],
        ...,
        [0.2481],
        [0.1959],
        [0.1194]], device='cuda:0', grad_fn=<MmBackward0>)
tensor([[0.2681],
        [0.2923],
        [0.2939],
        ...,
        [0.2358],
        [0.2084],
        [0.2602]], device='cuda:0', grad_fn=<MmBackward0>)
tensor([[0.2408],
        [0.2302],
        [0.1850],
        ...,
        [0.3153],
        [0.3230],
        [0.3271]], device='cuda:0', grad_fn=<MmBackward0>)
tensor([[0.2578],
        [0.1687],
        [0.2164],
        ...,
        [0.2217],
        [0.3253],
        [0.2559]], device='cuda:0', grad_fn=<MmBackward0>)
tensor([[0.2219],
        [0.2650],
        [0.2702],
        ...,
        [0.2892],
        [0.1787],
        [0.2510]], device='cuda:0', grad_fn=<MmBackward0>)
tensor([[0.3083],
        [0.2533],
        [0.1981],
        ...,
        [0.2505],
        [0.1496],
        [0.2794]], device='cuda:0', grad_fn=<MmBackward0>)
tensor([[0.3070],
        [0.1888],
        [0.2178],
        ...,
        [0.2559],
        [0.2737],
        [0.2781]], device='cuda:0', grad_fn=<MmBackward0>)
tensor([[0.2356],
        [0.1929],
        [0.2026],
        ...,
        [0.2754],
        [0.2753],
        [0.2769]], device='cuda:0', grad_fn=<MmBackward0>)
tensor([[0.2298],
        [0.2962],
        [0.1339],
        ...,
        [0.2452],
        [0.0671],
        [0.2802]], device='cuda:0', grad_fn=<MmBackward0>)
tensor([[0.2967],
        [0.3270],
        [0.1978],
        ...,
        [0.2741],
        [0.3196],
        [0.2949]], device='cuda:0', grad_fn=<MmBackward0>)
tensor([[0.2602],
        [0.2436],
        [0.1399],
        ...,
        [0.2935],
        [0.3102],
        [0.2225]], device='cuda:0', grad_fn=<MmBackward0>)
tensor([[0.3258],
        [0.3091],
        [0.2913],
        ...,
        [0.2849],
        [0.3845],
        [0.3182]], device='cuda:0', grad_fn=<MmBackward0>)
tensor([[0.2264],
        [0.2035],
        [0.1827],
        ...,
        [0.1277],
        [0.2591],
        [0.2008]], device='cuda:0', grad_fn=<MmBackward0>)
tensor([[0.2781],
        [0.2632],
        [0.2389],
        ...,
        [0.2457],
        [0.3071],
        [0.1824]], device='cuda:0', grad_fn=<MmBackward0>)
tensor([[0.2278],
        [0.2015],
        [0.1952],
        ...,
        [0.1914],
        [0.2645],
        [0.3034]], device='cuda:0', grad_fn=<MmBackward0>)
tensor([[0.2211],
        [0.3210],
        [0.3034],
        ...,
        [0.2565],
        [0.3096],
        [0.1997]], device='cuda:0', grad_fn=<MmBackward0>)
tensor([[0.3338],
        [0.2734],
        [0.2202],
        ...,
        [0.2015],
        [0.2546],
        [0.1570]], device='cuda:0', grad_fn=<MmBackward0>)
tensor([[0.2945],
        [0.2335],
        [0.1886],
        ...,
        [0.1879],
        [0.2117],
        [0.2739]], device='cuda:0', grad_fn=<MmBackward0>)
tensor([[0.2476],
        [0.2400],
        [0.2712],
        ...,
        [0.2082],
        [0.2747],
        [0.2607]], device='cuda:0', grad_fn=<MmBackward0>)
tensor([[0.3151],
        [0.2815],
        [0.2641],
        ...,
        [0.3056],
        [0.2612],
        [0.3516]], device='cuda:0', grad_fn=<MmBackward0>)
tensor([[0.2623],
        [0.2599],
        [0.2664],
        ...,
        [0.0713],
        [0.2593],
        [0.1882]], device='cuda:0', grad_fn=<MmBackward0>)
tensor([[0.2502],
        [0.2213],
        [0.2796],
        ...,
        [0.2203],
        [0.1960],
        [0.2593]], device='cuda:0', grad_fn=<MmBackward0>)
tensor([[0.2394],
        [0.2062],
        [0.1455],
        ...,
        [0.2812],
        [0.3384],
        [0.1435]], device='cuda:0', grad_fn=<MmBackward0>)
tensor([[0.2186],
        [0.1960],
        [0.2203],
        ...,
        [0.2121],
        [0.2497],
        [0.3180]], device='cuda:0', grad_fn=<MmBackward0>)
tensor([[0.3465],
        [0.2517],
        [0.1988],
        ...,
        [0.2367],
        [0.2225],
        [0.2422]], device='cuda:0', grad_fn=<MmBackward0>)
tensor([[0.1581],
        [0.2993],
        [0.1915],
        ...,
        [0.2823],
        [0.1812],
        [0.1540]], device='cuda:0', grad_fn=<MmBackward0>)
tensor([[0.2362],
        [0.2643],
        [0.1296],
        ...,
        [0.2129],
        [0.2162],
        [0.2333]], device='cuda:0', grad_fn=<MmBackward0>)
tensor([[0.1507],
        [0.1463],
        [0.2236],
        ...,
        [0.2901],
        [0.3092],
        [0.2061]], device='cuda:0', grad_fn=<MmBackward0>)
tensor([[0.3169],
        [0.2740],
        [0.2286],
        ...,
        [0.1757],
        [0.1769],
        [0.3062]], device='cuda:0', grad_fn=<MmBackward0>)
tensor([[0.2804],
        [0.1591],
        [0.2695],
        ...,
        [0.1511],
        [0.3082],
        [0.2365]], device='cuda:0', grad_fn=<MmBackward0>)
tensor([[0.2480],
        [0.2837],
        [0.2211],
        ...,
        [0.2895],
        [0.3608],
        [0.3094]], device='cuda:0', grad_fn=<MmBackward0>)
tensor([[0.2242],
        [0.3112],
        [0.2383],
        ...,
        [0.2655],
        [0.3632],
        [0.3781]], device='cuda:0', grad_fn=<MmBackward0>)
tensor([[0.1728],
        [0.2621],
        [0.2928],
        ...,
        [0.2505],
        [0.2796],
        [0.2625]], device='cuda:0', grad_fn=<MmBackward0>)
tensor([[0.2367],
        [0.1219],
        [0.1461],
        ...,
        [0.2394],
        [0.2695],
        [0.2780]], device='cuda:0', grad_fn=<MmBackward0>)
tensor([[0.2065],
        [0.2748],
        [0.2016],
        ...,
        [0.2621],
        [0.2848],
        [0.3148]], device='cuda:0', grad_fn=<MmBackward0>)
tensor([[0.2210],
        [0.2597],
        [0.2206],
        ...,
        [0.1876],
        [0.2915],
        [0.1922]], device='cuda:0', grad_fn=<MmBackward0>)
tensor([[0.3236],
        [0.3004],
        [0.0951],
        ...,
        [0.2093],
        [0.3071],
        [0.2424]], device='cuda:0', grad_fn=<MmBackward0>)
tensor([[0.3207],
        [0.2970],
        [0.3027],
        ...,
        [0.2122],
        [0.4058],
        [0.3225]], device='cuda:0', grad_fn=<MmBackward0>)
tensor([[0.2445],
        [0.2140],
        [0.2159],
        ...,
        [0.2201],
        [0.3309],
        [0.1604]], device='cuda:0', grad_fn=<MmBackward0>)
tensor([[0.2489],
        [0.1936],
        [0.2827],
        ...,
        [0.1606],
        [0.2603],
        [0.2398]], device='cuda:0', grad_fn=<MmBackward0>)
tensor([[0.1456],
        [0.2242],
        [0.2873],
        ...,
        [0.2366],
        [0.1570],
        [0.1953]], device='cuda:0', grad_fn=<MmBackward0>)
tensor([[0.2594],
        [0.3068],
        [0.2771],
        ...,
        [0.2785],
        [0.2197],
        [0.3245]], device='cuda:0', grad_fn=<MmBackward0>)
tensor([[0.1948],
        [0.1962],
        [0.1938],
        ...,
        [0.1900],
        [0.1390],
        [0.2234]], device='cuda:0', grad_fn=<MmBackward0>)
tensor([[0.2830],
        [0.2520],
        [0.1890],
        ...,
        [0.2576],
        [0.2177],
        [0.2079]], device='cuda:0', grad_fn=<MmBackward0>)
tensor([[0.2284],
        [0.1846],
        [0.2593],
        ...,
        [0.2461],
        [0.2477],
        [0.2590]], device='cuda:0', grad_fn=<MmBackward0>)
tensor([[0.2674],
        [0.3374],
        [0.3163],
        ...,
        [0.2466],
        [0.0809],
        [0.2565]], device='cuda:0', grad_fn=<MmBackward0>)
tensor([[0.2808],
        [0.3247],
        [0.3126],
        ...,
        [0.2471],
        [0.2679],
        [0.1104]], device='cuda:0', grad_fn=<MmBackward0>)
tensor([[0.1843],
        [0.2459],
        [0.1615],
        ...,
        [0.1125],
        [0.1763],
        [0.2957]], device='cuda:0', grad_fn=<MmBackward0>)
tensor([[0.3481],
        [0.3434],
        [0.2824],
        ...,
        [0.3113],
        [0.3096],
        [0.2681]], device='cuda:0', grad_fn=<MmBackward0>)
tensor([[0.2942],
        [0.2309],
        [0.2475],
        ...,
        [0.3049],
        [0.1321],
        [0.2641]], device='cuda:0', grad_fn=<MmBackward0>)
tensor([[0.2221],
        [0.3426],
        [0.3252],
        ...,
        [0.1767],
        [0.2636],
        [0.1899]], device='cuda:0', grad_fn=<MmBackward0>)
tensor([[0.3067],
        [0.2179],
        [0.2113],
        ...,
        [0.2664],
        [0.1615],
        [0.2065]], device='cuda:0', grad_fn=<MmBackward0>)
tensor([[0.2728],
        [0.2080],
        [0.1828],
        ...,
        [0.2838],
        [0.2499],
        [0.3179]], device='cuda:0', grad_fn=<MmBackward0>)
tensor([[0.2303],
        [0.2472],
        [0.2077],
        ...,
        [0.2237],
        [0.2996],
        [0.3035]], device='cuda:0', grad_fn=<MmBackward0>)
tensor([[0.2866],
        [0.2403],
        [0.2811],
        ...,
        [0.1522],
        [0.1826],
        [0.3417]], device='cuda:0', grad_fn=<MmBackward0>)
tensor([[0.2384],
        [0.1193],
        [0.2390],
        ...,
        [0.1439],
        [0.1562],
        [0.1768]], device='cuda:0', grad_fn=<MmBackward0>)
tensor([[0.2132],
        [0.2997],
        [0.1707],
        ...,
        [0.0743],
        [0.2503],
        [0.2693]], device='cuda:0', grad_fn=<MmBackward0>)
tensor([[0.2438],
        [0.2760],
        [0.2641],
        ...,
        [0.2770],
        [0.1997],
        [0.0579]], device='cuda:0', grad_fn=<MmBackward0>)
tensor([[0.3122],
        [0.2816],
        [0.1808],
        ...,
        [0.1744],
        [0.3078],
        [0.2799]], device='cuda:0', grad_fn=<MmBackward0>)
tensor([[0.2830],
        [0.1975],
        [0.2429],
        ...,
        [0.2719],
        [0.1574],
        [0.2336]], device='cuda:0', grad_fn=<MmBackward0>)
tensor([[0.2034],
        [0.3189],
        [0.1542],
        ...,
        [0.2198],
        [0.1946],
        [0.1947]], device='cuda:0', grad_fn=<MmBackward0>)
tensor([[0.3098],
        [0.2381],
        [0.2287],
        ...,
        [0.2830],
        [0.1833],
        [0.1830]], device='cuda:0', grad_fn=<MmBackward0>)
tensor([[0.3122],
        [0.2413],
        [0.2167],
        ...,
        [0.2528],
        [0.2738],
        [0.2283]], device='cuda:0', grad_fn=<MmBackward0>)
tensor([[0.2906],
        [0.2263],
        [0.2568],
        ...,
        [0.2024],
        [0.2246],
        [0.1513]], device='cuda:0', grad_fn=<MmBackward0>)
tensor([[0.2807],
        [0.2362],
        [0.2789],
        ...,
        [0.2115],
        [0.2643],
        [0.2545]], device='cuda:0', grad_fn=<MmBackward0>)
tensor([[0.1764],
        [0.2608],
        [0.2345],
        ...,
        [0.1801],
        [0.2459],
        [0.2054]], device='cuda:0', grad_fn=<MmBackward0>)
tensor([[0.2113],
        [0.2376],
        [0.2175],
        ...,
        [0.2486],
        [0.1820],
        [0.2625]], device='cuda:0', grad_fn=<MmBackward0>)
tensor([[0.2606],
        [0.2086],
        [0.2920],
        ...,
        [0.2961],
        [0.2228],
        [0.2517]], device='cuda:0', grad_fn=<MmBackward0>)
tensor([[0.3485],
        [0.2528],
        [0.2553],
        ...,
        [0.2319],
        [0.2597],
        [0.2814]], device='cuda:0', grad_fn=<MmBackward0>)
tensor([[0.1714],
        [0.3205],
        [0.3064],
        ...,
        [0.2636],
        [0.2762],
        [0.2111]], device='cuda:0', grad_fn=<MmBackward0>)
tensor([[0.2234],
        [0.3141],
        [0.2300],
        ...,
        [0.2700],
        [0.3482],
        [0.2419]], device='cuda:0', grad_fn=<MmBackward0>)
tensor([[0.3026],
        [0.2430],
        [0.2559],
        ...,
        [0.2108],
        [0.2581],
        [0.3288]], device='cuda:0', grad_fn=<MmBackward0>)
tensor([[0.2435],
        [0.1611],
        [0.2491],
        ...,
        [0.3226],
        [0.3038],
        [0.3488]], device='cuda:0', grad_fn=<MmBackward0>)
tensor([[0.2704],
        [0.2522],
        [0.2393],
        ...,
        [0.2115],
        [0.2794],
        [0.3319]], device='cuda:0', grad_fn=<MmBackward0>)
tensor([[0.1831],
        [0.3031],
        [0.2247],
        ...,
        [0.2008],
        [0.3145],
        [0.2624]], device='cuda:0', grad_fn=<MmBackward0>)
tensor([[0.1199],
        [0.2920],
        [0.1885],
        ...,
        [0.2459],
        [0.2593],
        [0.1898]], device='cuda:0', grad_fn=<MmBackward0>)
tensor([[0.3068],
        [0.2786],
        [0.2640],
        ...,
        [0.2088],
        [0.3095],
        [0.3494]], device='cuda:0', grad_fn=<MmBackward0>)
tensor([[0.2729],
        [0.3452],
        [0.3048],
        ...,
        [0.3279],
        [0.2934],
        [0.1332]], device='cuda:0', grad_fn=<MmBackward0>)
tensor([[0.2987],
        [0.1858],
        [0.2531],
        ...,
        [0.2855],
        [0.3217],
        [0.3033]], device='cuda:0', grad_fn=<MmBackward0>)
tensor([[0.1808],
        [0.2488],
        [0.3318],
        ...,
        [0.2299],
        [0.1196],
        [0.2195]], device='cuda:0', grad_fn=<MmBackward0>)
tensor([[0.3044],
        [0.2549],
        [0.2443],
        ...,
        [0.2118],
        [0.2964],
        [0.2570]], device='cuda:0', grad_fn=<MmBackward0>)
tensor([[0.2600],
        [0.1918],
        [0.2126],
        ...,
        [0.2753],
        [0.1836],
        [0.3100]], device='cuda:0', grad_fn=<MmBackward0>)
tensor([[0.2521],
        [0.1732],
        [0.1473],
        ...,
        [0.2936],
        [0.2357],
        [0.2874]], device='cuda:0', grad_fn=<MmBackward0>)
tensor([[0.1481],
        [0.2173],
        [0.2898],
        ...,
        [0.2863],
        [0.2539],
        [0.2793]], device='cuda:0', grad_fn=<MmBackward0>)
tensor([[0.2839],
        [0.2894],
        [0.2912],
        ...,
        [0.2288],
        [0.2226],
        [0.1981]], device='cuda:0', grad_fn=<MmBackward0>)
tensor([[0.2891],
        [0.2636],
        [0.1334],
        ...,
        [0.2569],
        [0.2264],
        [0.2050]], device='cuda:0', grad_fn=<MmBackward0>)
tensor([[0.2185],
        [0.1596],
        [0.2489],
        ...,
        [0.2905],
        [0.3197],
        [0.1908]], device='cuda:0', grad_fn=<MmBackward0>)
tensor([[0.3013],
        [0.1839],
        [0.2283],
        ...,
        [0.1350],
        [0.2403],
        [0.1648]], device='cuda:0', grad_fn=<MmBackward0>)
tensor([[0.3031],
        [0.2343],
        [0.2432],
        ...,
        [0.2118],
        [0.2107],
        [0.2629]], device='cuda:0', grad_fn=<MmBackward0>)
tensor([[0.2538],
        [0.3450],
        [0.2709],
        ...,
        [0.2155],
        [0.1588],
        [0.2274]], device='cuda:0', grad_fn=<MmBackward0>)
tensor([[0.1070],
        [0.1224],
        [0.2363],
        ...,
        [0.1251],
        [0.2872],
        [0.2385]], device='cuda:0', grad_fn=<MmBackward0>)
tensor([[0.3467],
        [0.3679],
        [0.2016],
        ...,
        [0.2675],
        [0.2492],
        [0.2112]], device='cuda:0', grad_fn=<MmBackward0>)
tensor([[0.3008],
        [0.2171],
        [0.2465],
        ...,
        [0.2564],
        [0.2800],
        [0.2651]], device='cuda:0', grad_fn=<MmBackward0>)
tensor([[0.3285],
        [0.2159],
        [0.0092],
        ...,
        [0.2735],
        [0.1971],
        [0.3102]], device='cuda:0', grad_fn=<MmBackward0>)
tensor([[0.3099],
        [0.2934],
        [0.2956],
        ...,
        [0.3012],
        [0.2891],
        [0.2879]], device='cuda:0', grad_fn=<MmBackward0>)
tensor([[0.3186],
        [0.1066],
        [0.2905],
        ...,
        [0.2434],
        [0.2811],
        [0.2301]], device='cuda:0', grad_fn=<MmBackward0>)
tensor([[0.2463],
        [0.0792],
        [0.1630],
        ...,
        [0.2833],
        [0.3311],
        [0.3193]], device='cuda:0', grad_fn=<MmBackward0>)
tensor([[0.1591],
        [0.2292],
        [0.2286],
        ...,
        [0.2158],
        [0.3592],
        [0.2512]], device='cuda:0', grad_fn=<MmBackward0>)
tensor([[0.2109],
        [0.2396],
        [0.2000],
        ...,
        [0.1373],
        [0.2032],
        [0.2499]], device='cuda:0', grad_fn=<MmBackward0>)
tensor([[0.3632],
        [0.1770],
        [0.2411],
        ...,
        [0.1631],
        [0.2204],
        [0.1660]], device='cuda:0', grad_fn=<MmBackward0>)
tensor([[0.2841],
        [0.3003],
        [0.2323],
        ...,
        [0.1343],
        [0.1535],
        [0.2196]], device='cuda:0', grad_fn=<MmBackward0>)
tensor([[0.3451],
        [0.2615],
        [0.1324],
        ...,
        [0.1283],
        [0.1556],
        [0.3197]], device='cuda:0', grad_fn=<MmBackward0>)
tensor([[0.2248],
        [0.3029],
        [0.1883],
        ...,
        [0.2767],
        [0.1943],
        [0.1796]], device='cuda:0', grad_fn=<MmBackward0>)
tensor([[0.2420],
        [0.0904],
        [0.2709],
        ...,
        [0.2162],
        [0.2354],
        [0.1944]], device='cuda:0', grad_fn=<MmBackward0>)
tensor([[0.2567],
        [0.3398],
        [0.2527],
        ...,
        [0.2202],
        [0.3750],
        [0.2729]], device='cuda:0', grad_fn=<MmBackward0>)
tensor([[0.2541],
        [0.2750],
        [0.1634],
        ...,
        [0.1974],
        [0.2454],
        [0.1843]], device='cuda:0', grad_fn=<MmBackward0>)
tensor([[0.2756],
        [0.2958],
        [0.2459],
        ...,
        [0.2603],
        [0.2651],
        [0.2029]], device='cuda:0', grad_fn=<MmBackward0>)
tensor([[0.2815],
        [0.2626],
        [0.1482],
        ...,
        [0.1518],
        [0.1776],
        [0.2474]], device='cuda:0', grad_fn=<MmBackward0>)
tensor([[0.2968],
        [0.1368],
        [0.2238],
        ...,
        [0.2815],
        [0.2837],
        [0.2422]], device='cuda:0', grad_fn=<MmBackward0>)
  0%|          | 0/10 [00:48<?, ?it/s]
tensor([[ 0.1635],
        [ 0.1480],
        [ 0.0615],
        ...,
        [ 0.1138],
        [-0.0970],
        [ 0.0773]], device='cuda:0')
tensor([[0.1427],
        [0.1560],
        [0.1249],
        ...,
        [0.0933],
        [0.1230],
        [0.0925]], device='cuda:0')
tensor([[0.1554],
        [0.1506],
        [0.1157],
        ...,
        [0.1367],
        [0.0259],
        [0.1406]], device='cuda:0')
tensor([[0.1347],
        [0.0801],
        [0.0878],
        ...,
        [0.1949],
        [0.0949],
        [0.0073]], device='cuda:0')
tensor([[0.0387],
        [0.1230],
        [0.0937],
        ...,
        [0.0653],
        [0.1943],
        [0.1773]], device='cuda:0')
tensor([[0.1407],
        [0.1678],
        [0.0784],
        ...,
        [0.0425],
        [0.0525],
        [0.1748]], device='cuda:0')
tensor([[0.0615],
        [0.1476],
        [0.1469],
        ...,
        [0.0756],
        [0.0671],
        [0.1000]], device='cuda:0')
tensor([[0.1261],
        [0.1117],
        [0.0913],
        ...,
        [0.1237],
        [0.1238],
        [0.1712]], device='cuda:0')
tensor([[0.1017],
        [0.1069],
        [0.0655],
        ...,
        [0.0975],
        [0.1740],
        [0.0937]], device='cuda:0')
tensor([[ 0.1283],
        [ 0.1563],
        [-0.0322],
        ...,
        [ 0.1604],
        [ 0.0810],
        [ 0.1212]], device='cuda:0')
tensor([[0.1087],
        [0.1015],
        [0.0545],
        ...,
        [0.1015],
        [0.0514],
        [0.1557]], device='cuda:0')
tensor([[0.0909],
        [0.0987],
        [0.1467],
        ...,
        [0.1102],
        [0.0879],
        [0.1960]], device='cuda:0')
tensor([[0.0714],
        [0.0638],
        [0.0749],
        ...,
        [0.1240],
        [0.1541],
        [0.0315]], device='cuda:0')
tensor([[0.1488],
        [0.0702],
        [0.0848],
        ...,
        [0.1892],
        [0.0817],
        [0.1441]], device='cuda:0')
tensor([[-0.0130],
        [-0.0526],
        [-0.0088],
        ...,
        [ 0.0885],
        [ 0.1605],
        [ 0.1536]], device='cuda:0')
tensor([[0.0567],
        [0.1711],
        [0.1280],
        ...,
        [0.1199],
        [0.0583],
        [0.1233]], device='cuda:0')
tensor([[0.0202],
        [0.1041],
        [0.1009],
        ...,
        [0.1150],
        [0.1330],
        [0.1209]], device='cuda:0')
tensor([[0.0565],
        [0.1358],
        [0.0834],
        ...,
        [0.1803],
        [0.1398],
        [0.0915]], device='cuda:0')
tensor([[0.0925],
        [0.0831],
        [0.1202],
        ...,
        [0.0931],
        [0.0969],
        [0.0844]], device='cuda:0')
tensor([[0.0357],
        [0.0531],
        [0.1548],
        ...,
        [0.1293],
        [0.1793],
        [0.1325]], device='cuda:0')
tensor([[0.1233],
        [0.0440],
        [0.0956],
        ...,
        [0.0506],
        [0.0356],
        [0.0850]], device='cuda:0')
tensor([[0.1491],
        [0.0730],
        [0.0938],
        ...,
        [0.1104],
        [0.1201],
        [0.1779]], device='cuda:0')
tensor([[0.1203],
        [0.1070],
        [0.0295],
        ...,
        [0.1302],
        [0.1277],
        [0.1506]], device='cuda:0')
tensor([[0.0942],
        [0.0988],
        [0.1422],
        ...,
        [0.1067],
        [0.0960],
        [0.0768]], device='cuda:0')
tensor([[ 0.1665],
        [-0.0112],
        [ 0.0730],
        ...,
        [ 0.0985],
        [ 0.1569],
        [ 0.0708]], device='cuda:0')
tensor([[0.0975],
        [0.0946],
        [0.0042],
        ...,
        [0.0244],
        [0.1159],
        [0.1264]], device='cuda:0')
tensor([[0.1534],
        [0.1656],
        [0.0856],
        ...,
        [0.1424],
        [0.1193],
        [0.1248]], device='cuda:0')
tensor([[ 0.0458],
        [ 0.0438],
        [ 0.0801],
        ...,
        [ 0.1537],
        [ 0.0778],
        [-0.0032]], device='cuda:0')
tensor([[0.1334],
        [0.1484],
        [0.1201],
        ...,
        [0.0898],
        [0.0461],
        [0.1385]], device='cuda:0')
tensor([[0.1026],
        [0.1188],
        [0.0761],
        ...,
        [0.1124],
        [0.1756],
        [0.1593]], device='cuda:0')
tensor([[0.1635],
        [0.1480],
        [0.0615],
        ...,
        [0.1130],
        [0.1206],
        [0.1370]], device='cuda:0')
Traceback (most recent call last):
  File "/project/p_gnn001/code/tsp/tsp/train2.py", line 328, in <module>
    main()
  File "/project/p_gnn001/code/tsp/tsp/train2.py", line 321, in main
    val_loss = run(args)
               ^^^^^^^^^
  File "/project/p_gnn001/code/tsp/tsp/train2.py", line 231, in run
    es = H.ndata['e'].cpu().numpy()
         ^^^^^^^^^^^^^^^^
AttributeError: 'dict' object has no attribute 'cpu'
