device = cuda
  0%|          | 0/10 [00:00<?, ?it/s]/home/p_gnngw/miniconda3/envs/cuda118/lib/python3.12/site-packages/numpy/lib/function_base.py:2897: RuntimeWarning: invalid value encountered in divide
  c /= stddev[:, None]
/home/p_gnngw/miniconda3/envs/cuda118/lib/python3.12/site-packages/numpy/lib/function_base.py:2898: RuntimeWarning: invalid value encountered in divide
  c /= stddev[None, :]
/home/p_gnngw/miniconda3/envs/cuda118/lib/python3.12/site-packages/numpy/lib/function_base.py:2897: RuntimeWarning: invalid value encountered in divide
  c /= stddev[:, None]
/home/p_gnngw/miniconda3/envs/cuda118/lib/python3.12/site-packages/numpy/lib/function_base.py:2898: RuntimeWarning: invalid value encountered in divide
  c /= stddev[None, :]
/home/p_gnngw/miniconda3/envs/cuda118/lib/python3.12/site-packages/numpy/lib/function_base.py:2897: RuntimeWarning: invalid value encountered in divide
  c /= stddev[:, None]
/home/p_gnngw/miniconda3/envs/cuda118/lib/python3.12/site-packages/numpy/lib/function_base.py:2898: RuntimeWarning: invalid value encountered in divide
  c /= stddev[None, :]
/home/p_gnngw/miniconda3/envs/cuda118/lib/python3.12/site-packages/numpy/lib/function_base.py:2897: RuntimeWarning: invalid value encountered in divide
  c /= stddev[:, None]
/home/p_gnngw/miniconda3/envs/cuda118/lib/python3.12/site-packages/numpy/lib/function_base.py:2898: RuntimeWarning: invalid value encountered in divide
  c /= stddev[None, :]
/home/p_gnngw/miniconda3/envs/cuda118/lib/python3.12/site-packages/numpy/lib/function_base.py:2897: RuntimeWarning: invalid value encountered in divide
  c /= stddev[:, None]
/home/p_gnngw/miniconda3/envs/cuda118/lib/python3.12/site-packages/numpy/lib/function_base.py:2898: RuntimeWarning: invalid value encountered in divide
  c /= stddev[None, :]
/home/p_gnngw/miniconda3/envs/cuda118/lib/python3.12/site-packages/numpy/lib/function_base.py:2897: RuntimeWarning: invalid value encountered in divide
  c /= stddev[:, None]
/home/p_gnngw/miniconda3/envs/cuda118/lib/python3.12/site-packages/numpy/lib/function_base.py:2898: RuntimeWarning: invalid value encountered in divide
  c /= stddev[None, :]
/home/p_gnngw/miniconda3/envs/cuda118/lib/python3.12/site-packages/numpy/lib/function_base.py:2897: RuntimeWarning: invalid value encountered in divide
  c /= stddev[:, None]
/home/p_gnngw/miniconda3/envs/cuda118/lib/python3.12/site-packages/numpy/lib/function_base.py:2898: RuntimeWarning: invalid value encountered in divide
  c /= stddev[None, :]
/home/p_gnngw/miniconda3/envs/cuda118/lib/python3.12/site-packages/numpy/lib/function_base.py:2897: RuntimeWarning: invalid value encountered in divide
  c /= stddev[:, None]
/home/p_gnngw/miniconda3/envs/cuda118/lib/python3.12/site-packages/numpy/lib/function_base.py:2898: RuntimeWarning: invalid value encountered in divide
  c /= stddev[None, :]
/home/p_gnngw/miniconda3/envs/cuda118/lib/python3.12/site-packages/numpy/lib/function_base.py:2897: RuntimeWarning: invalid value encountered in divide
  c /= stddev[:, None]
/home/p_gnngw/miniconda3/envs/cuda118/lib/python3.12/site-packages/numpy/lib/function_base.py:2898: RuntimeWarning: invalid value encountered in divide
  c /= stddev[None, :]
/home/p_gnngw/miniconda3/envs/cuda118/lib/python3.12/site-packages/numpy/lib/function_base.py:2897: RuntimeWarning: invalid value encountered in divide
  c /= stddev[:, None]
/home/p_gnngw/miniconda3/envs/cuda118/lib/python3.12/site-packages/numpy/lib/function_base.py:2898: RuntimeWarning: invalid value encountered in divide
  c /= stddev[None, :]
/home/p_gnngw/miniconda3/envs/cuda118/lib/python3.12/site-packages/numpy/lib/function_base.py:2897: RuntimeWarning: invalid value encountered in divide
  c /= stddev[:, None]
/home/p_gnngw/miniconda3/envs/cuda118/lib/python3.12/site-packages/numpy/lib/function_base.py:2898: RuntimeWarning: invalid value encountered in divide
  c /= stddev[None, :]
/home/p_gnngw/miniconda3/envs/cuda118/lib/python3.12/site-packages/numpy/lib/function_base.py:2897: RuntimeWarning: invalid value encountered in divide
  c /= stddev[:, None]
/home/p_gnngw/miniconda3/envs/cuda118/lib/python3.12/site-packages/numpy/lib/function_base.py:2898: RuntimeWarning: invalid value encountered in divide
  c /= stddev[None, :]
/home/p_gnngw/miniconda3/envs/cuda118/lib/python3.12/site-packages/numpy/lib/function_base.py:2897: RuntimeWarning: invalid value encountered in divide
  c /= stddev[:, None]
/home/p_gnngw/miniconda3/envs/cuda118/lib/python3.12/site-packages/numpy/lib/function_base.py:2898: RuntimeWarning: invalid value encountered in divide
  c /= stddev[None, :]
/home/p_gnngw/miniconda3/envs/cuda118/lib/python3.12/site-packages/numpy/lib/function_base.py:2897: RuntimeWarning: invalid value encountered in divide
  c /= stddev[:, None]
/home/p_gnngw/miniconda3/envs/cuda118/lib/python3.12/site-packages/numpy/lib/function_base.py:2898: RuntimeWarning: invalid value encountered in divide
  c /= stddev[None, :]
/home/p_gnngw/miniconda3/envs/cuda118/lib/python3.12/site-packages/numpy/lib/function_base.py:2897: RuntimeWarning: invalid value encountered in divide
  c /= stddev[:, None]
/home/p_gnngw/miniconda3/envs/cuda118/lib/python3.12/site-packages/numpy/lib/function_base.py:2898: RuntimeWarning: invalid value encountered in divide
  c /= stddev[None, :]
/home/p_gnngw/miniconda3/envs/cuda118/lib/python3.12/site-packages/numpy/lib/function_base.py:2897: RuntimeWarning: invalid value encountered in divide
  c /= stddev[:, None]
/home/p_gnngw/miniconda3/envs/cuda118/lib/python3.12/site-packages/numpy/lib/function_base.py:2898: RuntimeWarning: invalid value encountered in divide
  c /= stddev[None, :]
/home/p_gnngw/miniconda3/envs/cuda118/lib/python3.12/site-packages/numpy/lib/function_base.py:2897: RuntimeWarning: invalid value encountered in divide
  c /= stddev[:, None]
/home/p_gnngw/miniconda3/envs/cuda118/lib/python3.12/site-packages/numpy/lib/function_base.py:2898: RuntimeWarning: invalid value encountered in divide
  c /= stddev[None, :]
/home/p_gnngw/miniconda3/envs/cuda118/lib/python3.12/site-packages/numpy/lib/function_base.py:2897: RuntimeWarning: invalid value encountered in divide
  c /= stddev[:, None]
/home/p_gnngw/miniconda3/envs/cuda118/lib/python3.12/site-packages/numpy/lib/function_base.py:2898: RuntimeWarning: invalid value encountered in divide
  c /= stddev[None, :]
/home/p_gnngw/miniconda3/envs/cuda118/lib/python3.12/site-packages/numpy/lib/function_base.py:2897: RuntimeWarning: invalid value encountered in divide
  c /= stddev[:, None]
/home/p_gnngw/miniconda3/envs/cuda118/lib/python3.12/site-packages/numpy/lib/function_base.py:2898: RuntimeWarning: invalid value encountered in divide
  c /= stddev[None, :]
/home/p_gnngw/miniconda3/envs/cuda118/lib/python3.12/site-packages/numpy/lib/function_base.py:2897: RuntimeWarning: invalid value encountered in divide
  c /= stddev[:, None]
/home/p_gnngw/miniconda3/envs/cuda118/lib/python3.12/site-packages/numpy/lib/function_base.py:2898: RuntimeWarning: invalid value encountered in divide
  c /= stddev[None, :]
  0%|          | 0/10 [01:06<?, ?it/s, Train Loss=0.0182, Validation Loss=0.0001, correlation : =nan, cosin correlation : =0.9999, gap : =180.0109] 10%|█         | 1/10 [01:06<09:55, 66.16s/it, Train Loss=0.0182, Validation Loss=0.0001, correlation : =nan, cosin correlation : =0.9999, gap : =180.0109]/home/p_gnngw/miniconda3/envs/cuda118/lib/python3.12/site-packages/numpy/lib/function_base.py:2897: RuntimeWarning: invalid value encountered in divide
  c /= stddev[:, None]
/home/p_gnngw/miniconda3/envs/cuda118/lib/python3.12/site-packages/numpy/lib/function_base.py:2898: RuntimeWarning: invalid value encountered in divide
  c /= stddev[None, :]
/home/p_gnngw/miniconda3/envs/cuda118/lib/python3.12/site-packages/numpy/lib/function_base.py:2897: RuntimeWarning: invalid value encountered in divide
  c /= stddev[:, None]
/home/p_gnngw/miniconda3/envs/cuda118/lib/python3.12/site-packages/numpy/lib/function_base.py:2898: RuntimeWarning: invalid value encountered in divide
  c /= stddev[None, :]
/home/p_gnngw/miniconda3/envs/cuda118/lib/python3.12/site-packages/numpy/lib/function_base.py:2897: RuntimeWarning: invalid value encountered in divide
  c /= stddev[:, None]
/home/p_gnngw/miniconda3/envs/cuda118/lib/python3.12/site-packages/numpy/lib/function_base.py:2898: RuntimeWarning: invalid value encountered in divide
  c /= stddev[None, :]
/home/p_gnngw/miniconda3/envs/cuda118/lib/python3.12/site-packages/numpy/lib/function_base.py:2897: RuntimeWarning: invalid value encountered in divide
  c /= stddev[:, None]
/home/p_gnngw/miniconda3/envs/cuda118/lib/python3.12/site-packages/numpy/lib/function_base.py:2898: RuntimeWarning: invalid value encountered in divide
  c /= stddev[None, :]
/home/p_gnngw/miniconda3/envs/cuda118/lib/python3.12/site-packages/numpy/lib/function_base.py:2897: RuntimeWarning: invalid value encountered in divide
  c /= stddev[:, None]
/home/p_gnngw/miniconda3/envs/cuda118/lib/python3.12/site-packages/numpy/lib/function_base.py:2898: RuntimeWarning: invalid value encountered in divide
  c /= stddev[None, :]
/home/p_gnngw/miniconda3/envs/cuda118/lib/python3.12/site-packages/numpy/lib/function_base.py:2897: RuntimeWarning: invalid value encountered in divide
  c /= stddev[:, None]
/home/p_gnngw/miniconda3/envs/cuda118/lib/python3.12/site-packages/numpy/lib/function_base.py:2898: RuntimeWarning: invalid value encountered in divide
  c /= stddev[None, :]
/home/p_gnngw/miniconda3/envs/cuda118/lib/python3.12/site-packages/numpy/lib/function_base.py:2897: RuntimeWarning: invalid value encountered in divide
  c /= stddev[:, None]
/home/p_gnngw/miniconda3/envs/cuda118/lib/python3.12/site-packages/numpy/lib/function_base.py:2898: RuntimeWarning: invalid value encountered in divide
  c /= stddev[None, :]
/home/p_gnngw/miniconda3/envs/cuda118/lib/python3.12/site-packages/numpy/lib/function_base.py:2897: RuntimeWarning: invalid value encountered in divide
  c /= stddev[:, None]
/home/p_gnngw/miniconda3/envs/cuda118/lib/python3.12/site-packages/numpy/lib/function_base.py:2898: RuntimeWarning: invalid value encountered in divide
  c /= stddev[None, :]
/home/p_gnngw/miniconda3/envs/cuda118/lib/python3.12/site-packages/numpy/lib/function_base.py:2897: RuntimeWarning: invalid value encountered in divide
  c /= stddev[:, None]
/home/p_gnngw/miniconda3/envs/cuda118/lib/python3.12/site-packages/numpy/lib/function_base.py:2898: RuntimeWarning: invalid value encountered in divide
  c /= stddev[None, :]
/home/p_gnngw/miniconda3/envs/cuda118/lib/python3.12/site-packages/numpy/lib/function_base.py:2897: RuntimeWarning: invalid value encountered in divide
  c /= stddev[:, None]
/home/p_gnngw/miniconda3/envs/cuda118/lib/python3.12/site-packages/numpy/lib/function_base.py:2898: RuntimeWarning: invalid value encountered in divide
  c /= stddev[None, :]
/home/p_gnngw/miniconda3/envs/cuda118/lib/python3.12/site-packages/numpy/lib/function_base.py:2897: RuntimeWarning: invalid value encountered in divide
  c /= stddev[:, None]
/home/p_gnngw/miniconda3/envs/cuda118/lib/python3.12/site-packages/numpy/lib/function_base.py:2898: RuntimeWarning: invalid value encountered in divide
  c /= stddev[None, :]
/home/p_gnngw/miniconda3/envs/cuda118/lib/python3.12/site-packages/numpy/lib/function_base.py:2897: RuntimeWarning: invalid value encountered in divide
  c /= stddev[:, None]
/home/p_gnngw/miniconda3/envs/cuda118/lib/python3.12/site-packages/numpy/lib/function_base.py:2898: RuntimeWarning: invalid value encountered in divide
  c /= stddev[None, :]
/home/p_gnngw/miniconda3/envs/cuda118/lib/python3.12/site-packages/numpy/lib/function_base.py:2897: RuntimeWarning: invalid value encountered in divide
  c /= stddev[:, None]
/home/p_gnngw/miniconda3/envs/cuda118/lib/python3.12/site-packages/numpy/lib/function_base.py:2898: RuntimeWarning: invalid value encountered in divide
  c /= stddev[None, :]
/home/p_gnngw/miniconda3/envs/cuda118/lib/python3.12/site-packages/numpy/lib/function_base.py:2897: RuntimeWarning: invalid value encountered in divide
  c /= stddev[:, None]
/home/p_gnngw/miniconda3/envs/cuda118/lib/python3.12/site-packages/numpy/lib/function_base.py:2898: RuntimeWarning: invalid value encountered in divide
  c /= stddev[None, :]
/home/p_gnngw/miniconda3/envs/cuda118/lib/python3.12/site-packages/numpy/lib/function_base.py:2897: RuntimeWarning: invalid value encountered in divide
  c /= stddev[:, None]
/home/p_gnngw/miniconda3/envs/cuda118/lib/python3.12/site-packages/numpy/lib/function_base.py:2898: RuntimeWarning: invalid value encountered in divide
  c /= stddev[None, :]
/home/p_gnngw/miniconda3/envs/cuda118/lib/python3.12/site-packages/numpy/lib/function_base.py:2897: RuntimeWarning: invalid value encountered in divide
  c /= stddev[:, None]
/home/p_gnngw/miniconda3/envs/cuda118/lib/python3.12/site-packages/numpy/lib/function_base.py:2898: RuntimeWarning: invalid value encountered in divide
  c /= stddev[None, :]
/home/p_gnngw/miniconda3/envs/cuda118/lib/python3.12/site-packages/numpy/lib/function_base.py:2897: RuntimeWarning: invalid value encountered in divide
  c /= stddev[:, None]
/home/p_gnngw/miniconda3/envs/cuda118/lib/python3.12/site-packages/numpy/lib/function_base.py:2898: RuntimeWarning: invalid value encountered in divide
  c /= stddev[None, :]
/home/p_gnngw/miniconda3/envs/cuda118/lib/python3.12/site-packages/numpy/lib/function_base.py:2897: RuntimeWarning: invalid value encountered in divide
  c /= stddev[:, None]
/home/p_gnngw/miniconda3/envs/cuda118/lib/python3.12/site-packages/numpy/lib/function_base.py:2898: RuntimeWarning: invalid value encountered in divide
  c /= stddev[None, :]
/home/p_gnngw/miniconda3/envs/cuda118/lib/python3.12/site-packages/numpy/lib/function_base.py:2897: RuntimeWarning: invalid value encountered in divide
  c /= stddev[:, None]
/home/p_gnngw/miniconda3/envs/cuda118/lib/python3.12/site-packages/numpy/lib/function_base.py:2898: RuntimeWarning: invalid value encountered in divide
  c /= stddev[None, :]
/home/p_gnngw/miniconda3/envs/cuda118/lib/python3.12/site-packages/numpy/lib/function_base.py:2897: RuntimeWarning: invalid value encountered in divide
  c /= stddev[:, None]
/home/p_gnngw/miniconda3/envs/cuda118/lib/python3.12/site-packages/numpy/lib/function_base.py:2898: RuntimeWarning: invalid value encountered in divide
  c /= stddev[None, :]
 10%|█         | 1/10 [02:03<09:55, 66.16s/it, Train Loss=0.0002, Validation Loss=0.0001, correlation : =nan, cosin correlation : =0.9999, gap : =273.1295] 20%|██        | 2/10 [02:03<08:07, 60.90s/it, Train Loss=0.0002, Validation Loss=0.0001, correlation : =nan, cosin correlation : =0.9999, gap : =273.1295]slurmstepd: error: *** JOB 4521464 ON x1001c0s0b0n0 CANCELLED AT 2024-04-23T21:00:37 ***
