device = cuda
  0%|          | 0/10 [00:00<?, ?it/s]tensor([[-0.1143],
        [ 0.0264],
        [ 0.1122],
        ...,
        [ 0.2382],
        [-0.0636],
        [-0.2171]], device='cuda:0', grad_fn=<MmBackward0>)
tensor([[ 0.0530],
        [ 0.1177],
        [ 0.0415],
        ...,
        [ 0.0220],
        [ 0.0678],
        [-0.0161]], device='cuda:0', grad_fn=<MmBackward0>)
tensor([[0.0631],
        [0.0514],
        [0.1250],
        ...,
        [0.0434],
        [0.0821],
        [0.1089]], device='cuda:0', grad_fn=<MmBackward0>)
tensor([[ 0.0359],
        [ 0.0303],
        [ 0.0918],
        ...,
        [ 0.0565],
        [-0.0726],
        [-0.0655]], device='cuda:0', grad_fn=<MmBackward0>)
tensor([[0.1075],
        [0.2006],
        [0.0773],
        ...,
        [0.2403],
        [0.0890],
        [0.1600]], device='cuda:0', grad_fn=<MmBackward0>)
tensor([[ 0.1415],
        [ 0.3319],
        [ 0.1336],
        ...,
        [ 0.2559],
        [ 0.0697],
        [-0.0366]], device='cuda:0', grad_fn=<MmBackward0>)
tensor([[0.2389],
        [0.1628],
        [0.1835],
        ...,
        [0.2188],
        [0.0760],
        [0.1823]], device='cuda:0', grad_fn=<MmBackward0>)
tensor([[ 0.3309],
        [ 0.3014],
        [ 0.2878],
        ...,
        [ 0.2216],
        [ 0.1334],
        [-0.0919]], device='cuda:0', grad_fn=<MmBackward0>)
tensor([[0.2349],
        [0.3434],
        [0.2153],
        ...,
        [0.0777],
        [0.1966],
        [0.1734]], device='cuda:0', grad_fn=<MmBackward0>)
tensor([[0.1598],
        [0.2400],
        [0.1244],
        ...,
        [0.0805],
        [0.1638],
        [0.1654]], device='cuda:0', grad_fn=<MmBackward0>)
tensor([[0.3003],
        [0.0745],
        [0.2571],
        ...,
        [0.2346],
        [0.2815],
        [0.2028]], device='cuda:0', grad_fn=<MmBackward0>)
tensor([[0.3213],
        [0.2692],
        [0.2465],
        ...,
        [0.2426],
        [0.2395],
        [0.1779]], device='cuda:0', grad_fn=<MmBackward0>)
tensor([[0.4323],
        [0.3747],
        [0.4773],
        ...,
        [0.2656],
        [0.2908],
        [0.2126]], device='cuda:0', grad_fn=<MmBackward0>)
tensor([[0.1844],
        [0.2764],
        [0.0946],
        ...,
        [0.2453],
        [0.2122],
        [0.3023]], device='cuda:0', grad_fn=<MmBackward0>)
tensor([[0.2088],
        [0.2303],
        [0.2680],
        ...,
        [0.3633],
        [0.3249],
        [0.1432]], device='cuda:0', grad_fn=<MmBackward0>)
tensor([[0.2927],
        [0.2130],
        [0.2746],
        ...,
        [0.2636],
        [0.2766],
        [0.3002]], device='cuda:0', grad_fn=<MmBackward0>)
tensor([[0.2926],
        [0.2873],
        [0.2448],
        ...,
        [0.1306],
        [0.2757],
        [0.1840]], device='cuda:0', grad_fn=<MmBackward0>)
tensor([[0.1344],
        [0.0576],
        [0.0496],
        ...,
        [0.2550],
        [0.2742],
        [0.2205]], device='cuda:0', grad_fn=<MmBackward0>)
tensor([[0.2462],
        [0.2478],
        [0.2371],
        ...,
        [0.1681],
        [0.1313],
        [0.4408]], device='cuda:0', grad_fn=<MmBackward0>)
tensor([[0.1550],
        [0.0927],
        [0.3736],
        ...,
        [0.0294],
        [0.3562],
        [0.2381]], device='cuda:0', grad_fn=<MmBackward0>)
tensor([[0.2201],
        [0.0595],
        [0.2028],
        ...,
        [0.0444],
        [0.2333],
        [0.1894]], device='cuda:0', grad_fn=<MmBackward0>)
tensor([[0.2179],
        [0.2995],
        [0.1035],
        ...,
        [0.2370],
        [0.1728],
        [0.4230]], device='cuda:0', grad_fn=<MmBackward0>)
tensor([[0.0942],
        [0.1924],
        [0.2334],
        ...,
        [0.2727],
        [0.2778],
        [0.2778]], device='cuda:0', grad_fn=<MmBackward0>)
tensor([[0.1987],
        [0.2470],
        [0.1232],
        ...,
        [0.1831],
        [0.2349],
        [0.1355]], device='cuda:0', grad_fn=<MmBackward0>)
tensor([[0.2198],
        [0.1675],
        [0.1637],
        ...,
        [0.3948],
        [0.0461],
        [0.1331]], device='cuda:0', grad_fn=<MmBackward0>)
tensor([[0.3734],
        [0.2972],
        [0.1620],
        ...,
        [0.2917],
        [0.3012],
        [0.2675]], device='cuda:0', grad_fn=<MmBackward0>)
tensor([[0.2875],
        [0.2829],
        [0.3347],
        ...,
        [0.2048],
        [0.2194],
        [0.1938]], device='cuda:0', grad_fn=<MmBackward0>)
tensor([[0.2507],
        [0.2762],
        [0.2180],
        ...,
        [0.1398],
        [0.2803],
        [0.0181]], device='cuda:0', grad_fn=<MmBackward0>)
tensor([[0.2147],
        [0.2149],
        [0.1650],
        ...,
        [0.2251],
        [0.1026],
        [0.1925]], device='cuda:0', grad_fn=<MmBackward0>)
tensor([[0.2488],
        [0.2997],
        [0.0993],
        ...,
        [0.1298],
        [0.2989],
        [0.2750]], device='cuda:0', grad_fn=<MmBackward0>)
tensor([[0.3491],
        [0.3565],
        [0.2045],
        ...,
        [0.2671],
        [0.2258],
        [0.1014]], device='cuda:0', grad_fn=<MmBackward0>)
tensor([[0.1759],
        [0.2513],
        [0.2139],
        ...,
        [0.3122],
        [0.2713],
        [0.1642]], device='cuda:0', grad_fn=<MmBackward0>)
tensor([[-0.0146],
        [ 0.3606],
        [ 0.3047],
        ...,
        [ 0.1611],
        [ 0.2222],
        [ 0.0992]], device='cuda:0', grad_fn=<MmBackward0>)
tensor([[0.2478],
        [0.1470],
        [0.3195],
        ...,
        [0.2953],
        [0.0586],
        [0.3049]], device='cuda:0', grad_fn=<MmBackward0>)
tensor([[0.1591],
        [0.2644],
        [0.1556],
        ...,
        [0.1364],
        [0.2674],
        [0.2829]], device='cuda:0', grad_fn=<MmBackward0>)
tensor([[0.2225],
        [0.0728],
        [0.2773],
        ...,
        [0.0239],
        [0.1709],
        [0.1877]], device='cuda:0', grad_fn=<MmBackward0>)
tensor([[0.2156],
        [0.2505],
        [0.1665],
        ...,
        [0.2033],
        [0.2507],
        [0.1942]], device='cuda:0', grad_fn=<MmBackward0>)
tensor([[0.3375],
        [0.1709],
        [0.1875],
        ...,
        [0.2796],
        [0.1571],
        [0.2642]], device='cuda:0', grad_fn=<MmBackward0>)
tensor([[0.2067],
        [0.2347],
        [0.1838],
        ...,
        [0.1860],
        [0.2140],
        [0.1718]], device='cuda:0', grad_fn=<MmBackward0>)
tensor([[0.2941],
        [0.1514],
        [0.2652],
        ...,
        [0.3113],
        [0.3761],
        [0.1845]], device='cuda:0', grad_fn=<MmBackward0>)
tensor([[0.1614],
        [0.1653],
        [0.1474],
        ...,
        [0.1273],
        [0.1361],
        [0.2441]], device='cuda:0', grad_fn=<MmBackward0>)
tensor([[0.3338],
        [0.2516],
        [0.1573],
        ...,
        [0.1237],
        [0.2453],
        [0.1654]], device='cuda:0', grad_fn=<MmBackward0>)
tensor([[0.1735],
        [0.2624],
        [0.1930],
        ...,
        [0.2539],
        [0.1483],
        [0.2788]], device='cuda:0', grad_fn=<MmBackward0>)
tensor([[0.1806],
        [0.1394],
        [0.2766],
        ...,
        [0.3106],
        [0.1603],
        [0.1972]], device='cuda:0', grad_fn=<MmBackward0>)
tensor([[0.1626],
        [0.1866],
        [0.1330],
        ...,
        [0.2746],
        [0.2384],
        [0.2367]], device='cuda:0', grad_fn=<MmBackward0>)
tensor([[0.2741],
        [0.3841],
        [0.1759],
        ...,
        [0.1829],
        [0.3983],
        [0.2860]], device='cuda:0', grad_fn=<MmBackward0>)
tensor([[ 0.1914],
        [ 0.2764],
        [-0.0270],
        ...,
        [ 0.2134],
        [ 0.2803],
        [ 0.1309]], device='cuda:0', grad_fn=<MmBackward0>)
tensor([[0.2742],
        [0.1809],
        [0.1647],
        ...,
        [0.1919],
        [0.3677],
        [0.3581]], device='cuda:0', grad_fn=<MmBackward0>)
tensor([[0.2767],
        [0.2278],
        [0.1472],
        ...,
        [0.1585],
        [0.2196],
        [0.1671]], device='cuda:0', grad_fn=<MmBackward0>)
tensor([[0.2867],
        [0.2281],
        [0.2236],
        ...,
        [0.2572],
        [0.2867],
        [0.2017]], device='cuda:0', grad_fn=<MmBackward0>)
tensor([[0.2545],
        [0.1144],
        [0.2178],
        ...,
        [0.2679],
        [0.3257],
        [0.1615]], device='cuda:0', grad_fn=<MmBackward0>)
tensor([[0.2480],
        [0.2705],
        [0.1659],
        ...,
        [0.2076],
        [0.1311],
        [0.1980]], device='cuda:0', grad_fn=<MmBackward0>)
tensor([[0.1805],
        [0.1081],
        [0.1822],
        ...,
        [0.2278],
        [0.2125],
        [0.2054]], device='cuda:0', grad_fn=<MmBackward0>)
tensor([[0.1620],
        [0.2666],
        [0.1455],
        ...,
        [0.1321],
        [0.1407],
        [0.1571]], device='cuda:0', grad_fn=<MmBackward0>)
tensor([[0.2608],
        [0.1935],
        [0.2234],
        ...,
        [0.2336],
        [0.2917],
        [0.2724]], device='cuda:0', grad_fn=<MmBackward0>)
tensor([[0.2437],
        [0.1476],
        [0.3127],
        ...,
        [0.2332],
        [0.2151],
        [0.2449]], device='cuda:0', grad_fn=<MmBackward0>)
tensor([[0.2384],
        [0.2023],
        [0.2267],
        ...,
        [0.1383],
        [0.4100],
        [0.1581]], device='cuda:0', grad_fn=<MmBackward0>)
tensor([[0.1876],
        [0.1763],
        [0.2350],
        ...,
        [0.1114],
        [0.2036],
        [0.1915]], device='cuda:0', grad_fn=<MmBackward0>)
tensor([[0.2517],
        [0.1302],
        [0.1820],
        ...,
        [0.3578],
        [0.4240],
        [0.2772]], device='cuda:0', grad_fn=<MmBackward0>)
tensor([[0.1974],
        [0.2697],
        [0.2254],
        ...,
        [0.2112],
        [0.2938],
        [0.2779]], device='cuda:0', grad_fn=<MmBackward0>)
tensor([[0.2208],
        [0.2111],
        [0.2561],
        ...,
        [0.2122],
        [0.2499],
        [0.2109]], device='cuda:0', grad_fn=<MmBackward0>)
tensor([[0.2940],
        [0.1774],
        [0.1831],
        ...,
        [0.1937],
        [0.3154],
        [0.2410]], device='cuda:0', grad_fn=<MmBackward0>)
tensor([[0.2078],
        [0.2491],
        [0.2638],
        ...,
        [0.1585],
        [0.2428],
        [0.2583]], device='cuda:0', grad_fn=<MmBackward0>)
tensor([[0.2033],
        [0.1796],
        [0.2447],
        ...,
        [0.3148],
        [0.2658],
        [0.1929]], device='cuda:0', grad_fn=<MmBackward0>)
tensor([[0.2046],
        [0.2293],
        [0.3157],
        ...,
        [0.1451],
        [0.2945],
        [0.2774]], device='cuda:0', grad_fn=<MmBackward0>)
tensor([[0.1556],
        [0.2440],
        [0.1666],
        ...,
        [0.2751],
        [0.2991],
        [0.1901]], device='cuda:0', grad_fn=<MmBackward0>)
tensor([[0.1487],
        [0.1524],
        [0.2050],
        ...,
        [0.3051],
        [0.3594],
        [0.2276]], device='cuda:0', grad_fn=<MmBackward0>)
tensor([[0.2740],
        [0.3126],
        [0.1196],
        ...,
        [0.2501],
        [0.1365],
        [0.2173]], device='cuda:0', grad_fn=<MmBackward0>)
tensor([[0.1990],
        [0.1639],
        [0.1296],
        ...,
        [0.1478],
        [0.1873],
        [0.1208]], device='cuda:0', grad_fn=<MmBackward0>)
tensor([[0.2207],
        [0.2437],
        [0.1429],
        ...,
        [0.1936],
        [0.2461],
        [0.1885]], device='cuda:0', grad_fn=<MmBackward0>)
tensor([[0.2181],
        [0.1911],
        [0.2065],
        ...,
        [0.2230],
        [0.1956],
        [0.0973]], device='cuda:0', grad_fn=<MmBackward0>)
tensor([[ 0.1541],
        [-0.0231],
        [ 0.1863],
        ...,
        [ 0.2246],
        [ 0.1843],
        [ 0.2100]], device='cuda:0', grad_fn=<MmBackward0>)
tensor([[0.2049],
        [0.2818],
        [0.1357],
        ...,
        [0.3233],
        [0.1956],
        [0.2017]], device='cuda:0', grad_fn=<MmBackward0>)
tensor([[0.1125],
        [0.1941],
        [0.2858],
        ...,
        [0.1837],
        [0.1652],
        [0.1648]], device='cuda:0', grad_fn=<MmBackward0>)
tensor([[0.2387],
        [0.2080],
        [0.3249],
        ...,
        [0.1503],
        [0.2333],
        [0.2012]], device='cuda:0', grad_fn=<MmBackward0>)
tensor([[0.2560],
        [0.2044],
        [0.2322],
        ...,
        [0.3691],
        [0.2935],
        [0.2672]], device='cuda:0', grad_fn=<MmBackward0>)
tensor([[0.1239],
        [0.0871],
        [0.2219],
        ...,
        [0.2332],
        [0.2551],
        [0.2880]], device='cuda:0', grad_fn=<MmBackward0>)
tensor([[0.2868],
        [0.2529],
        [0.2670],
        ...,
        [0.2960],
        [0.2807],
        [0.2025]], device='cuda:0', grad_fn=<MmBackward0>)
tensor([[0.2104],
        [0.2576],
        [0.2127],
        ...,
        [0.2629],
        [0.1872],
        [0.2406]], device='cuda:0', grad_fn=<MmBackward0>)
tensor([[0.2676],
        [0.2322],
        [0.3163],
        ...,
        [0.2160],
        [0.2231],
        [0.2445]], device='cuda:0', grad_fn=<MmBackward0>)
tensor([[0.2785],
        [0.2222],
        [0.0868],
        ...,
        [0.2480],
        [0.1927],
        [0.1942]], device='cuda:0', grad_fn=<MmBackward0>)
tensor([[0.1985],
        [0.1959],
        [0.2059],
        ...,
        [0.2584],
        [0.1726],
        [0.1740]], device='cuda:0', grad_fn=<MmBackward0>)
tensor([[0.2233],
        [0.1523],
        [0.1189],
        ...,
        [0.1619],
        [0.1960],
        [0.0875]], device='cuda:0', grad_fn=<MmBackward0>)
tensor([[0.2610],
        [0.1998],
        [0.2185],
        ...,
        [0.2148],
        [0.1917],
        [0.2203]], device='cuda:0', grad_fn=<MmBackward0>)
tensor([[0.1713],
        [0.2332],
        [0.1514],
        ...,
        [0.2241],
        [0.1233],
        [0.1676]], device='cuda:0', grad_fn=<MmBackward0>)
tensor([[0.1939],
        [0.2432],
        [0.2887],
        ...,
        [0.2357],
        [0.2542],
        [0.3065]], device='cuda:0', grad_fn=<MmBackward0>)
tensor([[0.1510],
        [0.3234],
        [0.2572],
        ...,
        [0.1496],
        [0.2129],
        [0.2407]], device='cuda:0', grad_fn=<MmBackward0>)
tensor([[0.1902],
        [0.1996],
        [0.2017],
        ...,
        [0.2092],
        [0.2134],
        [0.1723]], device='cuda:0', grad_fn=<MmBackward0>)
tensor([[0.2473],
        [0.1594],
        [0.2213],
        ...,
        [0.3010],
        [0.2453],
        [0.2883]], device='cuda:0', grad_fn=<MmBackward0>)
tensor([[0.1479],
        [0.1712],
        [0.3006],
        ...,
        [0.2426],
        [0.2018],
        [0.1414]], device='cuda:0', grad_fn=<MmBackward0>)
tensor([[0.2014],
        [0.1169],
        [0.2643],
        ...,
        [0.1696],
        [0.2922],
        [0.1902]], device='cuda:0', grad_fn=<MmBackward0>)
tensor([[0.3055],
        [0.1999],
        [0.3257],
        ...,
        [0.0810],
        [0.2418],
        [0.1879]], device='cuda:0', grad_fn=<MmBackward0>)
tensor([[0.2849],
        [0.2118],
        [0.2939],
        ...,
        [0.3119],
        [0.2828],
        [0.2165]], device='cuda:0', grad_fn=<MmBackward0>)
tensor([[0.2195],
        [0.2462],
        [0.1842],
        ...,
        [0.3072],
        [0.2883],
        [0.3123]], device='cuda:0', grad_fn=<MmBackward0>)
tensor([[0.2624],
        [0.2554],
        [0.2503],
        ...,
        [0.2432],
        [0.3489],
        [0.2456]], device='cuda:0', grad_fn=<MmBackward0>)
tensor([[0.2781],
        [0.3266],
        [0.2876],
        ...,
        [0.1121],
        [0.2853],
        [0.1386]], device='cuda:0', grad_fn=<MmBackward0>)
tensor([[0.2064],
        [0.2908],
        [0.2139],
        ...,
        [0.2324],
        [0.2039],
        [0.2944]], device='cuda:0', grad_fn=<MmBackward0>)
tensor([[0.1989],
        [0.3387],
        [0.1779],
        ...,
        [0.1223],
        [0.2024],
        [0.2242]], device='cuda:0', grad_fn=<MmBackward0>)
tensor([[0.2630],
        [0.2631],
        [0.3018],
        ...,
        [0.2085],
        [0.2199],
        [0.2635]], device='cuda:0', grad_fn=<MmBackward0>)
tensor([[0.2755],
        [0.1277],
        [0.2008],
        ...,
        [0.1436],
        [0.1638],
        [0.1672]], device='cuda:0', grad_fn=<MmBackward0>)
tensor([[0.2171],
        [0.1822],
        [0.2120],
        ...,
        [0.1887],
        [0.2089],
        [0.1842]], device='cuda:0', grad_fn=<MmBackward0>)
tensor([[0.1711],
        [0.1788],
        [0.1956],
        ...,
        [0.3504],
        [0.3066],
        [0.1984]], device='cuda:0', grad_fn=<MmBackward0>)
tensor([[0.2954],
        [0.1094],
        [0.2683],
        ...,
        [0.1605],
        [0.4186],
        [0.3078]], device='cuda:0', grad_fn=<MmBackward0>)
tensor([[0.2760],
        [0.1929],
        [0.1683],
        ...,
        [0.2838],
        [0.2278],
        [0.2359]], device='cuda:0', grad_fn=<MmBackward0>)
tensor([[0.1996],
        [0.1569],
        [0.2241],
        ...,
        [0.1926],
        [0.2838],
        [0.1683]], device='cuda:0', grad_fn=<MmBackward0>)
tensor([[0.2574],
        [0.2741],
        [0.3392],
        ...,
        [0.1961],
        [0.1216],
        [0.2191]], device='cuda:0', grad_fn=<MmBackward0>)
tensor([[0.1806],
        [0.2910],
        [0.1963],
        ...,
        [0.2546],
        [0.2175],
        [0.1984]], device='cuda:0', grad_fn=<MmBackward0>)
tensor([[0.1526],
        [0.3233],
        [0.1760],
        ...,
        [0.1555],
        [0.2672],
        [0.2272]], device='cuda:0', grad_fn=<MmBackward0>)
tensor([[0.2619],
        [0.2304],
        [0.1262],
        ...,
        [0.2570],
        [0.1476],
        [0.2207]], device='cuda:0', grad_fn=<MmBackward0>)
tensor([[0.2628],
        [0.3174],
        [0.2069],
        ...,
        [0.2051],
        [0.1748],
        [0.2142]], device='cuda:0', grad_fn=<MmBackward0>)
tensor([[0.2469],
        [0.1422],
        [0.1339],
        ...,
        [0.1050],
        [0.2167],
        [0.3117]], device='cuda:0', grad_fn=<MmBackward0>)
tensor([[0.2826],
        [0.3479],
        [0.1154],
        ...,
        [0.2224],
        [0.0857],
        [0.1893]], device='cuda:0', grad_fn=<MmBackward0>)
tensor([[0.1415],
        [0.2234],
        [0.2388],
        ...,
        [0.1949],
        [0.3383],
        [0.2321]], device='cuda:0', grad_fn=<MmBackward0>)
tensor([[0.1016],
        [0.1754],
        [0.1848],
        ...,
        [0.1616],
        [0.1711],
        [0.3794]], device='cuda:0', grad_fn=<MmBackward0>)
tensor([[0.1287],
        [0.1963],
        [0.1874],
        ...,
        [0.2061],
        [0.2562],
        [0.0737]], device='cuda:0', grad_fn=<MmBackward0>)
tensor([[0.2050],
        [0.2919],
        [0.2481],
        ...,
        [0.1045],
        [0.2112],
        [0.2907]], device='cuda:0', grad_fn=<MmBackward0>)
tensor([[0.1742],
        [0.1948],
        [0.2273],
        ...,
        [0.2781],
        [0.1888],
        [0.2387]], device='cuda:0', grad_fn=<MmBackward0>)
tensor([[0.1877],
        [0.2992],
        [0.1699],
        ...,
        [0.2195],
        [0.3162],
        [0.1348]], device='cuda:0', grad_fn=<MmBackward0>)
tensor([[0.1734],
        [0.2339],
        [0.2302],
        ...,
        [0.2891],
        [0.1358],
        [0.2595]], device='cuda:0', grad_fn=<MmBackward0>)
tensor([[0.2995],
        [0.1510],
        [0.1924],
        ...,
        [0.3445],
        [0.2896],
        [0.1805]], device='cuda:0', grad_fn=<MmBackward0>)
tensor([[0.1539],
        [0.1350],
        [0.2477],
        ...,
        [0.2147],
        [0.2781],
        [0.2161]], device='cuda:0', grad_fn=<MmBackward0>)
tensor([[0.2488],
        [0.2626],
        [0.2831],
        ...,
        [0.1996],
        [0.1643],
        [0.1945]], device='cuda:0', grad_fn=<MmBackward0>)
tensor([[0.1109],
        [0.1670],
        [0.1545],
        ...,
        [0.2794],
        [0.1731],
        [0.1555]], device='cuda:0', grad_fn=<MmBackward0>)
tensor([[0.1805],
        [0.2165],
        [0.1064],
        ...,
        [0.1814],
        [0.2962],
        [0.1652]], device='cuda:0', grad_fn=<MmBackward0>)
tensor([[0.2578],
        [0.2183],
        [0.0391],
        ...,
        [0.1465],
        [0.2316],
        [0.2078]], device='cuda:0', grad_fn=<MmBackward0>)
tensor([[0.3069],
        [0.1346],
        [0.2033],
        ...,
        [0.1256],
        [0.1925],
        [0.1961]], device='cuda:0', grad_fn=<MmBackward0>)
tensor([[0.2107],
        [0.2078],
        [0.2754],
        ...,
        [0.2857],
        [0.2272],
        [0.1452]], device='cuda:0', grad_fn=<MmBackward0>)
tensor([[0.2556],
        [0.2469],
        [0.2151],
        ...,
        [0.1995],
        [0.2822],
        [0.2220]], device='cuda:0', grad_fn=<MmBackward0>)
tensor([[0.1635],
        [0.2168],
        [0.2641],
        ...,
        [0.2122],
        [0.2774],
        [0.3150]], device='cuda:0', grad_fn=<MmBackward0>)
tensor([[0.1736],
        [0.2608],
        [0.1738],
        ...,
        [0.2415],
        [0.2331],
        [0.2337]], device='cuda:0', grad_fn=<MmBackward0>)
tensor([[0.1209],
        [0.1905],
        [0.1737],
        ...,
        [0.1183],
        [0.1785],
        [0.2264]], device='cuda:0', grad_fn=<MmBackward0>)
tensor([[0.1791],
        [0.0751],
        [0.2073],
        ...,
        [0.2164],
        [0.3158],
        [0.2356]], device='cuda:0', grad_fn=<MmBackward0>)
tensor([[0.2857],
        [0.1682],
        [0.2096],
        ...,
        [0.2902],
        [0.2558],
        [0.1960]], device='cuda:0', grad_fn=<MmBackward0>)
tensor([[0.2660],
        [0.2735],
        [0.1752],
        ...,
        [0.0996],
        [0.2933],
        [0.2639]], device='cuda:0', grad_fn=<MmBackward0>)
tensor([[0.2707],
        [0.3224],
        [0.3427],
        ...,
        [0.2031],
        [0.3308],
        [0.2547]], device='cuda:0', grad_fn=<MmBackward0>)
tensor([[0.2484],
        [0.2511],
        [0.2669],
        ...,
        [0.2411],
        [0.1913],
        [0.1300]], device='cuda:0', grad_fn=<MmBackward0>)
tensor([[0.1762],
        [0.2005],
        [0.1487],
        ...,
        [0.2466],
        [0.3640],
        [0.1925]], device='cuda:0', grad_fn=<MmBackward0>)
tensor([[0.2174],
        [0.2103],
        [0.1953],
        ...,
        [0.2919],
        [0.1638],
        [0.2983]], device='cuda:0', grad_fn=<MmBackward0>)
tensor([[0.2042],
        [0.2031],
        [0.1993],
        ...,
        [0.3127],
        [0.3206],
        [0.2595]], device='cuda:0', grad_fn=<MmBackward0>)
tensor([[0.2437],
        [0.3031],
        [0.2406],
        ...,
        [0.3030],
        [0.2198],
        [0.2101]], device='cuda:0', grad_fn=<MmBackward0>)
tensor([[0.2397],
        [0.1506],
        [0.3251],
        ...,
        [0.2846],
        [0.3046],
        [0.2968]], device='cuda:0', grad_fn=<MmBackward0>)
tensor([[0.2991],
        [0.2931],
        [0.2113],
        ...,
        [0.2459],
        [0.2720],
        [0.0825]], device='cuda:0', grad_fn=<MmBackward0>)
tensor([[0.1875],
        [0.1457],
        [0.1533],
        ...,
        [0.3152],
        [0.2094],
        [0.2228]], device='cuda:0', grad_fn=<MmBackward0>)
tensor([[0.3079],
        [0.1341],
        [0.2446],
        ...,
        [0.2864],
        [0.1815],
        [0.3282]], device='cuda:0', grad_fn=<MmBackward0>)
tensor([[0.2434],
        [0.2379],
        [0.2254],
        ...,
        [0.1526],
        [0.2087],
        [0.2280]], device='cuda:0', grad_fn=<MmBackward0>)
tensor([[0.2783],
        [0.2582],
        [0.2232],
        ...,
        [0.1843],
        [0.3235],
        [0.2715]], device='cuda:0', grad_fn=<MmBackward0>)
tensor([[0.2824],
        [0.1502],
        [0.2557],
        ...,
        [0.2159],
        [0.2252],
        [0.1695]], device='cuda:0', grad_fn=<MmBackward0>)
tensor([[0.1906],
        [0.1411],
        [0.2489],
        ...,
        [0.3051],
        [0.1890],
        [0.2034]], device='cuda:0', grad_fn=<MmBackward0>)
tensor([[0.2547],
        [0.0635],
        [0.2426],
        ...,
        [0.3570],
        [0.2163],
        [0.2867]], device='cuda:0', grad_fn=<MmBackward0>)
tensor([[0.1758],
        [0.1206],
        [0.1875],
        ...,
        [0.2041],
        [0.2592],
        [0.1470]], device='cuda:0', grad_fn=<MmBackward0>)
tensor([[0.2903],
        [0.1405],
        [0.1568],
        ...,
        [0.1971],
        [0.3093],
        [0.2892]], device='cuda:0', grad_fn=<MmBackward0>)
tensor([[0.1645],
        [0.2110],
        [0.1370],
        ...,
        [0.2487],
        [0.2206],
        [0.2164]], device='cuda:0', grad_fn=<MmBackward0>)
tensor([[0.3343],
        [0.2070],
        [0.2322],
        ...,
        [0.2509],
        [0.1602],
        [0.2600]], device='cuda:0', grad_fn=<MmBackward0>)
tensor([[0.1635],
        [0.1449],
        [0.1933],
        ...,
        [0.2241],
        [0.2609],
        [0.2361]], device='cuda:0', grad_fn=<MmBackward0>)
tensor([[0.2086],
        [0.2306],
        [0.2719],
        ...,
        [0.1753],
        [0.2826],
        [0.1779]], device='cuda:0', grad_fn=<MmBackward0>)
tensor([[0.1707],
        [0.1737],
        [0.1761],
        ...,
        [0.3146],
        [0.2828],
        [0.3317]], device='cuda:0', grad_fn=<MmBackward0>)
tensor([[0.3285],
        [0.1689],
        [0.2018],
        ...,
        [0.2133],
        [0.0961],
        [0.2699]], device='cuda:0', grad_fn=<MmBackward0>)
tensor([[0.1165],
        [0.1701],
        [0.1942],
        ...,
        [0.3027],
        [0.2591],
        [0.1581]], device='cuda:0', grad_fn=<MmBackward0>)
tensor([[0.2450],
        [0.2716],
        [0.1942],
        ...,
        [0.3098],
        [0.3039],
        [0.1846]], device='cuda:0', grad_fn=<MmBackward0>)
tensor([[0.2395],
        [0.1746],
        [0.2123],
        ...,
        [0.3195],
        [0.1801],
        [0.2064]], device='cuda:0', grad_fn=<MmBackward0>)
tensor([[0.0922],
        [0.1837],
        [0.0682],
        ...,
        [0.1609],
        [0.3175],
        [0.3391]], device='cuda:0', grad_fn=<MmBackward0>)
tensor([[0.2109],
        [0.2451],
        [0.1600],
        ...,
        [0.2480],
        [0.1975],
        [0.1985]], device='cuda:0', grad_fn=<MmBackward0>)
tensor([[0.1863],
        [0.2484],
        [0.1728],
        ...,
        [0.3396],
        [0.2724],
        [0.2135]], device='cuda:0', grad_fn=<MmBackward0>)
tensor([[0.0694],
        [0.2581],
        [0.2142],
        ...,
        [0.2135],
        [0.2571],
        [0.2338]], device='cuda:0', grad_fn=<MmBackward0>)
tensor([[0.2436],
        [0.3202],
        [0.2022],
        ...,
        [0.2391],
        [0.1989],
        [0.3016]], device='cuda:0', grad_fn=<MmBackward0>)
tensor([[0.2816],
        [0.3645],
        [0.1973],
        ...,
        [0.2461],
        [0.2669],
        [0.1827]], device='cuda:0', grad_fn=<MmBackward0>)
tensor([[0.1665],
        [0.2989],
        [0.1973],
        ...,
        [0.2017],
        [0.2733],
        [0.2452]], device='cuda:0', grad_fn=<MmBackward0>)
tensor([[0.3239],
        [0.2529],
        [0.2794],
        ...,
        [0.3121],
        [0.2827],
        [0.1149]], device='cuda:0', grad_fn=<MmBackward0>)
tensor([[0.1944],
        [0.1968],
        [0.2735],
        ...,
        [0.1249],
        [0.2952],
        [0.3497]], device='cuda:0', grad_fn=<MmBackward0>)
tensor([[0.2198],
        [0.1564],
        [0.1934],
        ...,
        [0.2804],
        [0.3320],
        [0.1777]], device='cuda:0', grad_fn=<MmBackward0>)
tensor([[0.3214],
        [0.1662],
        [0.1577],
        ...,
        [0.1470],
        [0.1501],
        [0.2370]], device='cuda:0', grad_fn=<MmBackward0>)
tensor([[0.2278],
        [0.2709],
        [0.2007],
        ...,
        [0.2398],
        [0.2556],
        [0.2282]], device='cuda:0', grad_fn=<MmBackward0>)
tensor([[0.1960],
        [0.2444],
        [0.2807],
        ...,
        [0.2213],
        [0.1752],
        [0.1494]], device='cuda:0', grad_fn=<MmBackward0>)
tensor([[0.1902],
        [0.2763],
        [0.2978],
        ...,
        [0.2505],
        [0.2382],
        [0.1302]], device='cuda:0', grad_fn=<MmBackward0>)
tensor([[0.3346],
        [0.3137],
        [0.2837],
        ...,
        [0.2537],
        [0.1487],
        [0.2045]], device='cuda:0', grad_fn=<MmBackward0>)
tensor([[0.2805],
        [0.3410],
        [0.2757],
        ...,
        [0.2372],
        [0.2372],
        [0.1616]], device='cuda:0', grad_fn=<MmBackward0>)
tensor([[0.2092],
        [0.2632],
        [0.2448],
        ...,
        [0.2173],
        [0.2680],
        [0.1503]], device='cuda:0', grad_fn=<MmBackward0>)
tensor([[0.3321],
        [0.1354],
        [0.3120],
        ...,
        [0.2269],
        [0.1846],
        [0.2779]], device='cuda:0', grad_fn=<MmBackward0>)
tensor([[0.1991],
        [0.2148],
        [0.2805],
        ...,
        [0.2772],
        [0.1826],
        [0.2976]], device='cuda:0', grad_fn=<MmBackward0>)
tensor([[0.2288],
        [0.2715],
        [0.2101],
        ...,
        [0.2539],
        [0.2638],
        [0.2047]], device='cuda:0', grad_fn=<MmBackward0>)
tensor([[0.1896],
        [0.2395],
        [0.2357],
        ...,
        [0.2340],
        [0.2659],
        [0.3483]], device='cuda:0', grad_fn=<MmBackward0>)
tensor([[0.2224],
        [0.1623],
        [0.2079],
        ...,
        [0.1125],
        [0.1994],
        [0.1896]], device='cuda:0', grad_fn=<MmBackward0>)
tensor([[0.2070],
        [0.1570],
        [0.0937],
        ...,
        [0.2011],
        [0.2050],
        [0.2679]], device='cuda:0', grad_fn=<MmBackward0>)
tensor([[0.1561],
        [0.2459],
        [0.1237],
        ...,
        [0.2415],
        [0.3474],
        [0.2655]], device='cuda:0', grad_fn=<MmBackward0>)
tensor([[0.1189],
        [0.1707],
        [0.1242],
        ...,
        [0.2645],
        [0.2831],
        [0.2876]], device='cuda:0', grad_fn=<MmBackward0>)
tensor([[0.1728],
        [0.2357],
        [0.2018],
        ...,
        [0.2337],
        [0.2572],
        [0.1983]], device='cuda:0', grad_fn=<MmBackward0>)
tensor([[0.3313],
        [0.2725],
        [0.2275],
        ...,
        [0.2416],
        [0.3124],
        [0.2124]], device='cuda:0', grad_fn=<MmBackward0>)
tensor([[0.2499],
        [0.2708],
        [0.2367],
        ...,
        [0.2987],
        [0.2428],
        [0.1791]], device='cuda:0', grad_fn=<MmBackward0>)
tensor([[0.2077],
        [0.1586],
        [0.0648],
        ...,
        [0.2890],
        [0.2172],
        [0.3302]], device='cuda:0', grad_fn=<MmBackward0>)
tensor([[0.2272],
        [0.2030],
        [0.2763],
        ...,
        [0.1851],
        [0.2952],
        [0.2607]], device='cuda:0', grad_fn=<MmBackward0>)
tensor([[0.1493],
        [0.2091],
        [0.2316],
        ...,
        [0.2303],
        [0.2401],
        [0.1772]], device='cuda:0', grad_fn=<MmBackward0>)
tensor([[0.3161],
        [0.2205],
        [0.2713],
        ...,
        [0.2277],
        [0.1103],
        [0.1643]], device='cuda:0', grad_fn=<MmBackward0>)
tensor([[0.2537],
        [0.1516],
        [0.1814],
        ...,
        [0.2305],
        [0.2591],
        [0.3144]], device='cuda:0', grad_fn=<MmBackward0>)
tensor([[0.1923],
        [0.2913],
        [0.2378],
        ...,
        [0.2857],
        [0.2787],
        [0.2191]], device='cuda:0', grad_fn=<MmBackward0>)
tensor([[0.1283],
        [0.2037],
        [0.2485],
        ...,
        [0.2463],
        [0.1496],
        [0.1667]], device='cuda:0', grad_fn=<MmBackward0>)
tensor([[0.2776],
        [0.2684],
        [0.2502],
        ...,
        [0.2269],
        [0.2122],
        [0.1507]], device='cuda:0', grad_fn=<MmBackward0>)
tensor([[0.3051],
        [0.2292],
        [0.2922],
        ...,
        [0.3127],
        [0.2723],
        [0.2742]], device='cuda:0', grad_fn=<MmBackward0>)
tensor([[0.2483],
        [0.2710],
        [0.1446],
        ...,
        [0.4070],
        [0.1935],
        [0.2186]], device='cuda:0', grad_fn=<MmBackward0>)
tensor([[0.2097],
        [0.2866],
        [0.2971],
        ...,
        [0.1783],
        [0.2251],
        [0.2758]], device='cuda:0', grad_fn=<MmBackward0>)
tensor([[0.2499],
        [0.0962],
        [0.2190],
        ...,
        [0.1804],
        [0.3196],
        [0.2935]], device='cuda:0', grad_fn=<MmBackward0>)
tensor([[0.2980],
        [0.2709],
        [0.2982],
        ...,
        [0.3044],
        [0.3521],
        [0.2569]], device='cuda:0', grad_fn=<MmBackward0>)
tensor([[0.2970],
        [0.2924],
        [0.2948],
        ...,
        [0.2000],
        [0.2252],
        [0.1531]], device='cuda:0', grad_fn=<MmBackward0>)
tensor([[0.2465],
        [0.2075],
        [0.2359],
        ...,
        [0.1378],
        [0.3224],
        [0.2584]], device='cuda:0', grad_fn=<MmBackward0>)
tensor([[0.2812],
        [0.2855],
        [0.3374],
        ...,
        [0.2754],
        [0.1773],
        [0.2986]], device='cuda:0', grad_fn=<MmBackward0>)
tensor([[0.2525],
        [0.1933],
        [0.2354],
        ...,
        [0.2472],
        [0.2734],
        [0.0748]], device='cuda:0', grad_fn=<MmBackward0>)
tensor([[0.3533],
        [0.2321],
        [0.2437],
        ...,
        [0.3420],
        [0.2018],
        [0.1868]], device='cuda:0', grad_fn=<MmBackward0>)
tensor([[0.1533],
        [0.1952],
        [0.2924],
        ...,
        [0.3141],
        [0.2272],
        [0.2532]], device='cuda:0', grad_fn=<MmBackward0>)
tensor([[0.1756],
        [0.1434],
        [0.2740],
        ...,
        [0.3625],
        [0.2605],
        [0.3395]], device='cuda:0', grad_fn=<MmBackward0>)
tensor([[0.2698],
        [0.2183],
        [0.3124],
        ...,
        [0.1538],
        [0.0423],
        [0.3209]], device='cuda:0', grad_fn=<MmBackward0>)
tensor([[0.2656],
        [0.2660],
        [0.2330],
        ...,
        [0.3063],
        [0.3344],
        [0.2559]], device='cuda:0', grad_fn=<MmBackward0>)
tensor([[0.2572],
        [0.2450],
        [0.2485],
        ...,
        [0.2541],
        [0.2681],
        [0.2638]], device='cuda:0', grad_fn=<MmBackward0>)
tensor([[0.3148],
        [0.1577],
        [0.2673],
        ...,
        [0.2860],
        [0.1589],
        [0.2956]], device='cuda:0', grad_fn=<MmBackward0>)
tensor([[0.3417],
        [0.2152],
        [0.2041],
        ...,
        [0.2984],
        [0.2442],
        [0.2228]], device='cuda:0', grad_fn=<MmBackward0>)
tensor([[0.1916],
        [0.2212],
        [0.2113],
        ...,
        [0.2402],
        [0.1659],
        [0.0368]], device='cuda:0', grad_fn=<MmBackward0>)
tensor([[0.2444],
        [0.3444],
        [0.2109],
        ...,
        [0.2290],
        [0.2541],
        [0.2665]], device='cuda:0', grad_fn=<MmBackward0>)
tensor([[0.3307],
        [0.2260],
        [0.2968],
        ...,
        [0.3083],
        [0.2823],
        [0.3683]], device='cuda:0', grad_fn=<MmBackward0>)
tensor([[0.2877],
        [0.2032],
        [0.2331],
        ...,
        [0.2052],
        [0.2240],
        [0.2473]], device='cuda:0', grad_fn=<MmBackward0>)
tensor([[0.3073],
        [0.1193],
        [0.2048],
        ...,
        [0.2227],
        [0.1981],
        [0.3125]], device='cuda:0', grad_fn=<MmBackward0>)
tensor([[0.3337],
        [0.3130],
        [0.2287],
        ...,
        [0.1826],
        [0.1828],
        [0.2383]], device='cuda:0', grad_fn=<MmBackward0>)
tensor([[0.2416],
        [0.2642],
        [0.1539],
        ...,
        [0.2273],
        [0.2632],
        [0.2444]], device='cuda:0', grad_fn=<MmBackward0>)
tensor([[0.2270],
        [0.2059],
        [0.2330],
        ...,
        [0.2607],
        [0.2176],
        [0.2617]], device='cuda:0', grad_fn=<MmBackward0>)
tensor([[0.1502],
        [0.2399],
        [0.2482],
        ...,
        [0.1229],
        [0.2124],
        [0.2423]], device='cuda:0', grad_fn=<MmBackward0>)
tensor([[0.2582],
        [0.1721],
        [0.1490],
        ...,
        [0.2308],
        [0.3031],
        [0.2784]], device='cuda:0', grad_fn=<MmBackward0>)
tensor([[0.1828],
        [0.2520],
        [0.3286],
        ...,
        [0.3125],
        [0.2013],
        [0.3540]], device='cuda:0', grad_fn=<MmBackward0>)
tensor([[0.2528],
        [0.3525],
        [0.2946],
        ...,
        [0.3326],
        [0.2973],
        [0.3063]], device='cuda:0', grad_fn=<MmBackward0>)
tensor([[0.3139],
        [0.1760],
        [0.2995],
        ...,
        [0.2537],
        [0.1978],
        [0.1279]], device='cuda:0', grad_fn=<MmBackward0>)
tensor([[0.2706],
        [0.2994],
        [0.3019],
        ...,
        [0.2319],
        [0.2099],
        [0.2584]], device='cuda:0', grad_fn=<MmBackward0>)
tensor([[0.2375],
        [0.2264],
        [0.1903],
        ...,
        [0.3181],
        [0.3270],
        [0.3298]], device='cuda:0', grad_fn=<MmBackward0>)
tensor([[0.2585],
        [0.1605],
        [0.1964],
        ...,
        [0.2295],
        [0.3293],
        [0.2593]], device='cuda:0', grad_fn=<MmBackward0>)
tensor([[0.2245],
        [0.2664],
        [0.2705],
        ...,
        [0.2915],
        [0.1860],
        [0.2564]], device='cuda:0', grad_fn=<MmBackward0>)
tensor([[0.3108],
        [0.2561],
        [0.1891],
        ...,
        [0.2570],
        [0.1403],
        [0.2813]], device='cuda:0', grad_fn=<MmBackward0>)
tensor([[0.2972],
        [0.1874],
        [0.2145],
        ...,
        [0.2571],
        [0.2794],
        [0.2809]], device='cuda:0', grad_fn=<MmBackward0>)
tensor([[0.2391],
        [0.1941],
        [0.2100],
        ...,
        [0.2781],
        [0.2775],
        [0.2777]], device='cuda:0', grad_fn=<MmBackward0>)
tensor([[0.2288],
        [0.2964],
        [0.1428],
        ...,
        [0.2442],
        [0.0758],
        [0.2811]], device='cuda:0', grad_fn=<MmBackward0>)
tensor([[0.2941],
        [0.3251],
        [0.2017],
        ...,
        [0.2766],
        [0.3195],
        [0.2962]], device='cuda:0', grad_fn=<MmBackward0>)
tensor([[0.2607],
        [0.2402],
        [0.1417],
        ...,
        [0.2967],
        [0.3126],
        [0.2249]], device='cuda:0', grad_fn=<MmBackward0>)
tensor([[0.3279],
        [0.3139],
        [0.2908],
        ...,
        [0.2893],
        [0.3949],
        [0.3175]], device='cuda:0', grad_fn=<MmBackward0>)
tensor([[0.2266],
        [0.1998],
        [0.1853],
        ...,
        [0.1310],
        [0.2676],
        [0.1938]], device='cuda:0', grad_fn=<MmBackward0>)
tensor([[0.2772],
        [0.2593],
        [0.2343],
        ...,
        [0.2511],
        [0.3121],
        [0.1876]], device='cuda:0', grad_fn=<MmBackward0>)
tensor([[0.2369],
        [0.2040],
        [0.1989],
        ...,
        [0.1928],
        [0.2650],
        [0.3019]], device='cuda:0', grad_fn=<MmBackward0>)
tensor([[0.2196],
        [0.3163],
        [0.3093],
        ...,
        [0.2466],
        [0.3115],
        [0.2012]], device='cuda:0', grad_fn=<MmBackward0>)
tensor([[0.3364],
        [0.2688],
        [0.2151],
        ...,
        [0.2032],
        [0.2608],
        [0.1565]], device='cuda:0', grad_fn=<MmBackward0>)
tensor([[0.2942],
        [0.2344],
        [0.1880],
        ...,
        [0.1842],
        [0.2132],
        [0.2724]], device='cuda:0', grad_fn=<MmBackward0>)
tensor([[0.2403],
        [0.2363],
        [0.2679],
        ...,
        [0.2135],
        [0.2731],
        [0.2631]], device='cuda:0', grad_fn=<MmBackward0>)
tensor([[0.3095],
        [0.2854],
        [0.2621],
        ...,
        [0.3064],
        [0.2627],
        [0.3505]], device='cuda:0', grad_fn=<MmBackward0>)
tensor([[0.2640],
        [0.2499],
        [0.2748],
        ...,
        [0.0611],
        [0.2559],
        [0.1844]], device='cuda:0', grad_fn=<MmBackward0>)
tensor([[0.2480],
        [0.2195],
        [0.2823],
        ...,
        [0.2246],
        [0.1985],
        [0.2651]], device='cuda:0', grad_fn=<MmBackward0>)
tensor([[0.2318],
        [0.2048],
        [0.1460],
        ...,
        [0.2848],
        [0.3428],
        [0.1453]], device='cuda:0', grad_fn=<MmBackward0>)
tensor([[0.2188],
        [0.1964],
        [0.2220],
        ...,
        [0.2168],
        [0.2442],
        [0.3207]], device='cuda:0', grad_fn=<MmBackward0>)
tensor([[0.3428],
        [0.2475],
        [0.1976],
        ...,
        [0.2378],
        [0.2248],
        [0.2394]], device='cuda:0', grad_fn=<MmBackward0>)
tensor([[0.1489],
        [0.3004],
        [0.1940],
        ...,
        [0.2878],
        [0.1817],
        [0.1530]], device='cuda:0', grad_fn=<MmBackward0>)
tensor([[0.2332],
        [0.2663],
        [0.1262],
        ...,
        [0.2141],
        [0.2171],
        [0.2347]], device='cuda:0', grad_fn=<MmBackward0>)
tensor([[0.1441],
        [0.1374],
        [0.2224],
        ...,
        [0.2973],
        [0.3130],
        [0.2082]], device='cuda:0', grad_fn=<MmBackward0>)
tensor([[0.3182],
        [0.2738],
        [0.2324],
        ...,
        [0.1780],
        [0.1772],
        [0.3147]], device='cuda:0', grad_fn=<MmBackward0>)
tensor([[0.2778],
        [0.1607],
        [0.2661],
        ...,
        [0.1545],
        [0.3112],
        [0.2394]], device='cuda:0', grad_fn=<MmBackward0>)
tensor([[0.2493],
        [0.2880],
        [0.2244],
        ...,
        [0.2919],
        [0.3615],
        [0.3069]], device='cuda:0', grad_fn=<MmBackward0>)
tensor([[0.2223],
        [0.3174],
        [0.2373],
        ...,
        [0.2641],
        [0.3591],
        [0.3738]], device='cuda:0', grad_fn=<MmBackward0>)
tensor([[0.1714],
        [0.2548],
        [0.2957],
        ...,
        [0.2487],
        [0.2824],
        [0.2617]], device='cuda:0', grad_fn=<MmBackward0>)
tensor([[0.2315],
        [0.1127],
        [0.1388],
        ...,
        [0.2349],
        [0.2737],
        [0.2823]], device='cuda:0', grad_fn=<MmBackward0>)
tensor([[0.2107],
        [0.2750],
        [0.1904],
        ...,
        [0.2637],
        [0.2875],
        [0.3149]], device='cuda:0', grad_fn=<MmBackward0>)
tensor([[0.2105],
        [0.2596],
        [0.2089],
        ...,
        [0.1864],
        [0.2974],
        [0.1906]], device='cuda:0', grad_fn=<MmBackward0>)
tensor([[0.3257],
        [0.2955],
        [0.0928],
        ...,
        [0.2019],
        [0.3086],
        [0.2440]], device='cuda:0', grad_fn=<MmBackward0>)
tensor([[0.3196],
        [0.2960],
        [0.3021],
        ...,
        [0.2179],
        [0.4099],
        [0.3248]], device='cuda:0', grad_fn=<MmBackward0>)
tensor([[0.2453],
        [0.2118],
        [0.2162],
        ...,
        [0.2306],
        [0.3270],
        [0.1647]], device='cuda:0', grad_fn=<MmBackward0>)
tensor([[0.2507],
        [0.1961],
        [0.2838],
        ...,
        [0.1620],
        [0.2658],
        [0.2391]], device='cuda:0', grad_fn=<MmBackward0>)
tensor([[0.1366],
        [0.2228],
        [0.2869],
        ...,
        [0.2396],
        [0.1577],
        [0.1948]], device='cuda:0', grad_fn=<MmBackward0>)
tensor([[0.2586],
        [0.3055],
        [0.2762],
        ...,
        [0.2814],
        [0.2251],
        [0.3273]], device='cuda:0', grad_fn=<MmBackward0>)
tensor([[0.1881],
        [0.2012],
        [0.1842],
        ...,
        [0.1885],
        [0.1391],
        [0.2263]], device='cuda:0', grad_fn=<MmBackward0>)
tensor([[0.2858],
        [0.2480],
        [0.1934],
        ...,
        [0.2569],
        [0.2191],
        [0.2057]], device='cuda:0', grad_fn=<MmBackward0>)
tensor([[0.2267],
        [0.1830],
        [0.2607],
        ...,
        [0.2403],
        [0.2440],
        [0.2615]], device='cuda:0', grad_fn=<MmBackward0>)
tensor([[0.2698],
        [0.3370],
        [0.3157],
        ...,
        [0.2444],
        [0.0807],
        [0.2578]], device='cuda:0', grad_fn=<MmBackward0>)
tensor([[0.2777],
        [0.3246],
        [0.3132],
        ...,
        [0.2514],
        [0.2655],
        [0.1140]], device='cuda:0', grad_fn=<MmBackward0>)
tensor([[0.1866],
        [0.2492],
        [0.1615],
        ...,
        [0.1089],
        [0.1804],
        [0.3053]], device='cuda:0', grad_fn=<MmBackward0>)
tensor([[0.3557],
        [0.3399],
        [0.2837],
        ...,
        [0.3101],
        [0.3017],
        [0.2697]], device='cuda:0', grad_fn=<MmBackward0>)
tensor([[0.2934],
        [0.2248],
        [0.2413],
        ...,
        [0.3094],
        [0.1278],
        [0.2644]], device='cuda:0', grad_fn=<MmBackward0>)
tensor([[0.2248],
        [0.3440],
        [0.3295],
        ...,
        [0.1766],
        [0.2669],
        [0.1841]], device='cuda:0', grad_fn=<MmBackward0>)
tensor([[0.3039],
        [0.2147],
        [0.2135],
        ...,
        [0.2632],
        [0.1604],
        [0.2018]], device='cuda:0', grad_fn=<MmBackward0>)
tensor([[0.2755],
        [0.2081],
        [0.1817],
        ...,
        [0.2851],
        [0.2552],
        [0.3180]], device='cuda:0', grad_fn=<MmBackward0>)
tensor([[0.2312],
        [0.2485],
        [0.2030],
        ...,
        [0.2197],
        [0.2954],
        [0.3016]], device='cuda:0', grad_fn=<MmBackward0>)
tensor([[0.2841],
        [0.2375],
        [0.2777],
        ...,
        [0.1567],
        [0.1828],
        [0.3401]], device='cuda:0', grad_fn=<MmBackward0>)
tensor([[0.2395],
        [0.1154],
        [0.2422],
        ...,
        [0.1441],
        [0.1596],
        [0.1782]], device='cuda:0', grad_fn=<MmBackward0>)
tensor([[0.2156],
        [0.2973],
        [0.1763],
        ...,
        [0.0727],
        [0.2534],
        [0.2787]], device='cuda:0', grad_fn=<MmBackward0>)
tensor([[0.2472],
        [0.2812],
        [0.2590],
        ...,
        [0.2811],
        [0.1900],
        [0.0605]], device='cuda:0', grad_fn=<MmBackward0>)
tensor([[0.3115],
        [0.2790],
        [0.1781],
        ...,
        [0.1758],
        [0.3081],
        [0.2792]], device='cuda:0', grad_fn=<MmBackward0>)
tensor([[0.2805],
        [0.1984],
        [0.2417],
        ...,
        [0.2763],
        [0.1484],
        [0.2367]], device='cuda:0', grad_fn=<MmBackward0>)
tensor([[0.1977],
        [0.3236],
        [0.1512],
        ...,
        [0.2200],
        [0.2059],
        [0.1937]], device='cuda:0', grad_fn=<MmBackward0>)
tensor([[0.3196],
        [0.2310],
        [0.2232],
        ...,
        [0.2847],
        [0.1814],
        [0.1836]], device='cuda:0', grad_fn=<MmBackward0>)
tensor([[0.3119],
        [0.2414],
        [0.2125],
        ...,
        [0.2527],
        [0.2748],
        [0.2313]], device='cuda:0', grad_fn=<MmBackward0>)
tensor([[0.2880],
        [0.2260],
        [0.2561],
        ...,
        [0.2051],
        [0.2268],
        [0.1385]], device='cuda:0', grad_fn=<MmBackward0>)
tensor([[0.2719],
        [0.2343],
        [0.2766],
        ...,
        [0.2127],
        [0.2674],
        [0.2580]], device='cuda:0', grad_fn=<MmBackward0>)
tensor([[0.1787],
        [0.2556],
        [0.2339],
        ...,
        [0.1793],
        [0.2482],
        [0.2058]], device='cuda:0', grad_fn=<MmBackward0>)
tensor([[0.2141],
        [0.2371],
        [0.2223],
        ...,
        [0.2490],
        [0.1928],
        [0.2611]], device='cuda:0', grad_fn=<MmBackward0>)
tensor([[0.2608],
        [0.2096],
        [0.2928],
        ...,
        [0.2880],
        [0.2254],
        [0.2489]], device='cuda:0', grad_fn=<MmBackward0>)
tensor([[0.3471],
        [0.2501],
        [0.2562],
        ...,
        [0.2297],
        [0.2578],
        [0.2870]], device='cuda:0', grad_fn=<MmBackward0>)
tensor([[0.1736],
        [0.3218],
        [0.3099],
        ...,
        [0.2637],
        [0.2707],
        [0.2148]], device='cuda:0', grad_fn=<MmBackward0>)
tensor([[0.2165],
        [0.3117],
        [0.2286],
        ...,
        [0.2755],
        [0.3587],
        [0.2361]], device='cuda:0', grad_fn=<MmBackward0>)
tensor([[0.3022],
        [0.2445],
        [0.2555],
        ...,
        [0.2129],
        [0.2604],
        [0.3346]], device='cuda:0', grad_fn=<MmBackward0>)
tensor([[0.2405],
        [0.1596],
        [0.2439],
        ...,
        [0.3191],
        [0.3017],
        [0.3476]], device='cuda:0', grad_fn=<MmBackward0>)
tensor([[0.2660],
        [0.2502],
        [0.2394],
        ...,
        [0.2134],
        [0.2859],
        [0.3375]], device='cuda:0', grad_fn=<MmBackward0>)
tensor([[0.1809],
        [0.3024],
        [0.2214],
        ...,
        [0.1988],
        [0.3206],
        [0.2630]], device='cuda:0', grad_fn=<MmBackward0>)
tensor([[0.1166],
        [0.2980],
        [0.1892],
        ...,
        [0.2412],
        [0.2535],
        [0.1852]], device='cuda:0', grad_fn=<MmBackward0>)
tensor([[0.3039],
        [0.2798],
        [0.2556],
        ...,
        [0.2094],
        [0.3082],
        [0.3464]], device='cuda:0', grad_fn=<MmBackward0>)
tensor([[0.2648],
        [0.3520],
        [0.2898],
        ...,
        [0.3379],
        [0.3032],
        [0.1357]], device='cuda:0', grad_fn=<MmBackward0>)
tensor([[0.3009],
        [0.1862],
        [0.2524],
        ...,
        [0.2823],
        [0.3159],
        [0.3061]], device='cuda:0', grad_fn=<MmBackward0>)
tensor([[0.1816],
        [0.2497],
        [0.3263],
        ...,
        [0.2310],
        [0.1210],
        [0.2166]], device='cuda:0', grad_fn=<MmBackward0>)
tensor([[0.3000],
        [0.2503],
        [0.2491],
        ...,
        [0.2143],
        [0.2987],
        [0.2631]], device='cuda:0', grad_fn=<MmBackward0>)
tensor([[0.2594],
        [0.1837],
        [0.2033],
        ...,
        [0.2711],
        [0.1845],
        [0.3083]], device='cuda:0', grad_fn=<MmBackward0>)
tensor([[0.2514],
        [0.1667],
        [0.1465],
        ...,
        [0.2973],
        [0.2378],
        [0.2839]], device='cuda:0', grad_fn=<MmBackward0>)
tensor([[0.1349],
        [0.2241],
        [0.2896],
        ...,
        [0.2922],
        [0.2594],
        [0.2836]], device='cuda:0', grad_fn=<MmBackward0>)
tensor([[0.2838],
        [0.2883],
        [0.2906],
        ...,
        [0.2316],
        [0.2258],
        [0.2018]], device='cuda:0', grad_fn=<MmBackward0>)
tensor([[0.2806],
        [0.2604],
        [0.1350],
        ...,
        [0.2614],
        [0.2218],
        [0.2122]], device='cuda:0', grad_fn=<MmBackward0>)
tensor([[0.2221],
        [0.1621],
        [0.2424],
        ...,
        [0.2832],
        [0.3203],
        [0.1872]], device='cuda:0', grad_fn=<MmBackward0>)
tensor([[0.3057],
        [0.1807],
        [0.2343],
        ...,
        [0.1251],
        [0.2407],
        [0.1650]], device='cuda:0', grad_fn=<MmBackward0>)
tensor([[0.2949],
        [0.2367],
        [0.2427],
        ...,
        [0.2182],
        [0.2166],
        [0.2646]], device='cuda:0', grad_fn=<MmBackward0>)
tensor([[0.2440],
        [0.3435],
        [0.2652],
        ...,
        [0.2174],
        [0.1638],
        [0.2243]], device='cuda:0', grad_fn=<MmBackward0>)
tensor([[0.0940],
        [0.1153],
        [0.2289],
        ...,
        [0.1248],
        [0.2927],
        [0.2440]], device='cuda:0', grad_fn=<MmBackward0>)
tensor([[0.3490],
        [0.3652],
        [0.1981],
        ...,
        [0.2683],
        [0.2451],
        [0.2126]], device='cuda:0', grad_fn=<MmBackward0>)
tensor([[0.3046],
        [0.2171],
        [0.2471],
        ...,
        [0.2486],
        [0.2826],
        [0.2678]], device='cuda:0', grad_fn=<MmBackward0>)
tensor([[0.3287],
        [0.2125],
        [0.0066],
        ...,
        [0.2761],
        [0.1982],
        [0.3116]], device='cuda:0', grad_fn=<MmBackward0>)
tensor([[0.3121],
        [0.2911],
        [0.2980],
        ...,
        [0.2940],
        [0.2874],
        [0.2827]], device='cuda:0', grad_fn=<MmBackward0>)
tensor([[0.3168],
        [0.0991],
        [0.2794],
        ...,
        [0.2409],
        [0.2818],
        [0.2279]], device='cuda:0', grad_fn=<MmBackward0>)
tensor([[0.2476],
        [0.0905],
        [0.1638],
        ...,
        [0.2850],
        [0.3312],
        [0.3220]], device='cuda:0', grad_fn=<MmBackward0>)
tensor([[0.1487],
        [0.2379],
        [0.2259],
        ...,
        [0.2141],
        [0.3545],
        [0.2499]], device='cuda:0', grad_fn=<MmBackward0>)
tensor([[0.2148],
        [0.2437],
        [0.1874],
        ...,
        [0.1285],
        [0.1962],
        [0.2479]], device='cuda:0', grad_fn=<MmBackward0>)
tensor([[0.3628],
        [0.1761],
        [0.2416],
        ...,
        [0.1604],
        [0.2218],
        [0.1613]], device='cuda:0', grad_fn=<MmBackward0>)
tensor([[0.2774],
        [0.3038],
        [0.2346],
        ...,
        [0.1363],
        [0.1555],
        [0.2210]], device='cuda:0', grad_fn=<MmBackward0>)
tensor([[0.3485],
        [0.2573],
        [0.1340],
        ...,
        [0.1257],
        [0.1641],
        [0.3234]], device='cuda:0', grad_fn=<MmBackward0>)
tensor([[0.2202],
        [0.2988],
        [0.1836],
        ...,
        [0.2781],
        [0.1841],
        [0.1808]], device='cuda:0', grad_fn=<MmBackward0>)
tensor([[0.2449],
        [0.0897],
        [0.2708],
        ...,
        [0.2153],
        [0.2350],
        [0.1940]], device='cuda:0', grad_fn=<MmBackward0>)
tensor([[0.2574],
        [0.3306],
        [0.2519],
        ...,
        [0.2164],
        [0.3707],
        [0.2770]], device='cuda:0', grad_fn=<MmBackward0>)
tensor([[0.2550],
        [0.2789],
        [0.1636],
        ...,
        [0.2008],
        [0.2515],
        [0.1856]], device='cuda:0', grad_fn=<MmBackward0>)
tensor([[0.2751],
        [0.2943],
        [0.2400],
        ...,
        [0.2647],
        [0.2669],
        [0.2075]], device='cuda:0', grad_fn=<MmBackward0>)
tensor([[0.2778],
        [0.2592],
        [0.1472],
        ...,
        [0.1598],
        [0.1866],
        [0.2545]], device='cuda:0', grad_fn=<MmBackward0>)
tensor([[0.2991],
        [0.1380],
        [0.2268],
        ...,
        [0.2816],
        [0.2840],
        [0.2456]], device='cuda:0', grad_fn=<MmBackward0>)
  0%|          | 0/10 [00:48<?, ?it/s]
tensor([[ 0.1356],
        [ 0.1234],
        [ 0.0390],
        ...,
        [ 0.0979],
        [-0.1138],
        [ 0.0679]], device='cuda:0')
tensor([[0.1236],
        [0.1468],
        [0.1053],
        ...,
        [0.0699],
        [0.0999],
        [0.0701]], device='cuda:0')
tensor([[0.1400],
        [0.1433],
        [0.1026],
        ...,
        [0.1271],
        [0.0008],
        [0.1195]], device='cuda:0')
tensor([[ 0.1121],
        [ 0.0533],
        [ 0.0698],
        ...,
        [ 0.1970],
        [ 0.0710],
        [-0.0175]], device='cuda:0')
tensor([[0.0235],
        [0.0960],
        [0.0737],
        ...,
        [0.0395],
        [0.1744],
        [0.1542]], device='cuda:0')
tensor([[0.1207],
        [0.1577],
        [0.0570],
        ...,
        [0.0168],
        [0.0299],
        [0.1695]], device='cuda:0')
tensor([[0.0367],
        [0.1234],
        [0.1209],
        ...,
        [0.0519],
        [0.0510],
        [0.0841]], device='cuda:0')
tensor([[0.1176],
        [0.0887],
        [0.0840],
        ...,
        [0.0969],
        [0.1011],
        [0.1536]], device='cuda:0')
tensor([[0.0923],
        [0.0976],
        [0.0384],
        ...,
        [0.0854],
        [0.1585],
        [0.0745]], device='cuda:0')
tensor([[ 0.1126],
        [ 0.1429],
        [-0.0544],
        ...,
        [ 0.1438],
        [ 0.0516],
        [ 0.0939]], device='cuda:0')
tensor([[0.0900],
        [0.0911],
        [0.0299],
        ...,
        [0.0792],
        [0.0379],
        [0.1452]], device='cuda:0')
tensor([[0.0625],
        [0.0732],
        [0.1270],
        ...,
        [0.0827],
        [0.0467],
        [0.1915]], device='cuda:0')
tensor([[0.0674],
        [0.0402],
        [0.0668],
        ...,
        [0.1077],
        [0.1448],
        [0.0251]], device='cuda:0')
tensor([[0.1463],
        [0.0426],
        [0.0626],
        ...,
        [0.1842],
        [0.0571],
        [0.1290]], device='cuda:0')
tensor([[-0.0309],
        [-0.0711],
        [-0.0097],
        ...,
        [ 0.0820],
        [ 0.1525],
        [ 0.1481]], device='cuda:0')
tensor([[0.0515],
        [0.1657],
        [0.1146],
        ...,
        [0.0982],
        [0.0453],
        [0.1035]], device='cuda:0')
tensor([[0.0131],
        [0.0852],
        [0.0898],
        ...,
        [0.0976],
        [0.1123],
        [0.1072]], device='cuda:0')
tensor([[0.0347],
        [0.1185],
        [0.0647],
        ...,
        [0.1753],
        [0.1306],
        [0.0722]], device='cuda:0')
tensor([[0.0795],
        [0.0658],
        [0.1110],
        ...,
        [0.0803],
        [0.0972],
        [0.0771]], device='cuda:0')
tensor([[0.0329],
        [0.0380],
        [0.1429],
        ...,
        [0.1147],
        [0.1556],
        [0.1276]], device='cuda:0')
tensor([[0.1102],
        [0.0161],
        [0.0673],
        ...,
        [0.0236],
        [0.0091],
        [0.0601]], device='cuda:0')
tensor([[0.1389],
        [0.0519],
        [0.0851],
        ...,
        [0.0892],
        [0.0989],
        [0.1591]], device='cuda:0')
tensor([[0.1019],
        [0.0892],
        [0.0221],
        ...,
        [0.1275],
        [0.1057],
        [0.1416]], device='cuda:0')
tensor([[0.0791],
        [0.0877],
        [0.1378],
        ...,
        [0.0876],
        [0.0742],
        [0.0533]], device='cuda:0')
tensor([[ 0.1450],
        [-0.0357],
        [ 0.0640],
        ...,
        [ 0.0762],
        [ 0.1379],
        [ 0.0422]], device='cuda:0')
tensor([[ 0.0778],
        [ 0.0765],
        [-0.0159],
        ...,
        [-0.0062],
        [ 0.1121],
        [ 0.1118]], device='cuda:0')
tensor([[0.1468],
        [0.1643],
        [0.0648],
        ...,
        [0.1268],
        [0.1043],
        [0.1009]], device='cuda:0')
tensor([[ 0.0138],
        [ 0.0295],
        [ 0.0498],
        ...,
        [ 0.1322],
        [ 0.0684],
        [-0.0101]], device='cuda:0')
tensor([[0.1167],
        [0.1418],
        [0.1102],
        ...,
        [0.0686],
        [0.0274],
        [0.1138]], device='cuda:0')
tensor([[0.0916],
        [0.0957],
        [0.0556],
        ...,
        [0.0910],
        [0.1538],
        [0.1396]], device='cuda:0')
tensor([[0.1356],
        [0.1234],
        [0.0390],
        ...,
        [0.0907],
        [0.0951],
        [0.1159]], device='cuda:0')
Traceback (most recent call last):
  File "/project/p_gnn001/code/tsp/tsp/train2.py", line 328, in <module>
    main()
  File "/project/p_gnn001/code/tsp/tsp/train2.py", line 321, in main
    val_loss = run(args)
               ^^^^^^^^^
  File "/project/p_gnn001/code/tsp/tsp/train2.py", line 238, in run
    average_corr1 += correlation_matrix(y_pred.cpu(),H.ndata['regret'].cpu())
                                                     ^^^^^^^^^^^^^^^^^^^^^
AttributeError: 'dict' object has no attribute 'cpu'
